2023-04-12 12:08:49,733 INFO org.hibernate.validator.internal.util.Version [background-preinit] HV000001: Hibernate Validator 6.2.5.Final
2023-04-12 12:08:49,809 INFO org.springframework.boot.StartupInfoLogger [restartedMain] Starting ElectronicstoreApplication using Java 17.0.4 on MohitSindhpure with PID 716 (G:\Intellije-WorkSpace\Electronicstore\target\classes started by hp in G:\Intellije-WorkSpace\Electronicstore)
2023-04-12 12:08:49,811 INFO org.springframework.boot.SpringApplication [restartedMain] The following 1 profile is active: "dev"
2023-04-12 12:08:50,138 INFO org.springframework.boot.logging.DeferredLog [restartedMain] Devtools property defaults active! Set 'spring.devtools.add-properties' to 'false' to disable
2023-04-12 12:08:50,139 INFO org.springframework.boot.logging.DeferredLog [restartedMain] For additional web related logging consider setting the 'logging.level.web' property to 'DEBUG'
2023-04-12 12:08:54,764 INFO org.springframework.data.repository.config.RepositoryConfigurationDelegate [restartedMain] Bootstrapping Spring Data JPA repositories in DEFAULT mode.
2023-04-12 12:08:55,159 INFO org.springframework.data.repository.config.RepositoryConfigurationDelegate [restartedMain] Finished Spring Data repository scanning in 315 ms. Found 3 JPA repository interfaces.
2023-04-12 12:08:57,939 INFO org.springframework.boot.web.embedded.tomcat.TomcatWebServer [restartedMain] Tomcat initialized with port(s): 9696 (http)
2023-04-12 12:08:57,969 INFO org.apache.juli.logging.DirectJDKLog [restartedMain] Initializing ProtocolHandler ["http-nio-9696"]
2023-04-12 12:08:57,970 INFO org.apache.juli.logging.DirectJDKLog [restartedMain] Starting service [Tomcat]
2023-04-12 12:08:57,971 INFO org.apache.juli.logging.DirectJDKLog [restartedMain] Starting Servlet engine: [Apache Tomcat/9.0.73]
2023-04-12 12:08:58,196 INFO org.apache.juli.logging.DirectJDKLog [restartedMain] Initializing Spring embedded WebApplicationContext
2023-04-12 12:08:58,197 INFO org.springframework.boot.web.servlet.context.ServletWebServerApplicationContext [restartedMain] Root WebApplicationContext: initialization completed in 8053 ms
2023-04-12 12:08:59,172 INFO org.hibernate.jpa.internal.util.LogHelper [restartedMain] HHH000204: Processing PersistenceUnitInfo [name: default]
2023-04-12 12:08:59,607 INFO org.hibernate.Version [restartedMain] HHH000412: Hibernate ORM core version 5.6.15.Final
2023-04-12 12:09:00,485 INFO org.hibernate.annotations.common.reflection.java.JavaReflectionManager [restartedMain] HCANN000001: Hibernate Commons Annotations {5.1.2.Final}
2023-04-12 12:09:00,888 INFO com.zaxxer.hikari.HikariDataSource [restartedMain] HikariPool-1 - Starting...
2023-04-12 12:09:03,958 INFO com.zaxxer.hikari.HikariDataSource [restartedMain] HikariPool-1 - Start completed.
2023-04-12 12:09:04,316 INFO org.hibernate.dialect.Dialect [restartedMain] HHH000400: Using dialect: org.hibernate.dialect.MySQL8Dialect
2023-04-12 12:09:07,461 INFO org.hibernate.engine.transaction.jta.platform.internal.JtaPlatformInitiator [restartedMain] HHH000490: Using JtaPlatform implementation: [org.hibernate.engine.transaction.jta.platform.internal.NoJtaPlatform]
2023-04-12 12:09:07,502 INFO org.springframework.orm.jpa.AbstractEntityManagerFactoryBean [restartedMain] Initialized JPA EntityManagerFactory for persistence unit 'default'
2023-04-12 12:09:08,924 WARN org.springframework.boot.autoconfigure.orm.jpa.JpaBaseConfiguration$JpaWebConfiguration [restartedMain] spring.jpa.open-in-view is enabled by default. Therefore, database queries may be performed during view rendering. Explicitly configure spring.jpa.open-in-view to disable this warning
2023-04-12 12:09:11,652 INFO org.springframework.boot.devtools.autoconfigure.OptionalLiveReloadServer [restartedMain] LiveReload server is running on port 35729
2023-04-12 12:09:11,666 INFO org.apache.juli.logging.DirectJDKLog [restartedMain] Starting ProtocolHandler ["http-nio-9696"]
2023-04-12 12:09:11,728 INFO org.springframework.boot.web.embedded.tomcat.TomcatWebServer [restartedMain] Tomcat started on port(s): 9696 (http) with context path ''
2023-04-12 12:09:11,739 INFO org.springframework.boot.StartupInfoLogger [restartedMain] Started ElectronicstoreApplication in 24.562 seconds (JVM running for 30.311)
2023-04-12 12:10:02,780 INFO org.apache.juli.logging.DirectJDKLog [http-nio-9696-exec-2] Initializing Spring DispatcherServlet 'dispatcherServlet'
2023-04-12 12:10:02,780 INFO org.springframework.web.servlet.FrameworkServlet [http-nio-9696-exec-2] Initializing Servlet 'dispatcherServlet'
2023-04-12 12:10:02,783 INFO org.springframework.web.servlet.FrameworkServlet [http-nio-9696-exec-2] Completed initialization in 2 ms
2023-04-12 12:10:02,981 INFO com.shruteekatech.electronicstore.controller.UserController [http-nio-9696-exec-2] Initiated request to get all the user details
2023-04-12 12:10:02,982 INFO com.shruteekatech.electronicstore.service.impl.UserServiceimpl [http-nio-9696-exec-2] Initiating dao call to get the All users data 
2023-04-12 12:10:04,047 INFO com.shruteekatech.electronicstore.service.impl.UserServiceimpl [http-nio-9696-exec-2] Completed dao call to get the All users data 
2023-04-12 12:10:04,048 INFO com.shruteekatech.electronicstore.controller.UserController [http-nio-9696-exec-2] Completed request to get all the user details
2023-04-12 12:11:56,191 INFO org.springframework.orm.jpa.AbstractEntityManagerFactoryBean [SpringApplicationShutdownHook] Closing JPA EntityManagerFactory for persistence unit 'default'
2023-04-12 12:11:56,211 INFO com.zaxxer.hikari.HikariDataSource [SpringApplicationShutdownHook] HikariPool-1 - Shutdown initiated...
2023-04-12 12:11:56,389 INFO com.zaxxer.hikari.HikariDataSource [SpringApplicationShutdownHook] HikariPool-1 - Shutdown completed.
