2023-04-13 10:17:33,164 INFO org.springframework.test.context.support.AbstractTestContextBootstrapper [main] Neither @ContextConfiguration nor @ContextHierarchy found for test class [com.shruteekatech.electronicstore.serviceimpltest.UserServiceTest], using SpringBootContextLoader
2023-04-13 10:17:33,185 INFO org.springframework.test.context.support.AbstractContextLoader [main] Could not detect default resource locations for test class [com.shruteekatech.electronicstore.serviceimpltest.UserServiceTest]: no resource found for suffixes {-context.xml, Context.groovy}.
2023-04-13 10:17:33,188 INFO org.springframework.test.context.support.AnnotationConfigContextLoaderUtils [main] Could not detect default configuration classes for test class [com.shruteekatech.electronicstore.serviceimpltest.UserServiceTest]: ServiceTest does not declare any static, non-private, non-final, nested classes annotated with @Configuration.
2023-04-13 10:17:34,375 INFO org.springframework.boot.test.context.SpringBootTestContextBootstrapper [main] Found @SpringBootConfiguration com.shruteekatech.electronicstore.ElectronicstoreApplication for test class com.shruteekatech.electronicstore.serviceimpltest.UserServiceTest
2023-04-13 10:17:35,423 INFO org.springframework.test.context.support.AbstractTestContextBootstrapper [main] Loaded default TestExecutionListener class names from location [META-INF/spring.factories]: [org.springframework.boot.test.mock.mockito.MockitoTestExecutionListener, org.springframework.boot.test.mock.mockito.ResetMocksTestExecutionListener, org.springframework.boot.test.autoconfigure.restdocs.RestDocsTestExecutionListener, org.springframework.boot.test.autoconfigure.web.client.MockRestServiceServerResetTestExecutionListener, org.springframework.boot.test.autoconfigure.web.servlet.MockMvcPrintOnlyOnFailureTestExecutionListener, org.springframework.boot.test.autoconfigure.web.servlet.WebDriverTestExecutionListener, org.springframework.boot.test.autoconfigure.webservices.client.MockWebServiceServerTestExecutionListener, org.springframework.test.context.web.ServletTestExecutionListener, org.springframework.test.context.support.DirtiesContextBeforeModesTestExecutionListener, org.springframework.test.context.event.ApplicationEventsTestExecutionListener, org.springframework.test.context.support.DependencyInjectionTestExecutionListener, org.springframework.test.context.support.DirtiesContextTestExecutionListener, org.springframework.test.context.transaction.TransactionalTestExecutionListener, org.springframework.test.context.jdbc.SqlScriptsTestExecutionListener, org.springframework.test.context.event.EventPublishingTestExecutionListener]
2023-04-13 10:17:35,604 INFO org.springframework.test.context.support.AbstractTestContextBootstrapper [main] Using TestExecutionListeners: [org.springframework.test.context.web.ServletTestExecutionListener@31e4bb20, org.springframework.test.context.support.DirtiesContextBeforeModesTestExecutionListener@18cebaa5, org.springframework.test.context.event.ApplicationEventsTestExecutionListener@463b4ac8, org.springframework.boot.test.mock.mockito.MockitoTestExecutionListener@765f05af, org.springframework.boot.test.autoconfigure.SpringBootDependencyInjectionTestExecutionListener@62f68dff, org.springframework.test.context.support.DirtiesContextTestExecutionListener@f001896, org.springframework.test.context.transaction.TransactionalTestExecutionListener@13f17eb4, org.springframework.test.context.jdbc.SqlScriptsTestExecutionListener@1d0d6318, org.springframework.test.context.event.EventPublishingTestExecutionListener@4bc28c33, org.springframework.boot.test.mock.mockito.ResetMocksTestExecutionListener@4409e975, org.springframework.boot.test.autoconfigure.restdocs.RestDocsTestExecutionListener@5c153b9e, org.springframework.boot.test.autoconfigure.web.client.MockRestServiceServerResetTestExecutionListener@2a7686a7, org.springframework.boot.test.autoconfigure.web.servlet.MockMvcPrintOnlyOnFailureTestExecutionListener@758a34ce, org.springframework.boot.test.autoconfigure.web.servlet.WebDriverTestExecutionListener@7ec3394b, org.springframework.boot.test.autoconfigure.webservices.client.MockWebServiceServerTestExecutionListener@bff34c6]
2023-04-13 10:17:38,550 INFO org.hibernate.validator.internal.util.Version [background-preinit] HV000001: Hibernate Validator 6.2.5.Final
2023-04-13 10:17:38,573 INFO org.springframework.boot.StartupInfoLogger [main] Starting ServiceTest using Java 17.0.4 on MohitSindhpure with PID 8288 (started by hp in G:\Intellije-WorkSpace\Electronicstore)
2023-04-13 10:17:38,576 INFO org.springframework.boot.SpringApplication [main] The following 1 profile is active: "dev"
2023-04-13 10:17:42,183 INFO org.springframework.data.repository.config.RepositoryConfigurationDelegate [main] Bootstrapping Spring Data JPA repositories in DEFAULT mode.
2023-04-13 10:17:42,692 INFO org.springframework.data.repository.config.RepositoryConfigurationDelegate [main] Finished Spring Data repository scanning in 419 ms. Found 3 JPA repository interfaces.
2023-04-13 10:17:47,952 INFO org.hibernate.jpa.internal.util.LogHelper [main] HHH000204: Processing PersistenceUnitInfo [name: default]
2023-04-13 10:17:48,390 INFO org.hibernate.Version [main] HHH000412: Hibernate ORM core version 5.6.15.Final
2023-04-13 10:17:48,615 INFO org.hibernate.annotations.common.reflection.java.JavaReflectionManager [main] HCANN000001: Hibernate Commons Annotations {5.1.2.Final}
2023-04-13 10:17:49,291 INFO com.zaxxer.hikari.HikariDataSource [main] HikariPool-1 - Starting...
2023-04-13 10:17:51,220 INFO com.zaxxer.hikari.HikariDataSource [main] HikariPool-1 - Start completed.
2023-04-13 10:17:51,306 INFO org.hibernate.dialect.Dialect [main] HHH000400: Using dialect: org.hibernate.dialect.MySQL8Dialect
2023-04-13 10:17:54,514 INFO org.hibernate.engine.transaction.jta.platform.internal.JtaPlatformInitiator [main] HHH000490: Using JtaPlatform implementation: [org.hibernate.engine.transaction.jta.platform.internal.NoJtaPlatform]
2023-04-13 10:17:54,540 INFO org.springframework.orm.jpa.AbstractEntityManagerFactoryBean [main] Initialized JPA EntityManagerFactory for persistence unit 'default'
2023-04-13 10:17:57,221 WARN org.springframework.boot.autoconfigure.orm.jpa.JpaBaseConfiguration$JpaWebConfiguration [main] spring.jpa.open-in-view is enabled by default. Therefore, database queries may be performed during view rendering. Explicitly configure spring.jpa.open-in-view to disable this warning
2023-04-13 10:17:58,956 INFO org.springframework.boot.StartupInfoLogger [main] Started ServiceTest in 22.957 seconds (JVM running for 30.637)
2023-04-13 10:17:59,379 INFO com.shruteekatech.electronicstore.service.impl.UserServiceimpl [main] Initiating dao call to Save the user data
2023-04-13 10:17:59,394 INFO com.shruteekatech.electronicstore.service.impl.UserServiceimpl [main] Completed dao call to Save the user data
2023-04-13 10:17:59,493 INFO org.springframework.orm.jpa.AbstractEntityManagerFactoryBean [SpringApplicationShutdownHook] Closing JPA EntityManagerFactory for persistence unit 'default'
2023-04-13 10:17:59,511 INFO com.zaxxer.hikari.HikariDataSource [SpringApplicationShutdownHook] HikariPool-1 - Shutdown initiated...
2023-04-13 10:17:59,642 INFO com.zaxxer.hikari.HikariDataSource [SpringApplicationShutdownHook] HikariPool-1 - Shutdown completed.
2023-04-13 12:03:27,053 INFO org.springframework.test.context.support.AbstractTestContextBootstrapper [main] Neither @ContextConfiguration nor @ContextHierarchy found for test class [com.shruteekatech.electronicstore.serviceimpltest.UserServiceTest], using SpringBootContextLoader
2023-04-13 12:03:27,848 INFO org.springframework.test.context.support.AbstractContextLoader [main] Could not detect default resource locations for test class [com.shruteekatech.electronicstore.serviceimpltest.UserServiceTest]: no resource found for suffixes {-context.xml, Context.groovy}.
2023-04-13 12:03:28,019 INFO org.springframework.test.context.support.AnnotationConfigContextLoaderUtils [main] Could not detect default configuration classes for test class [com.shruteekatech.electronicstore.serviceimpltest.UserServiceTest]: ServiceTest does not declare any static, non-private, non-final, nested classes annotated with @Configuration.
2023-04-13 12:03:32,751 INFO org.springframework.boot.test.context.SpringBootTestContextBootstrapper [main] Found @SpringBootConfiguration com.shruteekatech.electronicstore.ElectronicstoreApplication for test class com.shruteekatech.electronicstore.serviceimpltest.UserServiceTest
2023-04-13 12:03:37,409 INFO org.springframework.test.context.support.AbstractTestContextBootstrapper [main] Loaded default TestExecutionListener class names from location [META-INF/spring.factories]: [org.springframework.boot.test.mock.mockito.MockitoTestExecutionListener, org.springframework.boot.test.mock.mockito.ResetMocksTestExecutionListener, org.springframework.boot.test.autoconfigure.restdocs.RestDocsTestExecutionListener, org.springframework.boot.test.autoconfigure.web.client.MockRestServiceServerResetTestExecutionListener, org.springframework.boot.test.autoconfigure.web.servlet.MockMvcPrintOnlyOnFailureTestExecutionListener, org.springframework.boot.test.autoconfigure.web.servlet.WebDriverTestExecutionListener, org.springframework.boot.test.autoconfigure.webservices.client.MockWebServiceServerTestExecutionListener, org.springframework.test.context.web.ServletTestExecutionListener, org.springframework.test.context.support.DirtiesContextBeforeModesTestExecutionListener, org.springframework.test.context.event.ApplicationEventsTestExecutionListener, org.springframework.test.context.support.DependencyInjectionTestExecutionListener, org.springframework.test.context.support.DirtiesContextTestExecutionListener, org.springframework.test.context.transaction.TransactionalTestExecutionListener, org.springframework.test.context.jdbc.SqlScriptsTestExecutionListener, org.springframework.test.context.event.EventPublishingTestExecutionListener]
2023-04-13 12:03:38,028 INFO org.springframework.test.context.support.AbstractTestContextBootstrapper [main] Using TestExecutionListeners: [org.springframework.test.context.web.ServletTestExecutionListener@6b7906b3, org.springframework.test.context.support.DirtiesContextBeforeModesTestExecutionListener@3a1dd365, org.springframework.test.context.event.ApplicationEventsTestExecutionListener@395b56bb, org.springframework.boot.test.mock.mockito.MockitoTestExecutionListener@256f8274, org.springframework.boot.test.autoconfigure.SpringBootDependencyInjectionTestExecutionListener@68044f4, org.springframework.test.context.support.DirtiesContextTestExecutionListener@52d239ba, org.springframework.test.context.transaction.TransactionalTestExecutionListener@315f43d5, org.springframework.test.context.jdbc.SqlScriptsTestExecutionListener@68fa0ba8, org.springframework.test.context.event.EventPublishingTestExecutionListener@6c5945a7, org.springframework.boot.test.mock.mockito.ResetMocksTestExecutionListener@2f05be7f, org.springframework.boot.test.autoconfigure.restdocs.RestDocsTestExecutionListener@640f11a1, org.springframework.boot.test.autoconfigure.web.client.MockRestServiceServerResetTestExecutionListener@5c10f1c3, org.springframework.boot.test.autoconfigure.web.servlet.MockMvcPrintOnlyOnFailureTestExecutionListener@7ac2e39b, org.springframework.boot.test.autoconfigure.web.servlet.WebDriverTestExecutionListener@78365cfa, org.springframework.boot.test.autoconfigure.webservices.client.MockWebServiceServerTestExecutionListener@64a8c844]
2023-04-13 12:03:42,244 INFO org.hibernate.validator.internal.util.Version [background-preinit] HV000001: Hibernate Validator 6.2.5.Final
2023-04-13 12:03:42,417 INFO org.springframework.boot.StartupInfoLogger [main] Starting ServiceTest using Java 17.0.4 on MohitSindhpure with PID 8612 (started by hp in G:\Intellije-WorkSpace\Electronicstore)
2023-04-13 12:03:42,422 INFO org.springframework.boot.SpringApplication [main] The following 1 profile is active: "dev"
2023-04-13 12:03:59,533 INFO org.springframework.data.repository.config.RepositoryConfigurationDelegate [main] Bootstrapping Spring Data JPA repositories in DEFAULT mode.
2023-04-13 12:04:00,021 INFO org.springframework.data.repository.config.RepositoryConfigurationDelegate [main] Finished Spring Data repository scanning in 318 ms. Found 3 JPA repository interfaces.
2023-04-13 12:04:14,268 INFO org.hibernate.jpa.internal.util.LogHelper [main] HHH000204: Processing PersistenceUnitInfo [name: default]
2023-04-13 12:04:17,799 INFO org.hibernate.Version [main] HHH000412: Hibernate ORM core version 5.6.15.Final
2023-04-13 12:04:18,035 INFO org.hibernate.annotations.common.reflection.java.JavaReflectionManager [main] HCANN000001: Hibernate Commons Annotations {5.1.2.Final}
2023-04-13 12:04:20,106 INFO com.zaxxer.hikari.HikariDataSource [main] HikariPool-1 - Starting...
2023-04-13 12:04:25,486 INFO com.zaxxer.hikari.HikariDataSource [main] HikariPool-1 - Start completed.
2023-04-13 12:04:25,756 INFO org.hibernate.dialect.Dialect [main] HHH000400: Using dialect: org.hibernate.dialect.MySQL8Dialect
2023-04-13 12:04:28,683 INFO org.hibernate.engine.transaction.jta.platform.internal.JtaPlatformInitiator [main] HHH000490: Using JtaPlatform implementation: [org.hibernate.engine.transaction.jta.platform.internal.NoJtaPlatform]
2023-04-13 12:04:28,703 INFO org.springframework.orm.jpa.AbstractEntityManagerFactoryBean [main] Initialized JPA EntityManagerFactory for persistence unit 'default'
2023-04-13 12:04:31,977 WARN org.springframework.boot.autoconfigure.orm.jpa.JpaBaseConfiguration$JpaWebConfiguration [main] spring.jpa.open-in-view is enabled by default. Therefore, database queries may be performed during view rendering. Explicitly configure spring.jpa.open-in-view to disable this warning
2023-04-13 12:04:36,929 INFO org.springframework.boot.StartupInfoLogger [main] Started ServiceTest in 58.289 seconds (JVM running for 81.567)
2023-04-13 12:04:37,967 INFO com.shruteekatech.electronicstore.service.impl.UserServiceimpl [main] Initiating dao call to update the user data with userId:1
2023-04-13 12:04:37,982 INFO com.shruteekatech.electronicstore.service.impl.UserServiceimpl [main] Completed dao call to update the user data with userId:1
2023-04-13 12:04:38,098 INFO org.springframework.orm.jpa.AbstractEntityManagerFactoryBean [SpringApplicationShutdownHook] Closing JPA EntityManagerFactory for persistence unit 'default'
2023-04-13 12:04:38,206 INFO com.zaxxer.hikari.HikariDataSource [SpringApplicationShutdownHook] HikariPool-1 - Shutdown initiated...
2023-04-13 12:04:38,374 INFO com.zaxxer.hikari.HikariDataSource [SpringApplicationShutdownHook] HikariPool-1 - Shutdown completed.
2023-04-13 12:25:30,202 INFO org.springframework.test.context.support.AbstractTestContextBootstrapper [main] Neither @ContextConfiguration nor @ContextHierarchy found for test class [com.shruteekatech.electronicstore.serviceimpltest.UserServiceTest], using SpringBootContextLoader
2023-04-13 12:25:30,246 INFO org.springframework.test.context.support.AbstractContextLoader [main] Could not detect default resource locations for test class [com.shruteekatech.electronicstore.serviceimpltest.UserServiceTest]: no resource found for suffixes {-context.xml, Context.groovy}.
2023-04-13 12:25:30,249 INFO org.springframework.test.context.support.AnnotationConfigContextLoaderUtils [main] Could not detect default configuration classes for test class [com.shruteekatech.electronicstore.serviceimpltest.UserServiceTest]: ServiceTest does not declare any static, non-private, non-final, nested classes annotated with @Configuration.
2023-04-13 12:25:35,687 INFO org.springframework.boot.test.context.SpringBootTestContextBootstrapper [main] Found @SpringBootConfiguration com.shruteekatech.electronicstore.ElectronicstoreApplication for test class com.shruteekatech.electronicstore.serviceimpltest.UserServiceTest
2023-04-13 12:25:38,029 INFO org.springframework.test.context.support.AbstractTestContextBootstrapper [main] Loaded default TestExecutionListener class names from location [META-INF/spring.factories]: [org.springframework.boot.test.mock.mockito.MockitoTestExecutionListener, org.springframework.boot.test.mock.mockito.ResetMocksTestExecutionListener, org.springframework.boot.test.autoconfigure.restdocs.RestDocsTestExecutionListener, org.springframework.boot.test.autoconfigure.web.client.MockRestServiceServerResetTestExecutionListener, org.springframework.boot.test.autoconfigure.web.servlet.MockMvcPrintOnlyOnFailureTestExecutionListener, org.springframework.boot.test.autoconfigure.web.servlet.WebDriverTestExecutionListener, org.springframework.boot.test.autoconfigure.webservices.client.MockWebServiceServerTestExecutionListener, org.springframework.test.context.web.ServletTestExecutionListener, org.springframework.test.context.support.DirtiesContextBeforeModesTestExecutionListener, org.springframework.test.context.event.ApplicationEventsTestExecutionListener, org.springframework.test.context.support.DependencyInjectionTestExecutionListener, org.springframework.test.context.support.DirtiesContextTestExecutionListener, org.springframework.test.context.transaction.TransactionalTestExecutionListener, org.springframework.test.context.jdbc.SqlScriptsTestExecutionListener, org.springframework.test.context.event.EventPublishingTestExecutionListener]
2023-04-13 12:25:39,324 INFO org.springframework.test.context.support.AbstractTestContextBootstrapper [main] Using TestExecutionListeners: [org.springframework.test.context.web.ServletTestExecutionListener@3a1dd365, org.springframework.test.context.support.DirtiesContextBeforeModesTestExecutionListener@395b56bb, org.springframework.test.context.event.ApplicationEventsTestExecutionListener@256f8274, org.springframework.boot.test.mock.mockito.MockitoTestExecutionListener@68044f4, org.springframework.boot.test.autoconfigure.SpringBootDependencyInjectionTestExecutionListener@52d239ba, org.springframework.test.context.support.DirtiesContextTestExecutionListener@315f43d5, org.springframework.test.context.transaction.TransactionalTestExecutionListener@68fa0ba8, org.springframework.test.context.jdbc.SqlScriptsTestExecutionListener@6c5945a7, org.springframework.test.context.event.EventPublishingTestExecutionListener@2f05be7f, org.springframework.boot.test.mock.mockito.ResetMocksTestExecutionListener@640f11a1, org.springframework.boot.test.autoconfigure.restdocs.RestDocsTestExecutionListener@5c10f1c3, org.springframework.boot.test.autoconfigure.web.client.MockRestServiceServerResetTestExecutionListener@7ac2e39b, org.springframework.boot.test.autoconfigure.web.servlet.MockMvcPrintOnlyOnFailureTestExecutionListener@78365cfa, org.springframework.boot.test.autoconfigure.web.servlet.WebDriverTestExecutionListener@64a8c844, org.springframework.boot.test.autoconfigure.webservices.client.MockWebServiceServerTestExecutionListener@3f6db3fb]
2023-04-13 12:25:44,188 INFO org.springframework.boot.StartupInfoLogger [main] Starting ServiceTest using Java 17.0.4 on MohitSindhpure with PID 30884 (started by hp in G:\Intellije-WorkSpace\Electronicstore)
2023-04-13 12:25:44,196 INFO org.springframework.boot.SpringApplication [main] The following 1 profile is active: "dev"
2023-04-13 12:25:44,205 INFO org.hibernate.validator.internal.util.Version [background-preinit] HV000001: Hibernate Validator 6.2.5.Final
2023-04-13 12:26:02,601 INFO org.springframework.data.repository.config.RepositoryConfigurationDelegate [main] Bootstrapping Spring Data JPA repositories in DEFAULT mode.
2023-04-13 12:26:03,064 INFO org.springframework.data.repository.config.RepositoryConfigurationDelegate [main] Finished Spring Data repository scanning in 382 ms. Found 3 JPA repository interfaces.
2023-04-13 12:26:23,711 INFO org.hibernate.jpa.internal.util.LogHelper [main] HHH000204: Processing PersistenceUnitInfo [name: default]
2023-04-13 12:26:25,217 INFO org.hibernate.Version [main] HHH000412: Hibernate ORM core version 5.6.15.Final
2023-04-13 12:26:25,597 INFO org.hibernate.annotations.common.reflection.java.JavaReflectionManager [main] HCANN000001: Hibernate Commons Annotations {5.1.2.Final}
2023-04-13 12:26:28,397 INFO com.zaxxer.hikari.HikariDataSource [main] HikariPool-1 - Starting...
2023-04-13 12:26:38,319 INFO com.zaxxer.hikari.HikariDataSource [main] HikariPool-1 - Start completed.
2023-04-13 12:26:38,615 INFO org.hibernate.dialect.Dialect [main] HHH000400: Using dialect: org.hibernate.dialect.MySQL8Dialect
2023-04-13 12:26:41,065 INFO org.hibernate.engine.transaction.jta.platform.internal.JtaPlatformInitiator [main] HHH000490: Using JtaPlatform implementation: [org.hibernate.engine.transaction.jta.platform.internal.NoJtaPlatform]
2023-04-13 12:26:41,089 INFO org.springframework.orm.jpa.AbstractEntityManagerFactoryBean [main] Initialized JPA EntityManagerFactory for persistence unit 'default'
2023-04-13 12:26:44,410 WARN org.springframework.boot.autoconfigure.orm.jpa.JpaBaseConfiguration$JpaWebConfiguration [main] spring.jpa.open-in-view is enabled by default. Therefore, database queries may be performed during view rendering. Explicitly configure spring.jpa.open-in-view to disable this warning
2023-04-13 12:26:48,242 INFO org.springframework.boot.StartupInfoLogger [main] Started ServiceTest in 68.464 seconds (JVM running for 83.592)
2023-04-13 12:26:50,261 INFO com.shruteekatech.electronicstore.service.impl.UserServiceimpl [main] Initiating dao call to delete the user data with userId:1
2023-04-13 12:26:50,269 INFO com.shruteekatech.electronicstore.service.impl.UserServiceimpl [main] User image not found in folder
2023-04-13 12:26:50,273 INFO com.shruteekatech.electronicstore.service.impl.UserServiceimpl [main] Completed dao call to delete the user data with userId:1
2023-04-13 12:26:50,327 INFO org.springframework.orm.jpa.AbstractEntityManagerFactoryBean [SpringApplicationShutdownHook] Closing JPA EntityManagerFactory for persistence unit 'default'
2023-04-13 12:26:50,542 INFO com.zaxxer.hikari.HikariDataSource [SpringApplicationShutdownHook] HikariPool-1 - Shutdown initiated...
2023-04-13 12:26:50,704 INFO com.zaxxer.hikari.HikariDataSource [SpringApplicationShutdownHook] HikariPool-1 - Shutdown completed.
2023-04-13 13:06:39,846 INFO org.springframework.test.context.support.AbstractTestContextBootstrapper [main] Neither @ContextConfiguration nor @ContextHierarchy found for test class [com.shruteekatech.electronicstore.serviceimpltest.UserServiceTest], using SpringBootContextLoader
2023-04-13 13:06:39,904 INFO org.springframework.test.context.support.AbstractContextLoader [main] Could not detect default resource locations for test class [com.shruteekatech.electronicstore.serviceimpltest.UserServiceTest]: no resource found for suffixes {-context.xml, Context.groovy}.
2023-04-13 13:06:39,906 INFO org.springframework.test.context.support.AnnotationConfigContextLoaderUtils [main] Could not detect default configuration classes for test class [com.shruteekatech.electronicstore.serviceimpltest.UserServiceTest]: ServiceTest does not declare any static, non-private, non-final, nested classes annotated with @Configuration.
2023-04-13 13:06:41,307 INFO org.springframework.boot.test.context.SpringBootTestContextBootstrapper [main] Found @SpringBootConfiguration com.shruteekatech.electronicstore.ElectronicstoreApplication for test class com.shruteekatech.electronicstore.serviceimpltest.UserServiceTest
2023-04-13 13:06:42,005 INFO org.springframework.test.context.support.AbstractTestContextBootstrapper [main] Loaded default TestExecutionListener class names from location [META-INF/spring.factories]: [org.springframework.boot.test.mock.mockito.MockitoTestExecutionListener, org.springframework.boot.test.mock.mockito.ResetMocksTestExecutionListener, org.springframework.boot.test.autoconfigure.restdocs.RestDocsTestExecutionListener, org.springframework.boot.test.autoconfigure.web.client.MockRestServiceServerResetTestExecutionListener, org.springframework.boot.test.autoconfigure.web.servlet.MockMvcPrintOnlyOnFailureTestExecutionListener, org.springframework.boot.test.autoconfigure.web.servlet.WebDriverTestExecutionListener, org.springframework.boot.test.autoconfigure.webservices.client.MockWebServiceServerTestExecutionListener, org.springframework.test.context.web.ServletTestExecutionListener, org.springframework.test.context.support.DirtiesContextBeforeModesTestExecutionListener, org.springframework.test.context.event.ApplicationEventsTestExecutionListener, org.springframework.test.context.support.DependencyInjectionTestExecutionListener, org.springframework.test.context.support.DirtiesContextTestExecutionListener, org.springframework.test.context.transaction.TransactionalTestExecutionListener, org.springframework.test.context.jdbc.SqlScriptsTestExecutionListener, org.springframework.test.context.event.EventPublishingTestExecutionListener]
2023-04-13 13:06:42,278 INFO org.springframework.test.context.support.AbstractTestContextBootstrapper [main] Using TestExecutionListeners: [org.springframework.test.context.web.ServletTestExecutionListener@395b56bb, org.springframework.test.context.support.DirtiesContextBeforeModesTestExecutionListener@256f8274, org.springframework.test.context.event.ApplicationEventsTestExecutionListener@68044f4, org.springframework.boot.test.mock.mockito.MockitoTestExecutionListener@52d239ba, org.springframework.boot.test.autoconfigure.SpringBootDependencyInjectionTestExecutionListener@315f43d5, org.springframework.test.context.support.DirtiesContextTestExecutionListener@68fa0ba8, org.springframework.test.context.transaction.TransactionalTestExecutionListener@6c5945a7, org.springframework.test.context.jdbc.SqlScriptsTestExecutionListener@2f05be7f, org.springframework.test.context.event.EventPublishingTestExecutionListener@640f11a1, org.springframework.boot.test.mock.mockito.ResetMocksTestExecutionListener@5c10f1c3, org.springframework.boot.test.autoconfigure.restdocs.RestDocsTestExecutionListener@7ac2e39b, org.springframework.boot.test.autoconfigure.web.client.MockRestServiceServerResetTestExecutionListener@78365cfa, org.springframework.boot.test.autoconfigure.web.servlet.MockMvcPrintOnlyOnFailureTestExecutionListener@64a8c844, org.springframework.boot.test.autoconfigure.web.servlet.WebDriverTestExecutionListener@3f6db3fb, org.springframework.boot.test.autoconfigure.webservices.client.MockWebServiceServerTestExecutionListener@52de51b6]
2023-04-13 13:06:44,740 INFO org.springframework.boot.StartupInfoLogger [main] Starting ServiceTest using Java 17.0.4 on MohitSindhpure with PID 22156 (started by hp in G:\Intellije-WorkSpace\Electronicstore)
2023-04-13 13:06:44,743 INFO org.springframework.boot.SpringApplication [main] The following 1 profile is active: "dev"
2023-04-13 13:06:44,748 INFO org.hibernate.validator.internal.util.Version [background-preinit] HV000001: Hibernate Validator 6.2.5.Final
2023-04-13 13:06:50,549 INFO org.springframework.data.repository.config.RepositoryConfigurationDelegate [main] Bootstrapping Spring Data JPA repositories in DEFAULT mode.
2023-04-13 13:06:51,307 INFO org.springframework.data.repository.config.RepositoryConfigurationDelegate [main] Finished Spring Data repository scanning in 608 ms. Found 3 JPA repository interfaces.
2023-04-13 13:06:56,617 INFO org.hibernate.jpa.internal.util.LogHelper [main] HHH000204: Processing PersistenceUnitInfo [name: default]
2023-04-13 13:06:56,994 INFO org.hibernate.Version [main] HHH000412: Hibernate ORM core version 5.6.15.Final
2023-04-13 13:06:57,161 INFO org.hibernate.annotations.common.reflection.java.JavaReflectionManager [main] HCANN000001: Hibernate Commons Annotations {5.1.2.Final}
2023-04-13 13:06:58,280 INFO com.zaxxer.hikari.HikariDataSource [main] HikariPool-1 - Starting...
2023-04-13 13:07:01,779 INFO com.zaxxer.hikari.HikariDataSource [main] HikariPool-1 - Start completed.
2023-04-13 13:07:02,098 INFO org.hibernate.dialect.Dialect [main] HHH000400: Using dialect: org.hibernate.dialect.MySQL8Dialect
2023-04-13 13:07:04,614 INFO org.hibernate.engine.transaction.jta.platform.internal.JtaPlatformInitiator [main] HHH000490: Using JtaPlatform implementation: [org.hibernate.engine.transaction.jta.platform.internal.NoJtaPlatform]
2023-04-13 13:07:04,640 INFO org.springframework.orm.jpa.AbstractEntityManagerFactoryBean [main] Initialized JPA EntityManagerFactory for persistence unit 'default'
2023-04-13 13:07:08,437 WARN org.springframework.boot.autoconfigure.orm.jpa.JpaBaseConfiguration$JpaWebConfiguration [main] spring.jpa.open-in-view is enabled by default. Therefore, database queries may be performed during view rendering. Explicitly configure spring.jpa.open-in-view to disable this warning
2023-04-13 13:07:10,281 INFO org.springframework.boot.StartupInfoLogger [main] Started ServiceTest in 27.729 seconds (JVM running for 38.477)
2023-04-13 13:07:10,674 INFO com.shruteekatech.electronicstore.service.impl.UserServiceimpl [main] Initiating dao call to get the All users data 
2023-04-13 13:07:10,919 INFO com.shruteekatech.electronicstore.service.impl.UserServiceimpl [main] Completed dao call to get the All users data 
2023-04-13 13:07:10,997 INFO org.springframework.orm.jpa.AbstractEntityManagerFactoryBean [SpringApplicationShutdownHook] Closing JPA EntityManagerFactory for persistence unit 'default'
2023-04-13 13:07:11,033 INFO com.zaxxer.hikari.HikariDataSource [SpringApplicationShutdownHook] HikariPool-1 - Shutdown initiated...
2023-04-13 13:07:11,064 INFO com.zaxxer.hikari.HikariDataSource [SpringApplicationShutdownHook] HikariPool-1 - Shutdown completed.
2023-04-13 13:11:29,771 INFO org.springframework.test.context.support.AbstractTestContextBootstrapper [main] Neither @ContextConfiguration nor @ContextHierarchy found for test class [com.shruteekatech.electronicstore.serviceimpltest.UserServiceTest], using SpringBootContextLoader
2023-04-13 13:11:29,784 INFO org.springframework.test.context.support.AbstractContextLoader [main] Could not detect default resource locations for test class [com.shruteekatech.electronicstore.serviceimpltest.UserServiceTest]: no resource found for suffixes {-context.xml, Context.groovy}.
2023-04-13 13:11:29,786 INFO org.springframework.test.context.support.AnnotationConfigContextLoaderUtils [main] Could not detect default configuration classes for test class [com.shruteekatech.electronicstore.serviceimpltest.UserServiceTest]: ServiceTest does not declare any static, non-private, non-final, nested classes annotated with @Configuration.
2023-04-13 13:11:29,991 INFO org.springframework.boot.test.context.SpringBootTestContextBootstrapper [main] Found @SpringBootConfiguration com.shruteekatech.electronicstore.ElectronicstoreApplication for test class com.shruteekatech.electronicstore.serviceimpltest.UserServiceTest
2023-04-13 13:11:30,143 INFO org.springframework.test.context.support.AbstractTestContextBootstrapper [main] Loaded default TestExecutionListener class names from location [META-INF/spring.factories]: [org.springframework.boot.test.mock.mockito.MockitoTestExecutionListener, org.springframework.boot.test.mock.mockito.ResetMocksTestExecutionListener, org.springframework.boot.test.autoconfigure.restdocs.RestDocsTestExecutionListener, org.springframework.boot.test.autoconfigure.web.client.MockRestServiceServerResetTestExecutionListener, org.springframework.boot.test.autoconfigure.web.servlet.MockMvcPrintOnlyOnFailureTestExecutionListener, org.springframework.boot.test.autoconfigure.web.servlet.WebDriverTestExecutionListener, org.springframework.boot.test.autoconfigure.webservices.client.MockWebServiceServerTestExecutionListener, org.springframework.test.context.web.ServletTestExecutionListener, org.springframework.test.context.support.DirtiesContextBeforeModesTestExecutionListener, org.springframework.test.context.event.ApplicationEventsTestExecutionListener, org.springframework.test.context.support.DependencyInjectionTestExecutionListener, org.springframework.test.context.support.DirtiesContextTestExecutionListener, org.springframework.test.context.transaction.TransactionalTestExecutionListener, org.springframework.test.context.jdbc.SqlScriptsTestExecutionListener, org.springframework.test.context.event.EventPublishingTestExecutionListener]
2023-04-13 13:11:30,164 INFO org.springframework.test.context.support.AbstractTestContextBootstrapper [main] Using TestExecutionListeners: [org.springframework.test.context.web.ServletTestExecutionListener@54a67a45, org.springframework.test.context.support.DirtiesContextBeforeModesTestExecutionListener@7d42c224, org.springframework.test.context.event.ApplicationEventsTestExecutionListener@56aaaecd, org.springframework.boot.test.mock.mockito.MockitoTestExecutionListener@522a32b1, org.springframework.boot.test.autoconfigure.SpringBootDependencyInjectionTestExecutionListener@35390ee3, org.springframework.test.context.support.DirtiesContextTestExecutionListener@5e01a982, org.springframework.test.context.transaction.TransactionalTestExecutionListener@5ddea849, org.springframework.test.context.jdbc.SqlScriptsTestExecutionListener@5ee2b6f9, org.springframework.test.context.event.EventPublishingTestExecutionListener@23d1e5d0, org.springframework.boot.test.mock.mockito.ResetMocksTestExecutionListener@704f1591, org.springframework.boot.test.autoconfigure.restdocs.RestDocsTestExecutionListener@58fb7731, org.springframework.boot.test.autoconfigure.web.client.MockRestServiceServerResetTestExecutionListener@13e547a9, org.springframework.boot.test.autoconfigure.web.servlet.MockMvcPrintOnlyOnFailureTestExecutionListener@3fb6cf60, org.springframework.boot.test.autoconfigure.web.servlet.WebDriverTestExecutionListener@37ddb69a, org.springframework.boot.test.autoconfigure.webservices.client.MockWebServiceServerTestExecutionListener@349c1daf]
2023-04-13 13:11:30,850 INFO org.springframework.boot.StartupInfoLogger [main] Starting ServiceTest using Java 17.0.4 on MohitSindhpure with PID 9940 (started by hp in G:\Intellije-WorkSpace\Electronicstore)
2023-04-13 13:11:30,852 INFO org.springframework.boot.SpringApplication [main] The following 1 profile is active: "dev"
2023-04-13 13:11:30,871 INFO org.hibernate.validator.internal.util.Version [background-preinit] HV000001: Hibernate Validator 6.2.5.Final
2023-04-13 13:11:31,916 INFO org.springframework.data.repository.config.RepositoryConfigurationDelegate [main] Bootstrapping Spring Data JPA repositories in DEFAULT mode.
2023-04-13 13:11:32,022 INFO org.springframework.data.repository.config.RepositoryConfigurationDelegate [main] Finished Spring Data repository scanning in 93 ms. Found 3 JPA repository interfaces.
2023-04-13 13:11:33,688 INFO org.hibernate.jpa.internal.util.LogHelper [main] HHH000204: Processing PersistenceUnitInfo [name: default]
2023-04-13 13:11:33,781 INFO org.hibernate.Version [main] HHH000412: Hibernate ORM core version 5.6.15.Final
2023-04-13 13:11:33,851 INFO org.hibernate.annotations.common.reflection.java.JavaReflectionManager [main] HCANN000001: Hibernate Commons Annotations {5.1.2.Final}
2023-04-13 13:11:34,063 INFO com.zaxxer.hikari.HikariDataSource [main] HikariPool-1 - Starting...
2023-04-13 13:11:34,549 INFO com.zaxxer.hikari.HikariDataSource [main] HikariPool-1 - Start completed.
2023-04-13 13:11:34,574 INFO org.hibernate.dialect.Dialect [main] HHH000400: Using dialect: org.hibernate.dialect.MySQL8Dialect
2023-04-13 13:11:36,488 INFO org.hibernate.engine.transaction.jta.platform.internal.JtaPlatformInitiator [main] HHH000490: Using JtaPlatform implementation: [org.hibernate.engine.transaction.jta.platform.internal.NoJtaPlatform]
2023-04-13 13:11:36,500 INFO org.springframework.orm.jpa.AbstractEntityManagerFactoryBean [main] Initialized JPA EntityManagerFactory for persistence unit 'default'
2023-04-13 13:11:37,677 WARN org.springframework.boot.autoconfigure.orm.jpa.JpaBaseConfiguration$JpaWebConfiguration [main] spring.jpa.open-in-view is enabled by default. Therefore, database queries may be performed during view rendering. Explicitly configure spring.jpa.open-in-view to disable this warning
2023-04-13 13:11:38,706 INFO org.springframework.boot.StartupInfoLogger [main] Started ServiceTest in 8.47 seconds (JVM running for 10.484)
2023-04-13 13:11:38,797 INFO com.shruteekatech.electronicstore.service.impl.UserServiceimpl [main] Initiating dao call to get the All users data 
2023-04-13 13:11:38,856 INFO com.shruteekatech.electronicstore.service.impl.UserServiceimpl [main] Completed dao call to get the All users data 
2023-04-13 13:11:38,883 INFO com.shruteekatech.electronicstore.service.impl.UserServiceimpl [main] Initiating dao call to Save the user data
2023-04-13 13:11:38,887 INFO com.shruteekatech.electronicstore.service.impl.UserServiceimpl [main] Completed dao call to Save the user data
2023-04-13 13:11:40,032 INFO com.shruteekatech.electronicstore.service.impl.UserServiceimpl [main] Initiating dao call to update the user data with userId:1
2023-04-13 13:11:40,036 INFO com.shruteekatech.electronicstore.service.impl.UserServiceimpl [main] Completed dao call to update the user data with userId:1
2023-04-13 13:11:40,057 INFO com.shruteekatech.electronicstore.service.impl.UserServiceimpl [main] Initiating dao call to delete the user data with userId:1
2023-04-13 13:11:40,060 INFO com.shruteekatech.electronicstore.service.impl.UserServiceimpl [main] User image not found in folder
2023-04-13 13:11:40,065 INFO com.shruteekatech.electronicstore.service.impl.UserServiceimpl [main] Completed dao call to delete the user data with userId:1
2023-04-13 13:11:40,096 INFO org.springframework.orm.jpa.AbstractEntityManagerFactoryBean [SpringApplicationShutdownHook] Closing JPA EntityManagerFactory for persistence unit 'default'
2023-04-13 13:11:40,099 INFO com.zaxxer.hikari.HikariDataSource [SpringApplicationShutdownHook] HikariPool-1 - Shutdown initiated...
2023-04-13 13:11:40,120 INFO com.zaxxer.hikari.HikariDataSource [SpringApplicationShutdownHook] HikariPool-1 - Shutdown completed.
2023-04-13 13:24:00,197 INFO org.springframework.test.context.support.AbstractTestContextBootstrapper [main] Neither @ContextConfiguration nor @ContextHierarchy found for test class [com.shruteekatech.electronicstore.serviceimpltest.UserServiceTest], using SpringBootContextLoader
2023-04-13 13:24:00,207 INFO org.springframework.test.context.support.AbstractContextLoader [main] Could not detect default resource locations for test class [com.shruteekatech.electronicstore.serviceimpltest.UserServiceTest]: no resource found for suffixes {-context.xml, Context.groovy}.
2023-04-13 13:24:00,209 INFO org.springframework.test.context.support.AnnotationConfigContextLoaderUtils [main] Could not detect default configuration classes for test class [com.shruteekatech.electronicstore.serviceimpltest.UserServiceTest]: ServiceTest does not declare any static, non-private, non-final, nested classes annotated with @Configuration.
2023-04-13 13:24:00,363 INFO org.springframework.boot.test.context.SpringBootTestContextBootstrapper [main] Found @SpringBootConfiguration com.shruteekatech.electronicstore.ElectronicstoreApplication for test class com.shruteekatech.electronicstore.serviceimpltest.UserServiceTest
2023-04-13 13:24:00,507 INFO org.springframework.test.context.support.AbstractTestContextBootstrapper [main] Loaded default TestExecutionListener class names from location [META-INF/spring.factories]: [org.springframework.boot.test.mock.mockito.MockitoTestExecutionListener, org.springframework.boot.test.mock.mockito.ResetMocksTestExecutionListener, org.springframework.boot.test.autoconfigure.restdocs.RestDocsTestExecutionListener, org.springframework.boot.test.autoconfigure.web.client.MockRestServiceServerResetTestExecutionListener, org.springframework.boot.test.autoconfigure.web.servlet.MockMvcPrintOnlyOnFailureTestExecutionListener, org.springframework.boot.test.autoconfigure.web.servlet.WebDriverTestExecutionListener, org.springframework.boot.test.autoconfigure.webservices.client.MockWebServiceServerTestExecutionListener, org.springframework.test.context.web.ServletTestExecutionListener, org.springframework.test.context.support.DirtiesContextBeforeModesTestExecutionListener, org.springframework.test.context.event.ApplicationEventsTestExecutionListener, org.springframework.test.context.support.DependencyInjectionTestExecutionListener, org.springframework.test.context.support.DirtiesContextTestExecutionListener, org.springframework.test.context.transaction.TransactionalTestExecutionListener, org.springframework.test.context.jdbc.SqlScriptsTestExecutionListener, org.springframework.test.context.event.EventPublishingTestExecutionListener]
2023-04-13 13:24:00,530 INFO org.springframework.test.context.support.AbstractTestContextBootstrapper [main] Using TestExecutionListeners: [org.springframework.test.context.web.ServletTestExecutionListener@58fb7731, org.springframework.test.context.support.DirtiesContextBeforeModesTestExecutionListener@13e547a9, org.springframework.test.context.event.ApplicationEventsTestExecutionListener@3fb6cf60, org.springframework.boot.test.mock.mockito.MockitoTestExecutionListener@37ddb69a, org.springframework.boot.test.autoconfigure.SpringBootDependencyInjectionTestExecutionListener@349c1daf, org.springframework.test.context.support.DirtiesContextTestExecutionListener@dfddc9a, org.springframework.test.context.transaction.TransactionalTestExecutionListener@4b9df8a, org.springframework.test.context.jdbc.SqlScriptsTestExecutionListener@5e8ac0e1, org.springframework.test.context.event.EventPublishingTestExecutionListener@aafcffa, org.springframework.boot.test.mock.mockito.ResetMocksTestExecutionListener@6955cb39, org.springframework.boot.test.autoconfigure.restdocs.RestDocsTestExecutionListener@235a0c16, org.springframework.boot.test.autoconfigure.web.client.MockRestServiceServerResetTestExecutionListener@2b5f4d54, org.springframework.boot.test.autoconfigure.web.servlet.MockMvcPrintOnlyOnFailureTestExecutionListener@5f7b97da, org.springframework.boot.test.autoconfigure.web.servlet.WebDriverTestExecutionListener@18b0930f, org.springframework.boot.test.autoconfigure.webservices.client.MockWebServiceServerTestExecutionListener@6b7906b3]
2023-04-13 13:24:01,009 INFO org.springframework.boot.StartupInfoLogger [main] Starting ServiceTest using Java 17.0.4 on MohitSindhpure with PID 1820 (started by hp in G:\Intellije-WorkSpace\Electronicstore)
2023-04-13 13:24:01,011 INFO org.springframework.boot.SpringApplication [main] The following 1 profile is active: "dev"
2023-04-13 13:24:01,027 INFO org.hibernate.validator.internal.util.Version [background-preinit] HV000001: Hibernate Validator 6.2.5.Final
2023-04-13 13:24:01,994 INFO org.springframework.data.repository.config.RepositoryConfigurationDelegate [main] Bootstrapping Spring Data JPA repositories in DEFAULT mode.
2023-04-13 13:24:02,096 INFO org.springframework.data.repository.config.RepositoryConfigurationDelegate [main] Finished Spring Data repository scanning in 88 ms. Found 3 JPA repository interfaces.
2023-04-13 13:24:03,504 INFO org.hibernate.jpa.internal.util.LogHelper [main] HHH000204: Processing PersistenceUnitInfo [name: default]
2023-04-13 13:24:03,589 INFO org.hibernate.Version [main] HHH000412: Hibernate ORM core version 5.6.15.Final
2023-04-13 13:24:03,644 INFO org.hibernate.annotations.common.reflection.java.JavaReflectionManager [main] HCANN000001: Hibernate Commons Annotations {5.1.2.Final}
2023-04-13 13:24:03,819 INFO com.zaxxer.hikari.HikariDataSource [main] HikariPool-1 - Starting...
2023-04-13 13:24:05,198 INFO com.zaxxer.hikari.HikariDataSource [main] HikariPool-1 - Start completed.
2023-04-13 13:24:05,220 INFO org.hibernate.dialect.Dialect [main] HHH000400: Using dialect: org.hibernate.dialect.MySQL8Dialect
2023-04-13 13:24:06,284 INFO org.hibernate.engine.transaction.jta.platform.internal.JtaPlatformInitiator [main] HHH000490: Using JtaPlatform implementation: [org.hibernate.engine.transaction.jta.platform.internal.NoJtaPlatform]
2023-04-13 13:24:06,303 INFO org.springframework.orm.jpa.AbstractEntityManagerFactoryBean [main] Initialized JPA EntityManagerFactory for persistence unit 'default'
2023-04-13 13:24:07,226 WARN org.springframework.boot.autoconfigure.orm.jpa.JpaBaseConfiguration$JpaWebConfiguration [main] spring.jpa.open-in-view is enabled by default. Therefore, database queries may be performed during view rendering. Explicitly configure spring.jpa.open-in-view to disable this warning
2023-04-13 13:24:08,113 INFO org.springframework.boot.StartupInfoLogger [main] Started ServiceTest in 7.521 seconds (JVM running for 9.153)
2023-04-13 13:24:08,185 INFO com.shruteekatech.electronicstore.service.impl.UserServiceimpl [main] Initiating dao call to get the single user data with userId:1
2023-04-13 13:24:08,231 INFO com.shruteekatech.electronicstore.service.impl.UserServiceimpl [main] Completed dao call to get the single user data with userId:1
2023-04-13 13:24:08,268 INFO org.springframework.orm.jpa.AbstractEntityManagerFactoryBean [SpringApplicationShutdownHook] Closing JPA EntityManagerFactory for persistence unit 'default'
2023-04-13 13:24:08,271 INFO com.zaxxer.hikari.HikariDataSource [SpringApplicationShutdownHook] HikariPool-1 - Shutdown initiated...
2023-04-13 13:24:08,285 INFO com.zaxxer.hikari.HikariDataSource [SpringApplicationShutdownHook] HikariPool-1 - Shutdown completed.
2023-04-13 13:30:13,270 INFO org.springframework.test.context.support.AbstractTestContextBootstrapper [main] Neither @ContextConfiguration nor @ContextHierarchy found for test class [com.shruteekatech.electronicstore.serviceimpltest.UserServiceTest], using SpringBootContextLoader
2023-04-13 13:30:13,284 INFO org.springframework.test.context.support.AbstractContextLoader [main] Could not detect default resource locations for test class [com.shruteekatech.electronicstore.serviceimpltest.UserServiceTest]: no resource found for suffixes {-context.xml, Context.groovy}.
2023-04-13 13:30:13,285 INFO org.springframework.test.context.support.AnnotationConfigContextLoaderUtils [main] Could not detect default configuration classes for test class [com.shruteekatech.electronicstore.serviceimpltest.UserServiceTest]: ServiceTest does not declare any static, non-private, non-final, nested classes annotated with @Configuration.
2023-04-13 13:30:13,516 INFO org.springframework.boot.test.context.SpringBootTestContextBootstrapper [main] Found @SpringBootConfiguration com.shruteekatech.electronicstore.ElectronicstoreApplication for test class com.shruteekatech.electronicstore.serviceimpltest.UserServiceTest
2023-04-13 13:30:13,687 INFO org.springframework.test.context.support.AbstractTestContextBootstrapper [main] Loaded default TestExecutionListener class names from location [META-INF/spring.factories]: [org.springframework.boot.test.mock.mockito.MockitoTestExecutionListener, org.springframework.boot.test.mock.mockito.ResetMocksTestExecutionListener, org.springframework.boot.test.autoconfigure.restdocs.RestDocsTestExecutionListener, org.springframework.boot.test.autoconfigure.web.client.MockRestServiceServerResetTestExecutionListener, org.springframework.boot.test.autoconfigure.web.servlet.MockMvcPrintOnlyOnFailureTestExecutionListener, org.springframework.boot.test.autoconfigure.web.servlet.WebDriverTestExecutionListener, org.springframework.boot.test.autoconfigure.webservices.client.MockWebServiceServerTestExecutionListener, org.springframework.test.context.web.ServletTestExecutionListener, org.springframework.test.context.support.DirtiesContextBeforeModesTestExecutionListener, org.springframework.test.context.event.ApplicationEventsTestExecutionListener, org.springframework.test.context.support.DependencyInjectionTestExecutionListener, org.springframework.test.context.support.DirtiesContextTestExecutionListener, org.springframework.test.context.transaction.TransactionalTestExecutionListener, org.springframework.test.context.jdbc.SqlScriptsTestExecutionListener, org.springframework.test.context.event.EventPublishingTestExecutionListener]
2023-04-13 13:30:13,710 INFO org.springframework.test.context.support.AbstractTestContextBootstrapper [main] Using TestExecutionListeners: [org.springframework.test.context.web.ServletTestExecutionListener@7d42c224, org.springframework.test.context.support.DirtiesContextBeforeModesTestExecutionListener@56aaaecd, org.springframework.test.context.event.ApplicationEventsTestExecutionListener@522a32b1, org.springframework.boot.test.mock.mockito.MockitoTestExecutionListener@35390ee3, org.springframework.boot.test.autoconfigure.SpringBootDependencyInjectionTestExecutionListener@5e01a982, org.springframework.test.context.support.DirtiesContextTestExecutionListener@5ddea849, org.springframework.test.context.transaction.TransactionalTestExecutionListener@5ee2b6f9, org.springframework.test.context.jdbc.SqlScriptsTestExecutionListener@23d1e5d0, org.springframework.test.context.event.EventPublishingTestExecutionListener@704f1591, org.springframework.boot.test.mock.mockito.ResetMocksTestExecutionListener@58fb7731, org.springframework.boot.test.autoconfigure.restdocs.RestDocsTestExecutionListener@13e547a9, org.springframework.boot.test.autoconfigure.web.client.MockRestServiceServerResetTestExecutionListener@3fb6cf60, org.springframework.boot.test.autoconfigure.web.servlet.MockMvcPrintOnlyOnFailureTestExecutionListener@37ddb69a, org.springframework.boot.test.autoconfigure.web.servlet.WebDriverTestExecutionListener@349c1daf, org.springframework.boot.test.autoconfigure.webservices.client.MockWebServiceServerTestExecutionListener@dfddc9a]
2023-04-13 13:30:14,298 INFO org.springframework.boot.StartupInfoLogger [main] Starting ServiceTest using Java 17.0.4 on MohitSindhpure with PID 6776 (started by hp in G:\Intellije-WorkSpace\Electronicstore)
2023-04-13 13:30:14,301 INFO org.springframework.boot.SpringApplication [main] The following 1 profile is active: "dev"
2023-04-13 13:30:14,328 INFO org.hibernate.validator.internal.util.Version [background-preinit] HV000001: Hibernate Validator 6.2.5.Final
2023-04-13 13:30:15,467 INFO org.springframework.data.repository.config.RepositoryConfigurationDelegate [main] Bootstrapping Spring Data JPA repositories in DEFAULT mode.
2023-04-13 13:30:15,585 INFO org.springframework.data.repository.config.RepositoryConfigurationDelegate [main] Finished Spring Data repository scanning in 105 ms. Found 3 JPA repository interfaces.
2023-04-13 13:30:17,272 INFO org.hibernate.jpa.internal.util.LogHelper [main] HHH000204: Processing PersistenceUnitInfo [name: default]
2023-04-13 13:30:17,379 INFO org.hibernate.Version [main] HHH000412: Hibernate ORM core version 5.6.15.Final
2023-04-13 13:30:17,455 INFO org.hibernate.annotations.common.reflection.java.JavaReflectionManager [main] HCANN000001: Hibernate Commons Annotations {5.1.2.Final}
2023-04-13 13:30:17,741 INFO com.zaxxer.hikari.HikariDataSource [main] HikariPool-1 - Starting...
2023-04-13 13:30:18,222 INFO com.zaxxer.hikari.HikariDataSource [main] HikariPool-1 - Start completed.
2023-04-13 13:30:18,254 INFO org.hibernate.dialect.Dialect [main] HHH000400: Using dialect: org.hibernate.dialect.MySQL8Dialect
2023-04-13 13:30:19,192 INFO org.hibernate.engine.transaction.jta.platform.internal.JtaPlatformInitiator [main] HHH000490: Using JtaPlatform implementation: [org.hibernate.engine.transaction.jta.platform.internal.NoJtaPlatform]
2023-04-13 13:30:19,208 INFO org.springframework.orm.jpa.AbstractEntityManagerFactoryBean [main] Initialized JPA EntityManagerFactory for persistence unit 'default'
2023-04-13 13:30:20,397 WARN org.springframework.boot.autoconfigure.orm.jpa.JpaBaseConfiguration$JpaWebConfiguration [main] spring.jpa.open-in-view is enabled by default. Therefore, database queries may be performed during view rendering. Explicitly configure spring.jpa.open-in-view to disable this warning
2023-04-13 13:30:21,400 INFO org.springframework.boot.StartupInfoLogger [main] Started ServiceTest in 7.609 seconds (JVM running for 9.668)
2023-04-13 13:30:21,490 INFO com.shruteekatech.electronicstore.service.impl.UserServiceimpl [main] Initiating dao call to get the singleuser data with email:mohit@gmail.com
2023-04-13 13:30:21,494 INFO com.shruteekatech.electronicstore.service.impl.UserServiceimpl [main] Completed dao call to get the singleuser data with email:mohit@gmail.com
2023-04-13 13:30:21,589 INFO org.springframework.orm.jpa.AbstractEntityManagerFactoryBean [SpringApplicationShutdownHook] Closing JPA EntityManagerFactory for persistence unit 'default'
2023-04-13 13:30:21,594 INFO com.zaxxer.hikari.HikariDataSource [SpringApplicationShutdownHook] HikariPool-1 - Shutdown initiated...
2023-04-13 13:30:21,618 INFO com.zaxxer.hikari.HikariDataSource [SpringApplicationShutdownHook] HikariPool-1 - Shutdown completed.
2023-04-13 13:30:55,009 INFO org.springframework.test.context.support.AbstractTestContextBootstrapper [main] Neither @ContextConfiguration nor @ContextHierarchy found for test class [com.shruteekatech.electronicstore.serviceimpltest.UserServiceTest], using SpringBootContextLoader
2023-04-13 13:30:55,020 INFO org.springframework.test.context.support.AbstractContextLoader [main] Could not detect default resource locations for test class [com.shruteekatech.electronicstore.serviceimpltest.UserServiceTest]: no resource found for suffixes {-context.xml, Context.groovy}.
2023-04-13 13:30:55,022 INFO org.springframework.test.context.support.AnnotationConfigContextLoaderUtils [main] Could not detect default configuration classes for test class [com.shruteekatech.electronicstore.serviceimpltest.UserServiceTest]: ServiceTest does not declare any static, non-private, non-final, nested classes annotated with @Configuration.
2023-04-13 13:30:55,229 INFO org.springframework.boot.test.context.SpringBootTestContextBootstrapper [main] Found @SpringBootConfiguration com.shruteekatech.electronicstore.ElectronicstoreApplication for test class com.shruteekatech.electronicstore.serviceimpltest.UserServiceTest
2023-04-13 13:30:55,447 INFO org.springframework.test.context.support.AbstractTestContextBootstrapper [main] Loaded default TestExecutionListener class names from location [META-INF/spring.factories]: [org.springframework.boot.test.mock.mockito.MockitoTestExecutionListener, org.springframework.boot.test.mock.mockito.ResetMocksTestExecutionListener, org.springframework.boot.test.autoconfigure.restdocs.RestDocsTestExecutionListener, org.springframework.boot.test.autoconfigure.web.client.MockRestServiceServerResetTestExecutionListener, org.springframework.boot.test.autoconfigure.web.servlet.MockMvcPrintOnlyOnFailureTestExecutionListener, org.springframework.boot.test.autoconfigure.web.servlet.WebDriverTestExecutionListener, org.springframework.boot.test.autoconfigure.webservices.client.MockWebServiceServerTestExecutionListener, org.springframework.test.context.web.ServletTestExecutionListener, org.springframework.test.context.support.DirtiesContextBeforeModesTestExecutionListener, org.springframework.test.context.event.ApplicationEventsTestExecutionListener, org.springframework.test.context.support.DependencyInjectionTestExecutionListener, org.springframework.test.context.support.DirtiesContextTestExecutionListener, org.springframework.test.context.transaction.TransactionalTestExecutionListener, org.springframework.test.context.jdbc.SqlScriptsTestExecutionListener, org.springframework.test.context.event.EventPublishingTestExecutionListener]
2023-04-13 13:30:55,481 INFO org.springframework.test.context.support.AbstractTestContextBootstrapper [main] Using TestExecutionListeners: [org.springframework.test.context.web.ServletTestExecutionListener@2b5f4d54, org.springframework.test.context.support.DirtiesContextBeforeModesTestExecutionListener@5f7b97da, org.springframework.test.context.event.ApplicationEventsTestExecutionListener@18b0930f, org.springframework.boot.test.mock.mockito.MockitoTestExecutionListener@6b7906b3, org.springframework.boot.test.autoconfigure.SpringBootDependencyInjectionTestExecutionListener@3a1dd365, org.springframework.test.context.support.DirtiesContextTestExecutionListener@395b56bb, org.springframework.test.context.transaction.TransactionalTestExecutionListener@256f8274, org.springframework.test.context.jdbc.SqlScriptsTestExecutionListener@68044f4, org.springframework.test.context.event.EventPublishingTestExecutionListener@52d239ba, org.springframework.boot.test.mock.mockito.ResetMocksTestExecutionListener@315f43d5, org.springframework.boot.test.autoconfigure.restdocs.RestDocsTestExecutionListener@68fa0ba8, org.springframework.boot.test.autoconfigure.web.client.MockRestServiceServerResetTestExecutionListener@6c5945a7, org.springframework.boot.test.autoconfigure.web.servlet.MockMvcPrintOnlyOnFailureTestExecutionListener@2f05be7f, org.springframework.boot.test.autoconfigure.web.servlet.WebDriverTestExecutionListener@640f11a1, org.springframework.boot.test.autoconfigure.webservices.client.MockWebServiceServerTestExecutionListener@5c10f1c3]
2023-04-13 13:30:56,100 INFO org.springframework.boot.StartupInfoLogger [main] Starting ServiceTest using Java 17.0.4 on MohitSindhpure with PID 8460 (started by hp in G:\Intellije-WorkSpace\Electronicstore)
2023-04-13 13:30:56,102 INFO org.springframework.boot.SpringApplication [main] The following 1 profile is active: "dev"
2023-04-13 13:30:56,120 INFO org.hibernate.validator.internal.util.Version [background-preinit] HV000001: Hibernate Validator 6.2.5.Final
2023-04-13 13:30:57,252 INFO org.springframework.data.repository.config.RepositoryConfigurationDelegate [main] Bootstrapping Spring Data JPA repositories in DEFAULT mode.
2023-04-13 13:30:57,343 INFO org.springframework.data.repository.config.RepositoryConfigurationDelegate [main] Finished Spring Data repository scanning in 80 ms. Found 3 JPA repository interfaces.
2023-04-13 13:30:58,736 INFO org.hibernate.jpa.internal.util.LogHelper [main] HHH000204: Processing PersistenceUnitInfo [name: default]
2023-04-13 13:30:58,849 INFO org.hibernate.Version [main] HHH000412: Hibernate ORM core version 5.6.15.Final
2023-04-13 13:30:58,922 INFO org.hibernate.annotations.common.reflection.java.JavaReflectionManager [main] HCANN000001: Hibernate Commons Annotations {5.1.2.Final}
2023-04-13 13:30:59,159 INFO com.zaxxer.hikari.HikariDataSource [main] HikariPool-1 - Starting...
2023-04-13 13:30:59,734 INFO com.zaxxer.hikari.HikariDataSource [main] HikariPool-1 - Start completed.
2023-04-13 13:30:59,777 INFO org.hibernate.dialect.Dialect [main] HHH000400: Using dialect: org.hibernate.dialect.MySQL8Dialect
2023-04-13 13:31:00,713 INFO org.hibernate.engine.transaction.jta.platform.internal.JtaPlatformInitiator [main] HHH000490: Using JtaPlatform implementation: [org.hibernate.engine.transaction.jta.platform.internal.NoJtaPlatform]
2023-04-13 13:31:00,730 INFO org.springframework.orm.jpa.AbstractEntityManagerFactoryBean [main] Initialized JPA EntityManagerFactory for persistence unit 'default'
2023-04-13 13:31:01,965 WARN org.springframework.boot.autoconfigure.orm.jpa.JpaBaseConfiguration$JpaWebConfiguration [main] spring.jpa.open-in-view is enabled by default. Therefore, database queries may be performed during view rendering. Explicitly configure spring.jpa.open-in-view to disable this warning
2023-04-13 13:31:03,645 INFO org.springframework.boot.StartupInfoLogger [main] Started ServiceTest in 8.072 seconds (JVM running for 9.777)
2023-04-13 13:31:03,786 INFO com.shruteekatech.electronicstore.service.impl.UserServiceimpl [main] Initiating dao call to get the All users data 
2023-04-13 13:31:03,881 INFO com.shruteekatech.electronicstore.service.impl.UserServiceimpl [main] Completed dao call to get the All users data 
2023-04-13 13:31:03,930 INFO com.shruteekatech.electronicstore.service.impl.UserServiceimpl [main] Initiating dao call to get the singleuser data with email:mohit@gmail.com
2023-04-13 13:31:03,933 INFO com.shruteekatech.electronicstore.service.impl.UserServiceimpl [main] Completed dao call to get the singleuser data with email:mohit@gmail.com
2023-04-13 13:31:03,954 INFO com.shruteekatech.electronicstore.service.impl.UserServiceimpl [main] Initiating dao call to Save the user data
2023-04-13 13:31:03,959 INFO com.shruteekatech.electronicstore.service.impl.UserServiceimpl [main] Completed dao call to Save the user data
2023-04-13 13:31:03,975 INFO com.shruteekatech.electronicstore.service.impl.UserServiceimpl [main] Initiating dao call to update the user data with userId:1
2023-04-13 13:31:03,977 INFO com.shruteekatech.electronicstore.service.impl.UserServiceimpl [main] Completed dao call to update the user data with userId:1
2023-04-13 13:31:03,995 INFO com.shruteekatech.electronicstore.service.impl.UserServiceimpl [main] Initiating dao call to delete the user data with userId:1
2023-04-13 13:31:03,999 INFO com.shruteekatech.electronicstore.service.impl.UserServiceimpl [main] User image not found in folder
2023-04-13 13:31:04,006 INFO com.shruteekatech.electronicstore.service.impl.UserServiceimpl [main] Completed dao call to delete the user data with userId:1
2023-04-13 13:31:04,048 INFO com.shruteekatech.electronicstore.service.impl.UserServiceimpl [main] Initiating dao call to get the single user data with userId:1
2023-04-13 13:31:04,051 INFO com.shruteekatech.electronicstore.service.impl.UserServiceimpl [main] Completed dao call to get the single user data with userId:1
2023-04-13 13:31:04,083 INFO org.springframework.orm.jpa.AbstractEntityManagerFactoryBean [SpringApplicationShutdownHook] Closing JPA EntityManagerFactory for persistence unit 'default'
2023-04-13 13:31:04,088 INFO com.zaxxer.hikari.HikariDataSource [SpringApplicationShutdownHook] HikariPool-1 - Shutdown initiated...
2023-04-13 13:31:04,111 INFO com.zaxxer.hikari.HikariDataSource [SpringApplicationShutdownHook] HikariPool-1 - Shutdown completed.
2023-04-13 13:31:25,485 INFO org.springframework.test.context.support.AbstractTestContextBootstrapper [main] Neither @ContextConfiguration nor @ContextHierarchy found for test class [com.shruteekatech.electronicstore.serviceimpltest.UserServiceTest], using SpringBootContextLoader
2023-04-13 13:31:25,494 INFO org.springframework.test.context.support.AbstractContextLoader [main] Could not detect default resource locations for test class [com.shruteekatech.electronicstore.serviceimpltest.UserServiceTest]: no resource found for suffixes {-context.xml, Context.groovy}.
2023-04-13 13:31:25,496 INFO org.springframework.test.context.support.AnnotationConfigContextLoaderUtils [main] Could not detect default configuration classes for test class [com.shruteekatech.electronicstore.serviceimpltest.UserServiceTest]: ServiceTest does not declare any static, non-private, non-final, nested classes annotated with @Configuration.
2023-04-13 13:31:25,690 INFO org.springframework.boot.test.context.SpringBootTestContextBootstrapper [main] Found @SpringBootConfiguration com.shruteekatech.electronicstore.ElectronicstoreApplication for test class com.shruteekatech.electronicstore.serviceimpltest.UserServiceTest
2023-04-13 13:31:25,901 INFO org.springframework.test.context.support.AbstractTestContextBootstrapper [main] Loaded default TestExecutionListener class names from location [META-INF/spring.factories]: [org.springframework.boot.test.mock.mockito.MockitoTestExecutionListener, org.springframework.boot.test.mock.mockito.ResetMocksTestExecutionListener, org.springframework.boot.test.autoconfigure.restdocs.RestDocsTestExecutionListener, org.springframework.boot.test.autoconfigure.web.client.MockRestServiceServerResetTestExecutionListener, org.springframework.boot.test.autoconfigure.web.servlet.MockMvcPrintOnlyOnFailureTestExecutionListener, org.springframework.boot.test.autoconfigure.web.servlet.WebDriverTestExecutionListener, org.springframework.boot.test.autoconfigure.webservices.client.MockWebServiceServerTestExecutionListener, org.springframework.test.context.web.ServletTestExecutionListener, org.springframework.test.context.support.DirtiesContextBeforeModesTestExecutionListener, org.springframework.test.context.event.ApplicationEventsTestExecutionListener, org.springframework.test.context.support.DependencyInjectionTestExecutionListener, org.springframework.test.context.support.DirtiesContextTestExecutionListener, org.springframework.test.context.transaction.TransactionalTestExecutionListener, org.springframework.test.context.jdbc.SqlScriptsTestExecutionListener, org.springframework.test.context.event.EventPublishingTestExecutionListener]
2023-04-13 13:31:25,926 INFO org.springframework.test.context.support.AbstractTestContextBootstrapper [main] Using TestExecutionListeners: [org.springframework.test.context.web.ServletTestExecutionListener@1951b871, org.springframework.test.context.support.DirtiesContextBeforeModesTestExecutionListener@5c18016b, org.springframework.test.context.event.ApplicationEventsTestExecutionListener@33aeca0b, org.springframework.boot.test.mock.mockito.MockitoTestExecutionListener@43aaf813, org.springframework.boot.test.autoconfigure.SpringBootDependencyInjectionTestExecutionListener@57ac5227, org.springframework.test.context.support.DirtiesContextTestExecutionListener@4ba302e0, org.springframework.test.context.transaction.TransactionalTestExecutionListener@e98770d, org.springframework.test.context.jdbc.SqlScriptsTestExecutionListener@1ae67cad, org.springframework.test.context.event.EventPublishingTestExecutionListener@2f6e28bc, org.springframework.boot.test.mock.mockito.ResetMocksTestExecutionListener@7c098bb3, org.springframework.boot.test.autoconfigure.restdocs.RestDocsTestExecutionListener@31e4bb20, org.springframework.boot.test.autoconfigure.web.client.MockRestServiceServerResetTestExecutionListener@18cebaa5, org.springframework.boot.test.autoconfigure.web.servlet.MockMvcPrintOnlyOnFailureTestExecutionListener@463b4ac8, org.springframework.boot.test.autoconfigure.web.servlet.WebDriverTestExecutionListener@765f05af, org.springframework.boot.test.autoconfigure.webservices.client.MockWebServiceServerTestExecutionListener@62f68dff]
2023-04-13 13:31:26,502 INFO org.springframework.boot.StartupInfoLogger [main] Starting ServiceTest using Java 17.0.4 on MohitSindhpure with PID 22652 (started by hp in G:\Intellije-WorkSpace\Electronicstore)
2023-04-13 13:31:26,504 INFO org.springframework.boot.SpringApplication [main] The following 1 profile is active: "dev"
2023-04-13 13:31:26,524 INFO org.hibernate.validator.internal.util.Version [background-preinit] HV000001: Hibernate Validator 6.2.5.Final
2023-04-13 13:31:27,732 INFO org.springframework.data.repository.config.RepositoryConfigurationDelegate [main] Bootstrapping Spring Data JPA repositories in DEFAULT mode.
2023-04-13 13:31:27,818 INFO org.springframework.data.repository.config.RepositoryConfigurationDelegate [main] Finished Spring Data repository scanning in 75 ms. Found 3 JPA repository interfaces.
2023-04-13 13:31:29,549 INFO org.hibernate.jpa.internal.util.LogHelper [main] HHH000204: Processing PersistenceUnitInfo [name: default]
2023-04-13 13:31:29,650 INFO org.hibernate.Version [main] HHH000412: Hibernate ORM core version 5.6.15.Final
2023-04-13 13:31:29,724 INFO org.hibernate.annotations.common.reflection.java.JavaReflectionManager [main] HCANN000001: Hibernate Commons Annotations {5.1.2.Final}
2023-04-13 13:31:29,988 INFO com.zaxxer.hikari.HikariDataSource [main] HikariPool-1 - Starting...
2023-04-13 13:31:30,720 INFO com.zaxxer.hikari.HikariDataSource [main] HikariPool-1 - Start completed.
2023-04-13 13:31:30,758 INFO org.hibernate.dialect.Dialect [main] HHH000400: Using dialect: org.hibernate.dialect.MySQL8Dialect
2023-04-13 13:31:31,978 INFO org.hibernate.engine.transaction.jta.platform.internal.JtaPlatformInitiator [main] HHH000490: Using JtaPlatform implementation: [org.hibernate.engine.transaction.jta.platform.internal.NoJtaPlatform]
2023-04-13 13:31:31,996 INFO org.springframework.orm.jpa.AbstractEntityManagerFactoryBean [main] Initialized JPA EntityManagerFactory for persistence unit 'default'
2023-04-13 13:31:33,459 WARN org.springframework.boot.autoconfigure.orm.jpa.JpaBaseConfiguration$JpaWebConfiguration [main] spring.jpa.open-in-view is enabled by default. Therefore, database queries may be performed during view rendering. Explicitly configure spring.jpa.open-in-view to disable this warning
2023-04-13 13:31:34,406 INFO org.springframework.boot.StartupInfoLogger [main] Started ServiceTest in 8.401 seconds (JVM running for 10.576)
2023-04-13 13:31:34,491 INFO com.shruteekatech.electronicstore.service.impl.UserServiceimpl [main] Initiating dao call to get the All users data 
2023-04-13 13:31:34,564 INFO com.shruteekatech.electronicstore.service.impl.UserServiceimpl [main] Completed dao call to get the All users data 
2023-04-13 13:31:34,603 INFO com.shruteekatech.electronicstore.service.impl.UserServiceimpl [main] Initiating dao call to get the singleuser data with email:mohit@gmail.com
2023-04-13 13:31:34,605 INFO com.shruteekatech.electronicstore.service.impl.UserServiceimpl [main] Completed dao call to get the singleuser data with email:mohit@gmail.com
2023-04-13 13:31:34,620 INFO com.shruteekatech.electronicstore.service.impl.UserServiceimpl [main] Initiating dao call to Save the user data
2023-04-13 13:31:34,623 INFO com.shruteekatech.electronicstore.service.impl.UserServiceimpl [main] Completed dao call to Save the user data
2023-04-13 13:31:34,633 INFO com.shruteekatech.electronicstore.service.impl.UserServiceimpl [main] Initiating dao call to update the user data with userId:1
2023-04-13 13:31:34,634 INFO com.shruteekatech.electronicstore.service.impl.UserServiceimpl [main] Completed dao call to update the user data with userId:1
2023-04-13 13:31:34,645 INFO com.shruteekatech.electronicstore.service.impl.UserServiceimpl [main] Initiating dao call to delete the user data with userId:1
2023-04-13 13:31:34,647 INFO com.shruteekatech.electronicstore.service.impl.UserServiceimpl [main] User image not found in folder
2023-04-13 13:31:34,652 INFO com.shruteekatech.electronicstore.service.impl.UserServiceimpl [main] Completed dao call to delete the user data with userId:1
2023-04-13 13:31:34,674 INFO com.shruteekatech.electronicstore.service.impl.UserServiceimpl [main] Initiating dao call to get the single user data with userId:1
2023-04-13 13:31:34,675 INFO com.shruteekatech.electronicstore.service.impl.UserServiceimpl [main] Completed dao call to get the single user data with userId:1
2023-04-13 13:31:34,693 INFO org.springframework.orm.jpa.AbstractEntityManagerFactoryBean [SpringApplicationShutdownHook] Closing JPA EntityManagerFactory for persistence unit 'default'
2023-04-13 13:31:34,698 INFO com.zaxxer.hikari.HikariDataSource [SpringApplicationShutdownHook] HikariPool-1 - Shutdown initiated...
2023-04-13 13:31:34,719 INFO com.zaxxer.hikari.HikariDataSource [SpringApplicationShutdownHook] HikariPool-1 - Shutdown completed.
2023-04-13 13:54:17,755 INFO org.springframework.test.context.support.AbstractTestContextBootstrapper [main] Neither @ContextConfiguration nor @ContextHierarchy found for test class [com.shruteekatech.electronicstore.serviceimpltest.UserServiceTest], using SpringBootContextLoader
2023-04-13 13:54:17,765 INFO org.springframework.test.context.support.AbstractContextLoader [main] Could not detect default resource locations for test class [com.shruteekatech.electronicstore.serviceimpltest.UserServiceTest]: no resource found for suffixes {-context.xml, Context.groovy}.
2023-04-13 13:54:17,766 INFO org.springframework.test.context.support.AnnotationConfigContextLoaderUtils [main] Could not detect default configuration classes for test class [com.shruteekatech.electronicstore.serviceimpltest.UserServiceTest]: ServiceTest does not declare any static, non-private, non-final, nested classes annotated with @Configuration.
2023-04-13 13:54:17,942 INFO org.springframework.boot.test.context.SpringBootTestContextBootstrapper [main] Found @SpringBootConfiguration com.shruteekatech.electronicstore.ElectronicstoreApplication for test class com.shruteekatech.electronicstore.serviceimpltest.UserServiceTest
2023-04-13 13:54:18,094 INFO org.springframework.test.context.support.AbstractTestContextBootstrapper [main] Loaded default TestExecutionListener class names from location [META-INF/spring.factories]: [org.springframework.boot.test.mock.mockito.MockitoTestExecutionListener, org.springframework.boot.test.mock.mockito.ResetMocksTestExecutionListener, org.springframework.boot.test.autoconfigure.restdocs.RestDocsTestExecutionListener, org.springframework.boot.test.autoconfigure.web.client.MockRestServiceServerResetTestExecutionListener, org.springframework.boot.test.autoconfigure.web.servlet.MockMvcPrintOnlyOnFailureTestExecutionListener, org.springframework.boot.test.autoconfigure.web.servlet.WebDriverTestExecutionListener, org.springframework.boot.test.autoconfigure.webservices.client.MockWebServiceServerTestExecutionListener, org.springframework.test.context.web.ServletTestExecutionListener, org.springframework.test.context.support.DirtiesContextBeforeModesTestExecutionListener, org.springframework.test.context.event.ApplicationEventsTestExecutionListener, org.springframework.test.context.support.DependencyInjectionTestExecutionListener, org.springframework.test.context.support.DirtiesContextTestExecutionListener, org.springframework.test.context.transaction.TransactionalTestExecutionListener, org.springframework.test.context.jdbc.SqlScriptsTestExecutionListener, org.springframework.test.context.event.EventPublishingTestExecutionListener]
2023-04-13 13:54:18,120 INFO org.springframework.test.context.support.AbstractTestContextBootstrapper [main] Using TestExecutionListeners: [org.springframework.test.context.web.ServletTestExecutionListener@3a1dd365, org.springframework.test.context.support.DirtiesContextBeforeModesTestExecutionListener@395b56bb, org.springframework.test.context.event.ApplicationEventsTestExecutionListener@256f8274, org.springframework.boot.test.mock.mockito.MockitoTestExecutionListener@68044f4, org.springframework.boot.test.autoconfigure.SpringBootDependencyInjectionTestExecutionListener@52d239ba, org.springframework.test.context.support.DirtiesContextTestExecutionListener@315f43d5, org.springframework.test.context.transaction.TransactionalTestExecutionListener@68fa0ba8, org.springframework.test.context.jdbc.SqlScriptsTestExecutionListener@6c5945a7, org.springframework.test.context.event.EventPublishingTestExecutionListener@2f05be7f, org.springframework.boot.test.mock.mockito.ResetMocksTestExecutionListener@640f11a1, org.springframework.boot.test.autoconfigure.restdocs.RestDocsTestExecutionListener@5c10f1c3, org.springframework.boot.test.autoconfigure.web.client.MockRestServiceServerResetTestExecutionListener@7ac2e39b, org.springframework.boot.test.autoconfigure.web.servlet.MockMvcPrintOnlyOnFailureTestExecutionListener@78365cfa, org.springframework.boot.test.autoconfigure.web.servlet.WebDriverTestExecutionListener@64a8c844, org.springframework.boot.test.autoconfigure.webservices.client.MockWebServiceServerTestExecutionListener@3f6db3fb]
2023-04-13 13:54:18,619 INFO org.springframework.boot.StartupInfoLogger [main] Starting ServiceTest using Java 17.0.4 on MohitSindhpure with PID 27396 (started by hp in G:\Intellije-WorkSpace\Electronicstore)
2023-04-13 13:54:18,620 INFO org.springframework.boot.SpringApplication [main] The following 1 profile is active: "dev"
2023-04-13 13:54:18,635 INFO org.hibernate.validator.internal.util.Version [background-preinit] HV000001: Hibernate Validator 6.2.5.Final
2023-04-13 13:54:19,780 INFO org.springframework.data.repository.config.RepositoryConfigurationDelegate [main] Bootstrapping Spring Data JPA repositories in DEFAULT mode.
2023-04-13 13:54:19,897 INFO org.springframework.data.repository.config.RepositoryConfigurationDelegate [main] Finished Spring Data repository scanning in 102 ms. Found 3 JPA repository interfaces.
2023-04-13 13:54:21,511 INFO org.hibernate.jpa.internal.util.LogHelper [main] HHH000204: Processing PersistenceUnitInfo [name: default]
2023-04-13 13:54:21,602 INFO org.hibernate.Version [main] HHH000412: Hibernate ORM core version 5.6.15.Final
2023-04-13 13:54:21,659 INFO org.hibernate.annotations.common.reflection.java.JavaReflectionManager [main] HCANN000001: Hibernate Commons Annotations {5.1.2.Final}
2023-04-13 13:54:21,879 INFO com.zaxxer.hikari.HikariDataSource [main] HikariPool-1 - Starting...
2023-04-13 13:54:22,473 INFO com.zaxxer.hikari.HikariDataSource [main] HikariPool-1 - Start completed.
2023-04-13 13:54:22,517 INFO org.hibernate.dialect.Dialect [main] HHH000400: Using dialect: org.hibernate.dialect.MySQL8Dialect
2023-04-13 13:54:23,488 INFO org.hibernate.engine.transaction.jta.platform.internal.JtaPlatformInitiator [main] HHH000490: Using JtaPlatform implementation: [org.hibernate.engine.transaction.jta.platform.internal.NoJtaPlatform]
2023-04-13 13:54:23,520 INFO org.springframework.orm.jpa.AbstractEntityManagerFactoryBean [main] Initialized JPA EntityManagerFactory for persistence unit 'default'
2023-04-13 13:54:24,692 WARN org.springframework.boot.autoconfigure.orm.jpa.JpaBaseConfiguration$JpaWebConfiguration [main] spring.jpa.open-in-view is enabled by default. Therefore, database queries may be performed during view rendering. Explicitly configure spring.jpa.open-in-view to disable this warning
2023-04-13 13:54:25,645 INFO org.springframework.boot.StartupInfoLogger [main] Started ServiceTest in 7.444 seconds (JVM running for 9.131)
2023-04-13 13:54:25,718 INFO com.shruteekatech.electronicstore.service.impl.UserServiceimpl [main] Initiating dao call to get the users data with keyword:mohit
2023-04-13 13:54:25,767 INFO com.shruteekatech.electronicstore.service.impl.UserServiceimpl [main] completed dao call to get the users data with keyword:mohit
2023-04-13 13:54:25,810 INFO org.springframework.orm.jpa.AbstractEntityManagerFactoryBean [SpringApplicationShutdownHook] Closing JPA EntityManagerFactory for persistence unit 'default'
2023-04-13 13:54:25,813 INFO com.zaxxer.hikari.HikariDataSource [SpringApplicationShutdownHook] HikariPool-1 - Shutdown initiated...
2023-04-13 13:54:25,828 INFO com.zaxxer.hikari.HikariDataSource [SpringApplicationShutdownHook] HikariPool-1 - Shutdown completed.
2023-04-13 13:54:39,158 INFO org.springframework.test.context.support.AbstractTestContextBootstrapper [main] Neither @ContextConfiguration nor @ContextHierarchy found for test class [com.shruteekatech.electronicstore.serviceimpltest.UserServiceTest], using SpringBootContextLoader
2023-04-13 13:54:39,168 INFO org.springframework.test.context.support.AbstractContextLoader [main] Could not detect default resource locations for test class [com.shruteekatech.electronicstore.serviceimpltest.UserServiceTest]: no resource found for suffixes {-context.xml, Context.groovy}.
2023-04-13 13:54:39,170 INFO org.springframework.test.context.support.AnnotationConfigContextLoaderUtils [main] Could not detect default configuration classes for test class [com.shruteekatech.electronicstore.serviceimpltest.UserServiceTest]: ServiceTest does not declare any static, non-private, non-final, nested classes annotated with @Configuration.
2023-04-13 13:54:39,376 INFO org.springframework.boot.test.context.SpringBootTestContextBootstrapper [main] Found @SpringBootConfiguration com.shruteekatech.electronicstore.ElectronicstoreApplication for test class com.shruteekatech.electronicstore.serviceimpltest.UserServiceTest
2023-04-13 13:54:39,540 INFO org.springframework.test.context.support.AbstractTestContextBootstrapper [main] Loaded default TestExecutionListener class names from location [META-INF/spring.factories]: [org.springframework.boot.test.mock.mockito.MockitoTestExecutionListener, org.springframework.boot.test.mock.mockito.ResetMocksTestExecutionListener, org.springframework.boot.test.autoconfigure.restdocs.RestDocsTestExecutionListener, org.springframework.boot.test.autoconfigure.web.client.MockRestServiceServerResetTestExecutionListener, org.springframework.boot.test.autoconfigure.web.servlet.MockMvcPrintOnlyOnFailureTestExecutionListener, org.springframework.boot.test.autoconfigure.web.servlet.WebDriverTestExecutionListener, org.springframework.boot.test.autoconfigure.webservices.client.MockWebServiceServerTestExecutionListener, org.springframework.test.context.web.ServletTestExecutionListener, org.springframework.test.context.support.DirtiesContextBeforeModesTestExecutionListener, org.springframework.test.context.event.ApplicationEventsTestExecutionListener, org.springframework.test.context.support.DependencyInjectionTestExecutionListener, org.springframework.test.context.support.DirtiesContextTestExecutionListener, org.springframework.test.context.transaction.TransactionalTestExecutionListener, org.springframework.test.context.jdbc.SqlScriptsTestExecutionListener, org.springframework.test.context.event.EventPublishingTestExecutionListener]
2023-04-13 13:54:39,566 INFO org.springframework.test.context.support.AbstractTestContextBootstrapper [main] Using TestExecutionListeners: [org.springframework.test.context.web.ServletTestExecutionListener@2f05be7f, org.springframework.test.context.support.DirtiesContextBeforeModesTestExecutionListener@640f11a1, org.springframework.test.context.event.ApplicationEventsTestExecutionListener@5c10f1c3, org.springframework.boot.test.mock.mockito.MockitoTestExecutionListener@7ac2e39b, org.springframework.boot.test.autoconfigure.SpringBootDependencyInjectionTestExecutionListener@78365cfa, org.springframework.test.context.support.DirtiesContextTestExecutionListener@64a8c844, org.springframework.test.context.transaction.TransactionalTestExecutionListener@3f6db3fb, org.springframework.test.context.jdbc.SqlScriptsTestExecutionListener@52de51b6, org.springframework.test.context.event.EventPublishingTestExecutionListener@18c5069b, org.springframework.boot.test.mock.mockito.ResetMocksTestExecutionListener@3a0d172f, org.springframework.boot.test.autoconfigure.restdocs.RestDocsTestExecutionListener@68ad99fe, org.springframework.boot.test.autoconfigure.web.client.MockRestServiceServerResetTestExecutionListener@485e36bc, org.springframework.boot.test.autoconfigure.web.servlet.MockMvcPrintOnlyOnFailureTestExecutionListener@781f10f2, org.springframework.boot.test.autoconfigure.web.servlet.WebDriverTestExecutionListener@2a79d4b1, org.springframework.boot.test.autoconfigure.webservices.client.MockWebServiceServerTestExecutionListener@2e9fda69]
2023-04-13 13:54:40,150 INFO org.springframework.boot.StartupInfoLogger [main] Starting ServiceTest using Java 17.0.4 on MohitSindhpure with PID 4080 (started by hp in G:\Intellije-WorkSpace\Electronicstore)
2023-04-13 13:54:40,155 INFO org.springframework.boot.SpringApplication [main] The following 1 profile is active: "dev"
2023-04-13 13:54:40,179 INFO org.hibernate.validator.internal.util.Version [background-preinit] HV000001: Hibernate Validator 6.2.5.Final
2023-04-13 13:54:41,249 INFO org.springframework.data.repository.config.RepositoryConfigurationDelegate [main] Bootstrapping Spring Data JPA repositories in DEFAULT mode.
2023-04-13 13:54:41,362 INFO org.springframework.data.repository.config.RepositoryConfigurationDelegate [main] Finished Spring Data repository scanning in 95 ms. Found 3 JPA repository interfaces.
2023-04-13 13:54:42,967 INFO org.hibernate.jpa.internal.util.LogHelper [main] HHH000204: Processing PersistenceUnitInfo [name: default]
2023-04-13 13:54:43,066 INFO org.hibernate.Version [main] HHH000412: Hibernate ORM core version 5.6.15.Final
2023-04-13 13:54:43,131 INFO org.hibernate.annotations.common.reflection.java.JavaReflectionManager [main] HCANN000001: Hibernate Commons Annotations {5.1.2.Final}
2023-04-13 13:54:43,346 INFO com.zaxxer.hikari.HikariDataSource [main] HikariPool-1 - Starting...
2023-04-13 13:54:43,843 INFO com.zaxxer.hikari.HikariDataSource [main] HikariPool-1 - Start completed.
2023-04-13 13:54:43,866 INFO org.hibernate.dialect.Dialect [main] HHH000400: Using dialect: org.hibernate.dialect.MySQL8Dialect
2023-04-13 13:54:44,645 INFO org.hibernate.engine.transaction.jta.platform.internal.JtaPlatformInitiator [main] HHH000490: Using JtaPlatform implementation: [org.hibernate.engine.transaction.jta.platform.internal.NoJtaPlatform]
2023-04-13 13:54:44,657 INFO org.springframework.orm.jpa.AbstractEntityManagerFactoryBean [main] Initialized JPA EntityManagerFactory for persistence unit 'default'
2023-04-13 13:54:45,746 WARN org.springframework.boot.autoconfigure.orm.jpa.JpaBaseConfiguration$JpaWebConfiguration [main] spring.jpa.open-in-view is enabled by default. Therefore, database queries may be performed during view rendering. Explicitly configure spring.jpa.open-in-view to disable this warning
2023-04-13 13:54:46,642 INFO org.springframework.boot.StartupInfoLogger [main] Started ServiceTest in 6.986 seconds (JVM running for 8.654)
2023-04-13 13:54:46,732 INFO com.shruteekatech.electronicstore.service.impl.UserServiceimpl [main] Initiating dao call to get the All users data 
2023-04-13 13:54:46,786 INFO com.shruteekatech.electronicstore.service.impl.UserServiceimpl [main] Completed dao call to get the All users data 
2023-04-13 13:54:46,815 INFO com.shruteekatech.electronicstore.service.impl.UserServiceimpl [main] Initiating dao call to get the singleuser data with email:mohit@gmail.com
2023-04-13 13:54:46,818 INFO com.shruteekatech.electronicstore.service.impl.UserServiceimpl [main] Completed dao call to get the singleuser data with email:mohit@gmail.com
2023-04-13 13:54:46,832 INFO com.shruteekatech.electronicstore.service.impl.UserServiceimpl [main] Initiating dao call to Save the user data
2023-04-13 13:54:46,836 INFO com.shruteekatech.electronicstore.service.impl.UserServiceimpl [main] Completed dao call to Save the user data
2023-04-13 13:54:46,846 INFO com.shruteekatech.electronicstore.service.impl.UserServiceimpl [main] Initiating dao call to get the users data with keyword:mohit
2023-04-13 13:54:46,848 INFO com.shruteekatech.electronicstore.service.impl.UserServiceimpl [main] completed dao call to get the users data with keyword:mohit
2023-04-13 13:54:46,860 INFO com.shruteekatech.electronicstore.service.impl.UserServiceimpl [main] Initiating dao call to update the user data with userId:1
2023-04-13 13:54:46,861 INFO com.shruteekatech.electronicstore.service.impl.UserServiceimpl [main] Completed dao call to update the user data with userId:1
2023-04-13 13:54:46,882 INFO com.shruteekatech.electronicstore.service.impl.UserServiceimpl [main] Initiating dao call to delete the user data with userId:1
2023-04-13 13:54:46,884 INFO com.shruteekatech.electronicstore.service.impl.UserServiceimpl [main] User image not found in folder
2023-04-13 13:54:46,889 INFO com.shruteekatech.electronicstore.service.impl.UserServiceimpl [main] Completed dao call to delete the user data with userId:1
2023-04-13 13:54:46,906 INFO com.shruteekatech.electronicstore.service.impl.UserServiceimpl [main] Initiating dao call to get the single user data with userId:1
2023-04-13 13:54:46,908 INFO com.shruteekatech.electronicstore.service.impl.UserServiceimpl [main] Completed dao call to get the single user data with userId:1
2023-04-13 13:54:46,922 INFO org.springframework.orm.jpa.AbstractEntityManagerFactoryBean [SpringApplicationShutdownHook] Closing JPA EntityManagerFactory for persistence unit 'default'
2023-04-13 13:54:46,926 INFO com.zaxxer.hikari.HikariDataSource [SpringApplicationShutdownHook] HikariPool-1 - Shutdown initiated...
2023-04-13 13:54:46,941 INFO com.zaxxer.hikari.HikariDataSource [SpringApplicationShutdownHook] HikariPool-1 - Shutdown completed.
2023-04-13 14:05:31,050 INFO org.springframework.test.context.support.AbstractTestContextBootstrapper [main] Neither @ContextConfiguration nor @ContextHierarchy found for test class [com.shruteekatech.electronicstore.serviceimpltest.UserServiceTest], using SpringBootContextLoader
2023-04-13 14:05:31,063 INFO org.springframework.test.context.support.AbstractContextLoader [main] Could not detect default resource locations for test class [com.shruteekatech.electronicstore.serviceimpltest.UserServiceTest]: no resource found for suffixes {-context.xml, Context.groovy}.
2023-04-13 14:05:31,065 INFO org.springframework.test.context.support.AnnotationConfigContextLoaderUtils [main] Could not detect default configuration classes for test class [com.shruteekatech.electronicstore.serviceimpltest.UserServiceTest]: UserServiceTest does not declare any static, non-private, non-final, nested classes annotated with @Configuration.
2023-04-13 14:05:31,270 INFO org.springframework.boot.test.context.SpringBootTestContextBootstrapper [main] Found @SpringBootConfiguration com.shruteekatech.electronicstore.ElectronicstoreApplication for test class com.shruteekatech.electronicstore.serviceimpltest.UserServiceTest
2023-04-13 14:05:31,434 INFO org.springframework.test.context.support.AbstractTestContextBootstrapper [main] Loaded default TestExecutionListener class names from location [META-INF/spring.factories]: [org.springframework.boot.test.mock.mockito.MockitoTestExecutionListener, org.springframework.boot.test.mock.mockito.ResetMocksTestExecutionListener, org.springframework.boot.test.autoconfigure.restdocs.RestDocsTestExecutionListener, org.springframework.boot.test.autoconfigure.web.client.MockRestServiceServerResetTestExecutionListener, org.springframework.boot.test.autoconfigure.web.servlet.MockMvcPrintOnlyOnFailureTestExecutionListener, org.springframework.boot.test.autoconfigure.web.servlet.WebDriverTestExecutionListener, org.springframework.boot.test.autoconfigure.webservices.client.MockWebServiceServerTestExecutionListener, org.springframework.test.context.web.ServletTestExecutionListener, org.springframework.test.context.support.DirtiesContextBeforeModesTestExecutionListener, org.springframework.test.context.event.ApplicationEventsTestExecutionListener, org.springframework.test.context.support.DependencyInjectionTestExecutionListener, org.springframework.test.context.support.DirtiesContextTestExecutionListener, org.springframework.test.context.transaction.TransactionalTestExecutionListener, org.springframework.test.context.jdbc.SqlScriptsTestExecutionListener, org.springframework.test.context.event.EventPublishingTestExecutionListener]
2023-04-13 14:05:31,460 INFO org.springframework.test.context.support.AbstractTestContextBootstrapper [main] Using TestExecutionListeners: [org.springframework.test.context.web.ServletTestExecutionListener@5e01a982, org.springframework.test.context.support.DirtiesContextBeforeModesTestExecutionListener@5ddea849, org.springframework.test.context.event.ApplicationEventsTestExecutionListener@5ee2b6f9, org.springframework.boot.test.mock.mockito.MockitoTestExecutionListener@23d1e5d0, org.springframework.boot.test.autoconfigure.SpringBootDependencyInjectionTestExecutionListener@704f1591, org.springframework.test.context.support.DirtiesContextTestExecutionListener@58fb7731, org.springframework.test.context.transaction.TransactionalTestExecutionListener@13e547a9, org.springframework.test.context.jdbc.SqlScriptsTestExecutionListener@3fb6cf60, org.springframework.test.context.event.EventPublishingTestExecutionListener@37ddb69a, org.springframework.boot.test.mock.mockito.ResetMocksTestExecutionListener@349c1daf, org.springframework.boot.test.autoconfigure.restdocs.RestDocsTestExecutionListener@dfddc9a, org.springframework.boot.test.autoconfigure.web.client.MockRestServiceServerResetTestExecutionListener@4b9df8a, org.springframework.boot.test.autoconfigure.web.servlet.MockMvcPrintOnlyOnFailureTestExecutionListener@5e8ac0e1, org.springframework.boot.test.autoconfigure.web.servlet.WebDriverTestExecutionListener@aafcffa, org.springframework.boot.test.autoconfigure.webservices.client.MockWebServiceServerTestExecutionListener@6955cb39]
2023-04-13 14:05:31,965 INFO org.springframework.boot.StartupInfoLogger [main] Starting UserServiceTest using Java 17.0.4 on MohitSindhpure with PID 31464 (started by hp in G:\Intellije-WorkSpace\Electronicstore)
2023-04-13 14:05:31,966 INFO org.springframework.boot.SpringApplication [main] The following 1 profile is active: "dev"
2023-04-13 14:05:31,975 INFO org.hibernate.validator.internal.util.Version [background-preinit] HV000001: Hibernate Validator 6.2.5.Final
2023-04-13 14:05:32,985 INFO org.springframework.data.repository.config.RepositoryConfigurationDelegate [main] Bootstrapping Spring Data JPA repositories in DEFAULT mode.
2023-04-13 14:05:33,101 INFO org.springframework.data.repository.config.RepositoryConfigurationDelegate [main] Finished Spring Data repository scanning in 102 ms. Found 3 JPA repository interfaces.
2023-04-13 14:05:34,758 INFO org.hibernate.jpa.internal.util.LogHelper [main] HHH000204: Processing PersistenceUnitInfo [name: default]
2023-04-13 14:05:34,862 INFO org.hibernate.Version [main] HHH000412: Hibernate ORM core version 5.6.15.Final
2023-04-13 14:05:34,936 INFO org.hibernate.annotations.common.reflection.java.JavaReflectionManager [main] HCANN000001: Hibernate Commons Annotations {5.1.2.Final}
2023-04-13 14:05:35,165 INFO com.zaxxer.hikari.HikariDataSource [main] HikariPool-1 - Starting...
2023-04-13 14:05:35,678 INFO com.zaxxer.hikari.HikariDataSource [main] HikariPool-1 - Start completed.
2023-04-13 14:05:35,720 INFO org.hibernate.dialect.Dialect [main] HHH000400: Using dialect: org.hibernate.dialect.MySQL8Dialect
2023-04-13 14:05:36,609 INFO org.hibernate.engine.transaction.jta.platform.internal.JtaPlatformInitiator [main] HHH000490: Using JtaPlatform implementation: [org.hibernate.engine.transaction.jta.platform.internal.NoJtaPlatform]
2023-04-13 14:05:36,632 INFO org.springframework.orm.jpa.AbstractEntityManagerFactoryBean [main] Initialized JPA EntityManagerFactory for persistence unit 'default'
2023-04-13 14:05:37,775 WARN org.springframework.boot.autoconfigure.orm.jpa.JpaBaseConfiguration$JpaWebConfiguration [main] spring.jpa.open-in-view is enabled by default. Therefore, database queries may be performed during view rendering. Explicitly configure spring.jpa.open-in-view to disable this warning
2023-04-13 14:05:38,709 INFO org.springframework.boot.StartupInfoLogger [main] Started UserServiceTest in 7.168 seconds (JVM running for 9.165)
2023-04-13 14:05:38,792 INFO com.shruteekatech.electronicstore.service.impl.UserServiceimpl [main] Initiating dao call to get the All users data 
2023-04-13 14:05:38,856 INFO com.shruteekatech.electronicstore.service.impl.UserServiceimpl [main] Completed dao call to get the All users data 
2023-04-13 14:05:38,887 INFO com.shruteekatech.electronicstore.service.impl.UserServiceimpl [main] Initiating dao call to get the singleuser data with email:mohit@gmail.com
2023-04-13 14:05:38,889 INFO com.shruteekatech.electronicstore.service.impl.UserServiceimpl [main] Completed dao call to get the singleuser data with email:mohit@gmail.com
2023-04-13 14:05:38,903 INFO com.shruteekatech.electronicstore.service.impl.UserServiceimpl [main] Initiating dao call to Save the user data
2023-04-13 14:05:38,907 INFO com.shruteekatech.electronicstore.service.impl.UserServiceimpl [main] Completed dao call to Save the user data
2023-04-13 14:05:38,916 INFO com.shruteekatech.electronicstore.service.impl.UserServiceimpl [main] Initiating dao call to get the users data with keyword:mohit
2023-04-13 14:05:38,918 INFO com.shruteekatech.electronicstore.service.impl.UserServiceimpl [main] completed dao call to get the users data with keyword:mohit
2023-04-13 14:05:38,929 INFO com.shruteekatech.electronicstore.service.impl.UserServiceimpl [main] Initiating dao call to update the user data with userId:1
2023-04-13 14:05:38,930 INFO com.shruteekatech.electronicstore.service.impl.UserServiceimpl [main] Completed dao call to update the user data with userId:1
2023-04-13 14:05:38,938 INFO com.shruteekatech.electronicstore.service.impl.UserServiceimpl [main] Initiating dao call to delete the user data with userId:1
2023-04-13 14:05:38,940 INFO com.shruteekatech.electronicstore.service.impl.UserServiceimpl [main] User image not found in folder
2023-04-13 14:05:38,944 INFO com.shruteekatech.electronicstore.service.impl.UserServiceimpl [main] Completed dao call to delete the user data with userId:1
2023-04-13 14:05:38,970 INFO com.shruteekatech.electronicstore.service.impl.UserServiceimpl [main] Initiating dao call to get the single user data with userId:1
2023-04-13 14:05:38,972 INFO com.shruteekatech.electronicstore.service.impl.UserServiceimpl [main] Completed dao call to get the single user data with userId:1
2023-04-13 14:05:38,987 INFO org.springframework.orm.jpa.AbstractEntityManagerFactoryBean [SpringApplicationShutdownHook] Closing JPA EntityManagerFactory for persistence unit 'default'
2023-04-13 14:05:38,991 INFO com.zaxxer.hikari.HikariDataSource [SpringApplicationShutdownHook] HikariPool-1 - Shutdown initiated...
2023-04-13 14:05:39,007 INFO com.zaxxer.hikari.HikariDataSource [SpringApplicationShutdownHook] HikariPool-1 - Shutdown completed.
