2023-04-12 12:08:49,733 INFO org.hibernate.validator.internal.util.Version [background-preinit] HV000001: Hibernate Validator 6.2.5.Final
2023-04-12 12:08:49,809 INFO org.springframework.boot.StartupInfoLogger [restartedMain] Starting ElectronicstoreApplication using Java 17.0.4 on MohitSindhpure with PID 716 (G:\Intellije-WorkSpace\Electronicstore\target\classes started by hp in G:\Intellije-WorkSpace\Electronicstore)
2023-04-12 12:08:49,811 INFO org.springframework.boot.SpringApplication [restartedMain] The following 1 profile is active: "dev"
2023-04-12 12:08:50,138 INFO org.springframework.boot.logging.DeferredLog [restartedMain] Devtools property defaults active! Set 'spring.devtools.add-properties' to 'false' to disable
2023-04-12 12:08:50,139 INFO org.springframework.boot.logging.DeferredLog [restartedMain] For additional web related logging consider setting the 'logging.level.web' property to 'DEBUG'
2023-04-12 12:08:54,764 INFO org.springframework.data.repository.config.RepositoryConfigurationDelegate [restartedMain] Bootstrapping Spring Data JPA repositories in DEFAULT mode.
2023-04-12 12:08:55,159 INFO org.springframework.data.repository.config.RepositoryConfigurationDelegate [restartedMain] Finished Spring Data repository scanning in 315 ms. Found 3 JPA repository interfaces.
2023-04-12 12:08:57,939 INFO org.springframework.boot.web.embedded.tomcat.TomcatWebServer [restartedMain] Tomcat initialized with port(s): 9696 (http)
2023-04-12 12:08:57,969 INFO org.apache.juli.logging.DirectJDKLog [restartedMain] Initializing ProtocolHandler ["http-nio-9696"]
2023-04-12 12:08:57,970 INFO org.apache.juli.logging.DirectJDKLog [restartedMain] Starting service [Tomcat]
2023-04-12 12:08:57,971 INFO org.apache.juli.logging.DirectJDKLog [restartedMain] Starting Servlet engine: [Apache Tomcat/9.0.73]
2023-04-12 12:08:58,196 INFO org.apache.juli.logging.DirectJDKLog [restartedMain] Initializing Spring embedded WebApplicationContext
2023-04-12 12:08:58,197 INFO org.springframework.boot.web.servlet.context.ServletWebServerApplicationContext [restartedMain] Root WebApplicationContext: initialization completed in 8053 ms
2023-04-12 12:08:59,172 INFO org.hibernate.jpa.internal.util.LogHelper [restartedMain] HHH000204: Processing PersistenceUnitInfo [name: default]
2023-04-12 12:08:59,607 INFO org.hibernate.Version [restartedMain] HHH000412: Hibernate ORM core version 5.6.15.Final
2023-04-12 12:09:00,485 INFO org.hibernate.annotations.common.reflection.java.JavaReflectionManager [restartedMain] HCANN000001: Hibernate Commons Annotations {5.1.2.Final}
2023-04-12 12:09:00,888 INFO com.zaxxer.hikari.HikariDataSource [restartedMain] HikariPool-1 - Starting...
2023-04-12 12:09:03,958 INFO com.zaxxer.hikari.HikariDataSource [restartedMain] HikariPool-1 - Start completed.
2023-04-12 12:09:04,316 INFO org.hibernate.dialect.Dialect [restartedMain] HHH000400: Using dialect: org.hibernate.dialect.MySQL8Dialect
2023-04-12 12:09:07,461 INFO org.hibernate.engine.transaction.jta.platform.internal.JtaPlatformInitiator [restartedMain] HHH000490: Using JtaPlatform implementation: [org.hibernate.engine.transaction.jta.platform.internal.NoJtaPlatform]
2023-04-12 12:09:07,502 INFO org.springframework.orm.jpa.AbstractEntityManagerFactoryBean [restartedMain] Initialized JPA EntityManagerFactory for persistence unit 'default'
2023-04-12 12:09:08,924 WARN org.springframework.boot.autoconfigure.orm.jpa.JpaBaseConfiguration$JpaWebConfiguration [restartedMain] spring.jpa.open-in-view is enabled by default. Therefore, database queries may be performed during view rendering. Explicitly configure spring.jpa.open-in-view to disable this warning
2023-04-12 12:09:11,652 INFO org.springframework.boot.devtools.autoconfigure.OptionalLiveReloadServer [restartedMain] LiveReload server is running on port 35729
2023-04-12 12:09:11,666 INFO org.apache.juli.logging.DirectJDKLog [restartedMain] Starting ProtocolHandler ["http-nio-9696"]
2023-04-12 12:09:11,728 INFO org.springframework.boot.web.embedded.tomcat.TomcatWebServer [restartedMain] Tomcat started on port(s): 9696 (http) with context path ''
2023-04-12 12:09:11,739 INFO org.springframework.boot.StartupInfoLogger [restartedMain] Started ElectronicstoreApplication in 24.562 seconds (JVM running for 30.311)
2023-04-12 12:10:02,780 INFO org.apache.juli.logging.DirectJDKLog [http-nio-9696-exec-2] Initializing Spring DispatcherServlet 'dispatcherServlet'
2023-04-12 12:10:02,780 INFO org.springframework.web.servlet.FrameworkServlet [http-nio-9696-exec-2] Initializing Servlet 'dispatcherServlet'
2023-04-12 12:10:02,783 INFO org.springframework.web.servlet.FrameworkServlet [http-nio-9696-exec-2] Completed initialization in 2 ms
2023-04-12 12:10:02,981 INFO com.shruteekatech.electronicstore.controller.UserController [http-nio-9696-exec-2] Initiated request to get all the user details
2023-04-12 12:10:02,982 INFO com.shruteekatech.electronicstore.service.impl.UserServiceimpl [http-nio-9696-exec-2] Initiating dao call to get the All users data 
2023-04-12 12:10:04,047 INFO com.shruteekatech.electronicstore.service.impl.UserServiceimpl [http-nio-9696-exec-2] Completed dao call to get the All users data 
2023-04-12 12:10:04,048 INFO com.shruteekatech.electronicstore.controller.UserController [http-nio-9696-exec-2] Completed request to get all the user details
2023-04-12 12:11:56,191 INFO org.springframework.orm.jpa.AbstractEntityManagerFactoryBean [SpringApplicationShutdownHook] Closing JPA EntityManagerFactory for persistence unit 'default'
2023-04-12 12:11:56,211 INFO com.zaxxer.hikari.HikariDataSource [SpringApplicationShutdownHook] HikariPool-1 - Shutdown initiated...
2023-04-12 12:11:56,389 INFO com.zaxxer.hikari.HikariDataSource [SpringApplicationShutdownHook] HikariPool-1 - Shutdown completed.
2023-04-12 12:19:13,123 INFO org.hibernate.validator.internal.util.Version [background-preinit] HV000001: Hibernate Validator 6.2.5.Final
2023-04-12 12:19:13,162 INFO org.springframework.boot.StartupInfoLogger [restartedMain] Starting ElectronicstoreApplication using Java 17.0.4 on MohitSindhpure with PID 12488 (G:\Intellije-WorkSpace\Electronicstore\target\classes started by hp in G:\Intellije-WorkSpace\Electronicstore)
2023-04-12 12:19:13,166 INFO org.springframework.boot.SpringApplication [restartedMain] The following 1 profile is active: "dev"
2023-04-12 12:19:13,395 INFO org.springframework.boot.logging.DeferredLog [restartedMain] Devtools property defaults active! Set 'spring.devtools.add-properties' to 'false' to disable
2023-04-12 12:19:13,396 INFO org.springframework.boot.logging.DeferredLog [restartedMain] For additional web related logging consider setting the 'logging.level.web' property to 'DEBUG'
2023-04-12 12:19:17,223 INFO org.springframework.data.repository.config.RepositoryConfigurationDelegate [restartedMain] Bootstrapping Spring Data JPA repositories in DEFAULT mode.
2023-04-12 12:19:17,439 INFO org.springframework.data.repository.config.RepositoryConfigurationDelegate [restartedMain] Finished Spring Data repository scanning in 188 ms. Found 3 JPA repository interfaces.
2023-04-12 12:19:20,857 INFO org.springframework.boot.web.embedded.tomcat.TomcatWebServer [restartedMain] Tomcat initialized with port(s): 9696 (http)
2023-04-12 12:19:20,885 INFO org.apache.juli.logging.DirectJDKLog [restartedMain] Initializing ProtocolHandler ["http-nio-9696"]
2023-04-12 12:19:20,886 INFO org.apache.juli.logging.DirectJDKLog [restartedMain] Starting service [Tomcat]
2023-04-12 12:19:20,887 INFO org.apache.juli.logging.DirectJDKLog [restartedMain] Starting Servlet engine: [Apache Tomcat/9.0.73]
2023-04-12 12:19:21,188 INFO org.apache.juli.logging.DirectJDKLog [restartedMain] Initializing Spring embedded WebApplicationContext
2023-04-12 12:19:21,189 INFO org.springframework.boot.web.servlet.context.ServletWebServerApplicationContext [restartedMain] Root WebApplicationContext: initialization completed in 7789 ms
2023-04-12 12:19:21,748 INFO org.hibernate.jpa.internal.util.LogHelper [restartedMain] HHH000204: Processing PersistenceUnitInfo [name: default]
2023-04-12 12:19:22,044 INFO org.hibernate.Version [restartedMain] HHH000412: Hibernate ORM core version 5.6.15.Final
2023-04-12 12:19:23,202 INFO org.hibernate.annotations.common.reflection.java.JavaReflectionManager [restartedMain] HCANN000001: Hibernate Commons Annotations {5.1.2.Final}
2023-04-12 12:19:23,542 INFO com.zaxxer.hikari.HikariDataSource [restartedMain] HikariPool-1 - Starting...
2023-04-12 12:19:24,600 INFO com.zaxxer.hikari.HikariDataSource [restartedMain] HikariPool-1 - Start completed.
2023-04-12 12:19:24,686 INFO org.hibernate.dialect.Dialect [restartedMain] HHH000400: Using dialect: org.hibernate.dialect.MySQL8Dialect
2023-04-12 12:19:27,180 INFO org.hibernate.engine.transaction.jta.platform.internal.JtaPlatformInitiator [restartedMain] HHH000490: Using JtaPlatform implementation: [org.hibernate.engine.transaction.jta.platform.internal.NoJtaPlatform]
2023-04-12 12:19:27,203 INFO org.springframework.orm.jpa.AbstractEntityManagerFactoryBean [restartedMain] Initialized JPA EntityManagerFactory for persistence unit 'default'
2023-04-12 12:19:29,095 WARN org.springframework.boot.autoconfigure.orm.jpa.JpaBaseConfiguration$JpaWebConfiguration [restartedMain] spring.jpa.open-in-view is enabled by default. Therefore, database queries may be performed during view rendering. Explicitly configure spring.jpa.open-in-view to disable this warning
2023-04-12 12:19:30,001 INFO org.springframework.boot.devtools.autoconfigure.OptionalLiveReloadServer [restartedMain] LiveReload server is running on port 35729
2023-04-12 12:19:30,056 INFO org.apache.juli.logging.DirectJDKLog [restartedMain] Starting ProtocolHandler ["http-nio-9696"]
2023-04-12 12:19:30,267 INFO org.springframework.boot.web.embedded.tomcat.TomcatWebServer [restartedMain] Tomcat started on port(s): 9696 (http) with context path ''
2023-04-12 12:19:30,297 INFO org.springframework.boot.StartupInfoLogger [restartedMain] Started ElectronicstoreApplication in 19.024 seconds (JVM running for 22.087)
2023-04-12 12:19:35,327 INFO org.apache.juli.logging.DirectJDKLog [http-nio-9696-exec-1] Initializing Spring DispatcherServlet 'dispatcherServlet'
2023-04-12 12:19:35,329 INFO org.springframework.web.servlet.FrameworkServlet [http-nio-9696-exec-1] Initializing Servlet 'dispatcherServlet'
2023-04-12 12:19:35,339 INFO org.springframework.web.servlet.FrameworkServlet [http-nio-9696-exec-1] Completed initialization in 10 ms
2023-04-12 12:19:37,171 INFO com.shruteekatech.ecommerce.validation.ImageNameValidator [http-nio-9696-exec-1] Message from isValid : Sarthak.png 
2023-04-12 12:19:37,190 INFO com.shruteekatech.electronicstore.controller.CategoryController [http-nio-9696-exec-1] Initiating request to Create Category
2023-04-12 12:19:37,192 INFO com.shruteekatech.electronicstore.service.impl.CategoryImpl [http-nio-9696-exec-1] Initiated Dao Call to save the Category
2023-04-12 12:19:38,524 INFO com.shruteekatech.electronicstore.service.impl.CategoryImpl [http-nio-9696-exec-1] Completed Dao call to save the Category
2023-04-12 12:19:38,525 INFO com.shruteekatech.electronicstore.controller.CategoryController [http-nio-9696-exec-1] Completed request to Create Category
2023-04-12 12:22:22,016 INFO com.shruteekatech.electronicstore.controller.UserController [http-nio-9696-exec-9] Initiated request to get all the user details
2023-04-12 12:22:22,018 INFO com.shruteekatech.electronicstore.service.impl.UserServiceimpl [http-nio-9696-exec-9] Initiating dao call to get the All users data 
2023-04-12 12:22:23,719 INFO com.shruteekatech.electronicstore.service.impl.UserServiceimpl [http-nio-9696-exec-9] Completed dao call to get the All users data 
2023-04-12 12:22:23,720 INFO com.shruteekatech.electronicstore.controller.UserController [http-nio-9696-exec-9] Completed request to get all the user details
2023-04-12 12:23:24,161 INFO com.shruteekatech.electronicstore.controller.CategoryController [http-nio-9696-exec-2] Initiated request to get all the Category details
2023-04-12 12:23:24,168 INFO com.shruteekatech.electronicstore.service.impl.CategoryImpl [http-nio-9696-exec-2] Initiating dao call to get the All Category data 
2023-04-12 12:23:24,223 INFO com.shruteekatech.electronicstore.service.impl.CategoryImpl [http-nio-9696-exec-2] Completed dao call to get the All Categories data 
2023-04-12 12:23:24,224 INFO com.shruteekatech.electronicstore.controller.CategoryController [http-nio-9696-exec-2] Completed request to get all the Category details
2023-04-12 12:24:05,946 INFO com.shruteekatech.electronicstore.controller.CategoryController [http-nio-9696-exec-3] Initiated request to get all the Category details
2023-04-12 12:24:05,947 INFO com.shruteekatech.electronicstore.service.impl.CategoryImpl [http-nio-9696-exec-3] Initiating dao call to get the All Category data 
2023-04-12 12:24:05,970 INFO com.shruteekatech.electronicstore.service.impl.CategoryImpl [http-nio-9696-exec-3] Completed dao call to get the All Categories data 
2023-04-12 12:24:05,972 INFO com.shruteekatech.electronicstore.controller.CategoryController [http-nio-9696-exec-3] Completed request to get all the Category details
2023-04-12 12:25:10,465 INFO com.shruteekatech.electronicstore.controller.CategoryController [http-nio-9696-exec-10] Initiated request to get all the Category details
2023-04-12 12:25:10,466 INFO com.shruteekatech.electronicstore.service.impl.CategoryImpl [http-nio-9696-exec-10] Initiating dao call to get the All Category data 
2023-04-12 12:25:10,680 ERROR org.apache.juli.logging.DirectJDKLog [http-nio-9696-exec-10] Servlet.service() for servlet [dispatcherServlet] in context with path [] threw exception [Request processing failed; nested exception is org.springframework.data.mapping.PropertyReferenceException: No property 'name' found for type 'Category'] with root cause
org.springframework.data.mapping.PropertyReferenceException: No property 'name' found for type 'Category'
	at org.springframework.data.mapping.PropertyPath.<init>(PropertyPath.java:91)
	at org.springframework.data.mapping.PropertyPath.create(PropertyPath.java:438)
	at org.springframework.data.mapping.PropertyPath.create(PropertyPath.java:414)
	at org.springframework.data.mapping.PropertyPath.lambda$from$0(PropertyPath.java:367)
	at java.base/java.util.concurrent.ConcurrentMap.computeIfAbsent(ConcurrentMap.java:330)
	at org.springframework.data.mapping.PropertyPath.from(PropertyPath.java:349)
	at org.springframework.data.mapping.PropertyPath.from(PropertyPath.java:332)
	at org.springframework.data.jpa.repository.query.QueryUtils.toJpaOrder(QueryUtils.java:726)
	at org.springframework.data.jpa.repository.query.QueryUtils.toOrders(QueryUtils.java:679)
	at org.springframework.data.jpa.repository.support.SimpleJpaRepository.getQuery(SimpleJpaRepository.java:817)
	at org.springframework.data.jpa.repository.support.SimpleJpaRepository.getQuery(SimpleJpaRepository.java:774)
	at org.springframework.data.jpa.repository.support.SimpleJpaRepository.findAll(SimpleJpaRepository.java:515)
	at org.springframework.data.jpa.repository.support.SimpleJpaRepository.findAll(SimpleJpaRepository.java:482)
	at java.base/jdk.internal.reflect.NativeMethodAccessorImpl.invoke0(Native Method)
	at java.base/jdk.internal.reflect.NativeMethodAccessorImpl.invoke(NativeMethodAccessorImpl.java:77)
	at java.base/jdk.internal.reflect.DelegatingMethodAccessorImpl.invoke(DelegatingMethodAccessorImpl.java:43)
	at java.base/java.lang.reflect.Method.invoke(Method.java:568)
	at org.springframework.data.repository.core.support.RepositoryMethodInvoker$RepositoryFragmentMethodInvoker.lambda$new$0(RepositoryMethodInvoker.java:289)
	at org.springframework.data.repository.core.support.RepositoryMethodInvoker.doInvoke(RepositoryMethodInvoker.java:137)
	at org.springframework.data.repository.core.support.RepositoryMethodInvoker.invoke(RepositoryMethodInvoker.java:121)
	at org.springframework.data.repository.core.support.RepositoryComposition$RepositoryFragments.invoke(RepositoryComposition.java:530)
	at org.springframework.data.repository.core.support.RepositoryComposition.invoke(RepositoryComposition.java:286)
	at org.springframework.data.repository.core.support.RepositoryFactorySupport$ImplementationMethodExecutionInterceptor.invoke(RepositoryFactorySupport.java:640)
	at org.springframework.aop.framework.ReflectiveMethodInvocation.proceed(ReflectiveMethodInvocation.java:186)
	at org.springframework.data.repository.core.support.QueryExecutorMethodInterceptor.doInvoke(QueryExecutorMethodInterceptor.java:164)
	at org.springframework.data.repository.core.support.QueryExecutorMethodInterceptor.invoke(QueryExecutorMethodInterceptor.java:139)
	at org.springframework.aop.framework.ReflectiveMethodInvocation.proceed(ReflectiveMethodInvocation.java:186)
	at org.springframework.data.projection.DefaultMethodInvokingMethodInterceptor.invoke(DefaultMethodInvokingMethodInterceptor.java:81)
	at org.springframework.aop.framework.ReflectiveMethodInvocation.proceed(ReflectiveMethodInvocation.java:186)
	at org.springframework.transaction.interceptor.TransactionInterceptor$1.proceedWithInvocation(TransactionInterceptor.java:123)
	at org.springframework.transaction.interceptor.TransactionAspectSupport.invokeWithinTransaction(TransactionAspectSupport.java:388)
	at org.springframework.transaction.interceptor.TransactionInterceptor.invoke(TransactionInterceptor.java:119)
	at org.springframework.aop.framework.ReflectiveMethodInvocation.proceed(ReflectiveMethodInvocation.java:186)
	at org.springframework.dao.support.PersistenceExceptionTranslationInterceptor.invoke(PersistenceExceptionTranslationInterceptor.java:137)
	at org.springframework.aop.framework.ReflectiveMethodInvocation.proceed(ReflectiveMethodInvocation.java:186)
	at org.springframework.data.jpa.repository.support.CrudMethodMetadataPostProcessor$CrudMethodMetadataPopulatingMethodInterceptor.invoke(CrudMethodMetadataPostProcessor.java:174)
	at org.springframework.aop.framework.ReflectiveMethodInvocation.proceed(ReflectiveMethodInvocation.java:186)
	at org.springframework.aop.interceptor.ExposeInvocationInterceptor.invoke(ExposeInvocationInterceptor.java:97)
	at org.springframework.aop.framework.ReflectiveMethodInvocation.proceed(ReflectiveMethodInvocation.java:186)
	at org.springframework.aop.framework.JdkDynamicAopProxy.invoke(JdkDynamicAopProxy.java:215)
	at jdk.proxy3/jdk.proxy3.$Proxy118.findAll(Unknown Source)
	at com.shruteekatech.electronicstore.service.impl.CategoryImpl.getAllcategories(CategoryImpl.java:97)
	at com.shruteekatech.electronicstore.controller.CategoryController.getAllcategories(CategoryController.java:76)
	at java.base/jdk.internal.reflect.NativeMethodAccessorImpl.invoke0(Native Method)
	at java.base/jdk.internal.reflect.NativeMethodAccessorImpl.invoke(NativeMethodAccessorImpl.java:77)
	at java.base/jdk.internal.reflect.DelegatingMethodAccessorImpl.invoke(DelegatingMethodAccessorImpl.java:43)
	at java.base/java.lang.reflect.Method.invoke(Method.java:568)
	at org.springframework.web.method.support.InvocableHandlerMethod.doInvoke(InvocableHandlerMethod.java:205)
	at org.springframework.web.method.support.InvocableHandlerMethod.invokeForRequest(InvocableHandlerMethod.java:150)
	at org.springframework.web.servlet.mvc.method.annotation.ServletInvocableHandlerMethod.invokeAndHandle(ServletInvocableHandlerMethod.java:117)
	at org.springframework.web.servlet.mvc.method.annotation.RequestMappingHandlerAdapter.invokeHandlerMethod(RequestMappingHandlerAdapter.java:895)
	at org.springframework.web.servlet.mvc.method.annotation.RequestMappingHandlerAdapter.handleInternal(RequestMappingHandlerAdapter.java:808)
	at org.springframework.web.servlet.mvc.method.AbstractHandlerMethodAdapter.handle(AbstractHandlerMethodAdapter.java:87)
	at org.springframework.web.servlet.DispatcherServlet.doDispatch(DispatcherServlet.java:1072)
	at org.springframework.web.servlet.DispatcherServlet.doService(DispatcherServlet.java:965)
	at org.springframework.web.servlet.FrameworkServlet.processRequest(FrameworkServlet.java:1006)
	at org.springframework.web.servlet.FrameworkServlet.doGet(FrameworkServlet.java:898)
	at javax.servlet.http.HttpServlet.service(HttpServlet.java:502)
	at org.springframework.web.servlet.FrameworkServlet.service(FrameworkServlet.java:883)
	at javax.servlet.http.HttpServlet.service(HttpServlet.java:596)
	at org.apache.catalina.core.ApplicationFilterChain.internalDoFilter(ApplicationFilterChain.java:209)
	at org.apache.catalina.core.ApplicationFilterChain.doFilter(ApplicationFilterChain.java:153)
	at org.apache.tomcat.websocket.server.WsFilter.doFilter(WsFilter.java:53)
	at org.apache.catalina.core.ApplicationFilterChain.internalDoFilter(ApplicationFilterChain.java:178)
	at org.apache.catalina.core.ApplicationFilterChain.doFilter(ApplicationFilterChain.java:153)
	at org.springframework.web.filter.RequestContextFilter.doFilterInternal(RequestContextFilter.java:100)
	at org.springframework.web.filter.OncePerRequestFilter.doFilter(OncePerRequestFilter.java:117)
	at org.apache.catalina.core.ApplicationFilterChain.internalDoFilter(ApplicationFilterChain.java:178)
	at org.apache.catalina.core.ApplicationFilterChain.doFilter(ApplicationFilterChain.java:153)
	at org.springframework.web.filter.FormContentFilter.doFilterInternal(FormContentFilter.java:93)
	at org.springframework.web.filter.OncePerRequestFilter.doFilter(OncePerRequestFilter.java:117)
	at org.apache.catalina.core.ApplicationFilterChain.internalDoFilter(ApplicationFilterChain.java:178)
	at org.apache.catalina.core.ApplicationFilterChain.doFilter(ApplicationFilterChain.java:153)
	at org.springframework.web.filter.CharacterEncodingFilter.doFilterInternal(CharacterEncodingFilter.java:201)
	at org.springframework.web.filter.OncePerRequestFilter.doFilter(OncePerRequestFilter.java:117)
	at org.apache.catalina.core.ApplicationFilterChain.internalDoFilter(ApplicationFilterChain.java:178)
	at org.apache.catalina.core.ApplicationFilterChain.doFilter(ApplicationFilterChain.java:153)
	at org.apache.catalina.core.StandardWrapperValve.invoke(StandardWrapperValve.java:167)
	at org.apache.catalina.core.StandardContextValve.invoke(StandardContextValve.java:90)
	at org.apache.catalina.authenticator.AuthenticatorBase.invoke(AuthenticatorBase.java:492)
	at org.apache.catalina.core.StandardHostValve.invoke(StandardHostValve.java:130)
	at org.apache.catalina.valves.ErrorReportValve.invoke(ErrorReportValve.java:93)
	at org.apache.catalina.core.StandardEngineValve.invoke(StandardEngineValve.java:74)
	at org.apache.catalina.connector.CoyoteAdapter.service(CoyoteAdapter.java:343)
	at org.apache.coyote.http11.Http11Processor.service(Http11Processor.java:389)
	at org.apache.coyote.AbstractProcessorLight.process(AbstractProcessorLight.java:63)
	at org.apache.coyote.AbstractProtocol$ConnectionHandler.process(AbstractProtocol.java:926)
	at org.apache.tomcat.util.net.NioEndpoint$SocketProcessor.doRun(NioEndpoint.java:1791)
	at org.apache.tomcat.util.net.SocketProcessorBase.run(SocketProcessorBase.java:49)
	at org.apache.tomcat.util.threads.ThreadPoolExecutor.runWorker(ThreadPoolExecutor.java:1191)
	at org.apache.tomcat.util.threads.ThreadPoolExecutor$Worker.run(ThreadPoolExecutor.java:659)
	at org.apache.tomcat.util.threads.TaskThread$WrappingRunnable.run(TaskThread.java:61)
	at java.base/java.lang.Thread.run(Thread.java:833)
2023-04-12 12:25:34,416 INFO com.shruteekatech.electronicstore.controller.CategoryController [http-nio-9696-exec-1] Initiated request to get all the Category details
2023-04-12 12:25:34,418 INFO com.shruteekatech.electronicstore.service.impl.CategoryImpl [http-nio-9696-exec-1] Initiating dao call to get the All Category data 
2023-04-12 12:25:34,428 ERROR org.apache.juli.logging.DirectJDKLog [http-nio-9696-exec-1] Servlet.service() for servlet [dispatcherServlet] in context with path [] threw exception [Request processing failed; nested exception is org.springframework.data.mapping.PropertyReferenceException: No property 'name' found for type 'Category'] with root cause
org.springframework.data.mapping.PropertyReferenceException: No property 'name' found for type 'Category'
	at org.springframework.data.mapping.PropertyPath.<init>(PropertyPath.java:91)
	at org.springframework.data.mapping.PropertyPath.create(PropertyPath.java:438)
	at org.springframework.data.mapping.PropertyPath.create(PropertyPath.java:414)
	at org.springframework.data.mapping.PropertyPath.lambda$from$0(PropertyPath.java:367)
	at java.base/java.util.concurrent.ConcurrentMap.computeIfAbsent(ConcurrentMap.java:330)
	at org.springframework.data.mapping.PropertyPath.from(PropertyPath.java:349)
	at org.springframework.data.mapping.PropertyPath.from(PropertyPath.java:332)
	at org.springframework.data.jpa.repository.query.QueryUtils.toJpaOrder(QueryUtils.java:726)
	at org.springframework.data.jpa.repository.query.QueryUtils.toOrders(QueryUtils.java:679)
	at org.springframework.data.jpa.repository.support.SimpleJpaRepository.getQuery(SimpleJpaRepository.java:817)
	at org.springframework.data.jpa.repository.support.SimpleJpaRepository.getQuery(SimpleJpaRepository.java:774)
	at org.springframework.data.jpa.repository.support.SimpleJpaRepository.findAll(SimpleJpaRepository.java:515)
	at org.springframework.data.jpa.repository.support.SimpleJpaRepository.findAll(SimpleJpaRepository.java:482)
	at java.base/jdk.internal.reflect.NativeMethodAccessorImpl.invoke0(Native Method)
	at java.base/jdk.internal.reflect.NativeMethodAccessorImpl.invoke(NativeMethodAccessorImpl.java:77)
	at java.base/jdk.internal.reflect.DelegatingMethodAccessorImpl.invoke(DelegatingMethodAccessorImpl.java:43)
	at java.base/java.lang.reflect.Method.invoke(Method.java:568)
	at org.springframework.data.repository.core.support.RepositoryMethodInvoker$RepositoryFragmentMethodInvoker.lambda$new$0(RepositoryMethodInvoker.java:289)
	at org.springframework.data.repository.core.support.RepositoryMethodInvoker.doInvoke(RepositoryMethodInvoker.java:137)
	at org.springframework.data.repository.core.support.RepositoryMethodInvoker.invoke(RepositoryMethodInvoker.java:121)
	at org.springframework.data.repository.core.support.RepositoryComposition$RepositoryFragments.invoke(RepositoryComposition.java:530)
	at org.springframework.data.repository.core.support.RepositoryComposition.invoke(RepositoryComposition.java:286)
	at org.springframework.data.repository.core.support.RepositoryFactorySupport$ImplementationMethodExecutionInterceptor.invoke(RepositoryFactorySupport.java:640)
	at org.springframework.aop.framework.ReflectiveMethodInvocation.proceed(ReflectiveMethodInvocation.java:186)
	at org.springframework.data.repository.core.support.QueryExecutorMethodInterceptor.doInvoke(QueryExecutorMethodInterceptor.java:164)
	at org.springframework.data.repository.core.support.QueryExecutorMethodInterceptor.invoke(QueryExecutorMethodInterceptor.java:139)
	at org.springframework.aop.framework.ReflectiveMethodInvocation.proceed(ReflectiveMethodInvocation.java:186)
	at org.springframework.data.projection.DefaultMethodInvokingMethodInterceptor.invoke(DefaultMethodInvokingMethodInterceptor.java:81)
	at org.springframework.aop.framework.ReflectiveMethodInvocation.proceed(ReflectiveMethodInvocation.java:186)
	at org.springframework.transaction.interceptor.TransactionInterceptor$1.proceedWithInvocation(TransactionInterceptor.java:123)
	at org.springframework.transaction.interceptor.TransactionAspectSupport.invokeWithinTransaction(TransactionAspectSupport.java:388)
	at org.springframework.transaction.interceptor.TransactionInterceptor.invoke(TransactionInterceptor.java:119)
	at org.springframework.aop.framework.ReflectiveMethodInvocation.proceed(ReflectiveMethodInvocation.java:186)
	at org.springframework.dao.support.PersistenceExceptionTranslationInterceptor.invoke(PersistenceExceptionTranslationInterceptor.java:137)
	at org.springframework.aop.framework.ReflectiveMethodInvocation.proceed(ReflectiveMethodInvocation.java:186)
	at org.springframework.data.jpa.repository.support.CrudMethodMetadataPostProcessor$CrudMethodMetadataPopulatingMethodInterceptor.invoke(CrudMethodMetadataPostProcessor.java:174)
	at org.springframework.aop.framework.ReflectiveMethodInvocation.proceed(ReflectiveMethodInvocation.java:186)
	at org.springframework.aop.interceptor.ExposeInvocationInterceptor.invoke(ExposeInvocationInterceptor.java:97)
	at org.springframework.aop.framework.ReflectiveMethodInvocation.proceed(ReflectiveMethodInvocation.java:186)
	at org.springframework.aop.framework.JdkDynamicAopProxy.invoke(JdkDynamicAopProxy.java:215)
	at jdk.proxy3/jdk.proxy3.$Proxy118.findAll(Unknown Source)
	at com.shruteekatech.electronicstore.service.impl.CategoryImpl.getAllcategories(CategoryImpl.java:97)
	at com.shruteekatech.electronicstore.controller.CategoryController.getAllcategories(CategoryController.java:76)
	at java.base/jdk.internal.reflect.NativeMethodAccessorImpl.invoke0(Native Method)
	at java.base/jdk.internal.reflect.NativeMethodAccessorImpl.invoke(NativeMethodAccessorImpl.java:77)
	at java.base/jdk.internal.reflect.DelegatingMethodAccessorImpl.invoke(DelegatingMethodAccessorImpl.java:43)
	at java.base/java.lang.reflect.Method.invoke(Method.java:568)
	at org.springframework.web.method.support.InvocableHandlerMethod.doInvoke(InvocableHandlerMethod.java:205)
	at org.springframework.web.method.support.InvocableHandlerMethod.invokeForRequest(InvocableHandlerMethod.java:150)
	at org.springframework.web.servlet.mvc.method.annotation.ServletInvocableHandlerMethod.invokeAndHandle(ServletInvocableHandlerMethod.java:117)
	at org.springframework.web.servlet.mvc.method.annotation.RequestMappingHandlerAdapter.invokeHandlerMethod(RequestMappingHandlerAdapter.java:895)
	at org.springframework.web.servlet.mvc.method.annotation.RequestMappingHandlerAdapter.handleInternal(RequestMappingHandlerAdapter.java:808)
	at org.springframework.web.servlet.mvc.method.AbstractHandlerMethodAdapter.handle(AbstractHandlerMethodAdapter.java:87)
	at org.springframework.web.servlet.DispatcherServlet.doDispatch(DispatcherServlet.java:1072)
	at org.springframework.web.servlet.DispatcherServlet.doService(DispatcherServlet.java:965)
	at org.springframework.web.servlet.FrameworkServlet.processRequest(FrameworkServlet.java:1006)
	at org.springframework.web.servlet.FrameworkServlet.doGet(FrameworkServlet.java:898)
	at javax.servlet.http.HttpServlet.service(HttpServlet.java:502)
	at org.springframework.web.servlet.FrameworkServlet.service(FrameworkServlet.java:883)
	at javax.servlet.http.HttpServlet.service(HttpServlet.java:596)
	at org.apache.catalina.core.ApplicationFilterChain.internalDoFilter(ApplicationFilterChain.java:209)
	at org.apache.catalina.core.ApplicationFilterChain.doFilter(ApplicationFilterChain.java:153)
	at org.apache.tomcat.websocket.server.WsFilter.doFilter(WsFilter.java:53)
	at org.apache.catalina.core.ApplicationFilterChain.internalDoFilter(ApplicationFilterChain.java:178)
	at org.apache.catalina.core.ApplicationFilterChain.doFilter(ApplicationFilterChain.java:153)
	at org.springframework.web.filter.RequestContextFilter.doFilterInternal(RequestContextFilter.java:100)
	at org.springframework.web.filter.OncePerRequestFilter.doFilter(OncePerRequestFilter.java:117)
	at org.apache.catalina.core.ApplicationFilterChain.internalDoFilter(ApplicationFilterChain.java:178)
	at org.apache.catalina.core.ApplicationFilterChain.doFilter(ApplicationFilterChain.java:153)
	at org.springframework.web.filter.FormContentFilter.doFilterInternal(FormContentFilter.java:93)
	at org.springframework.web.filter.OncePerRequestFilter.doFilter(OncePerRequestFilter.java:117)
	at org.apache.catalina.core.ApplicationFilterChain.internalDoFilter(ApplicationFilterChain.java:178)
	at org.apache.catalina.core.ApplicationFilterChain.doFilter(ApplicationFilterChain.java:153)
	at org.springframework.web.filter.CharacterEncodingFilter.doFilterInternal(CharacterEncodingFilter.java:201)
	at org.springframework.web.filter.OncePerRequestFilter.doFilter(OncePerRequestFilter.java:117)
	at org.apache.catalina.core.ApplicationFilterChain.internalDoFilter(ApplicationFilterChain.java:178)
	at org.apache.catalina.core.ApplicationFilterChain.doFilter(ApplicationFilterChain.java:153)
	at org.apache.catalina.core.StandardWrapperValve.invoke(StandardWrapperValve.java:167)
	at org.apache.catalina.core.StandardContextValve.invoke(StandardContextValve.java:90)
	at org.apache.catalina.authenticator.AuthenticatorBase.invoke(AuthenticatorBase.java:492)
	at org.apache.catalina.core.StandardHostValve.invoke(StandardHostValve.java:130)
	at org.apache.catalina.valves.ErrorReportValve.invoke(ErrorReportValve.java:93)
	at org.apache.catalina.core.StandardEngineValve.invoke(StandardEngineValve.java:74)
	at org.apache.catalina.connector.CoyoteAdapter.service(CoyoteAdapter.java:343)
	at org.apache.coyote.http11.Http11Processor.service(Http11Processor.java:389)
	at org.apache.coyote.AbstractProcessorLight.process(AbstractProcessorLight.java:63)
	at org.apache.coyote.AbstractProtocol$ConnectionHandler.process(AbstractProtocol.java:926)
	at org.apache.tomcat.util.net.NioEndpoint$SocketProcessor.doRun(NioEndpoint.java:1791)
	at org.apache.tomcat.util.net.SocketProcessorBase.run(SocketProcessorBase.java:49)
	at org.apache.tomcat.util.threads.ThreadPoolExecutor.runWorker(ThreadPoolExecutor.java:1191)
	at org.apache.tomcat.util.threads.ThreadPoolExecutor$Worker.run(ThreadPoolExecutor.java:659)
	at org.apache.tomcat.util.threads.TaskThread$WrappingRunnable.run(TaskThread.java:61)
	at java.base/java.lang.Thread.run(Thread.java:833)
2023-04-12 12:25:49,471 INFO com.shruteekatech.electronicstore.controller.CategoryController [http-nio-9696-exec-8] Initiated request to get all the Category details
2023-04-12 12:25:49,472 INFO com.shruteekatech.electronicstore.service.impl.CategoryImpl [http-nio-9696-exec-8] Initiating dao call to get the All Category data 
2023-04-12 12:25:49,513 INFO com.shruteekatech.electronicstore.service.impl.CategoryImpl [http-nio-9696-exec-8] Completed dao call to get the All Categories data 
2023-04-12 12:25:49,514 INFO com.shruteekatech.electronicstore.controller.CategoryController [http-nio-9696-exec-8] Completed request to get all the Category details
2023-04-12 12:27:50,976 INFO com.shruteekatech.electronicstore.controller.CategoryController [http-nio-9696-exec-3] Initiating the request to Get the Category :2
2023-04-12 12:27:50,978 INFO com.shruteekatech.electronicstore.service.impl.CategoryImpl [http-nio-9696-exec-3] Initiated Dao Call to Get the Category with :2
2023-04-12 12:27:51,176 WARN org.springframework.web.servlet.handler.AbstractHandlerExceptionResolver [http-nio-9696-exec-3] Resolved [com.shruteekatech.electronicstore.exception.ResourcenotFoundException: Category not Found]
2023-04-12 12:27:56,241 INFO com.shruteekatech.electronicstore.controller.CategoryController [http-nio-9696-exec-6] Initiating the request to Get the Category :1
2023-04-12 12:27:56,242 INFO com.shruteekatech.electronicstore.service.impl.CategoryImpl [http-nio-9696-exec-6] Initiated Dao Call to Get the Category with :1
2023-04-12 12:27:56,259 INFO com.shruteekatech.electronicstore.service.impl.CategoryImpl [http-nio-9696-exec-6] Completed Dao Call to Get the Category with :1
2023-04-12 12:27:56,261 INFO com.shruteekatech.electronicstore.controller.CategoryController [http-nio-9696-exec-6] Completed the request to Get the Category :1
2023-04-12 12:31:54,920 WARN org.springframework.web.servlet.handler.AbstractHandlerExceptionResolver [http-nio-9696-exec-4] Resolved [org.springframework.web.HttpRequestMethodNotSupportedException: Request method 'GET' not supported]
2023-04-12 12:32:40,555 INFO com.shruteekatech.ecommerce.validation.ImageNameValidator [http-nio-9696-exec-1] Message from isValid : Sarthak.png 
2023-04-12 12:32:40,558 INFO com.shruteekatech.electronicstore.controller.CategoryController [http-nio-9696-exec-1] Initiating the request to update the Category :1
2023-04-12 12:32:40,558 INFO com.shruteekatech.electronicstore.service.impl.CategoryImpl [http-nio-9696-exec-1] Initiated Dao Call to Update the Category with :1
2023-04-12 12:32:40,970 INFO com.shruteekatech.electronicstore.service.impl.CategoryImpl [http-nio-9696-exec-1] Completed Dao Call to Update the Category with :1
2023-04-12 12:32:40,972 INFO com.shruteekatech.electronicstore.controller.CategoryController [http-nio-9696-exec-1] Completed the request to update the Category :1
2023-04-12 12:33:06,619 INFO com.shruteekatech.ecommerce.validation.ImageNameValidator [http-nio-9696-exec-5] Message from isValid : Sarthak.png 
2023-04-12 12:33:06,621 INFO com.shruteekatech.electronicstore.controller.CategoryController [http-nio-9696-exec-5] Initiating request to Create Category
2023-04-12 12:33:06,622 INFO com.shruteekatech.electronicstore.service.impl.CategoryImpl [http-nio-9696-exec-5] Initiated Dao Call to save the Category
2023-04-12 12:33:07,281 INFO com.shruteekatech.electronicstore.service.impl.CategoryImpl [http-nio-9696-exec-5] Completed Dao call to save the Category
2023-04-12 12:33:07,282 INFO com.shruteekatech.electronicstore.controller.CategoryController [http-nio-9696-exec-5] Completed request to Create Category
2023-04-12 12:34:49,939 INFO com.shruteekatech.electronicstore.controller.CategoryController [http-nio-9696-exec-2] Initiating the request to delete the Category :2
2023-04-12 12:34:49,940 INFO com.shruteekatech.electronicstore.service.impl.CategoryImpl [http-nio-9696-exec-2] Initiated Dao Call to Delete the Category with :2
2023-04-12 12:34:49,958 INFO com.shruteekatech.electronicstore.service.impl.CategoryImpl [http-nio-9696-exec-2] Completed Dao Call to Delete the Category with :2
2023-04-12 12:34:50,179 INFO com.shruteekatech.electronicstore.controller.CategoryController [http-nio-9696-exec-2] Completed the request to update the Category :2
2023-04-12 12:38:11,463 INFO com.shruteekatech.electronicstore.controller.CategoryController [http-nio-9696-exec-10] Initiating the request to Search the Category :s
2023-04-12 12:38:11,464 INFO com.shruteekatech.electronicstore.service.impl.CategoryImpl [http-nio-9696-exec-10] Initiated Dao Call to search the Category with :s
2023-04-12 12:38:11,694 INFO com.shruteekatech.electronicstore.service.impl.CategoryImpl [http-nio-9696-exec-10] Completed Dao Call to Search the Category with :s
2023-04-12 12:38:11,696 INFO com.shruteekatech.electronicstore.controller.CategoryController [http-nio-9696-exec-10] Completed the request to Search the Category :s
2023-04-12 12:41:46,808 INFO com.shruteekatech.electronicstore.controller.CategoryController [http-nio-9696-exec-5] Initiating the request to Serve the image with categoryid:1
2023-04-12 12:41:46,809 INFO com.shruteekatech.electronicstore.service.impl.CategoryImpl [http-nio-9696-exec-5] Initiated Dao Call to Get the Category with :1
2023-04-12 12:41:46,827 INFO com.shruteekatech.electronicstore.service.impl.CategoryImpl [http-nio-9696-exec-5] Completed Dao Call to Get the Category with :1
2023-04-12 12:41:46,837 ERROR org.apache.juli.logging.DirectJDKLog [http-nio-9696-exec-5] Servlet.service() for servlet [dispatcherServlet] in context with path [] threw exception
java.io.FileNotFoundException: images\category\Sarthak.png (The system cannot find the path specified)
	at java.base/java.io.FileInputStream.open0(Native Method)
	at java.base/java.io.FileInputStream.open(FileInputStream.java:216)
	at java.base/java.io.FileInputStream.<init>(FileInputStream.java:157)
	at java.base/java.io.FileInputStream.<init>(FileInputStream.java:111)
	at com.shruteekatech.electronicstore.service.impl.FileServiceImpl.getResource(FileServiceImpl.java:67)
	at com.shruteekatech.electronicstore.controller.CategoryController.serveUserimage(CategoryController.java:120)
	at java.base/jdk.internal.reflect.NativeMethodAccessorImpl.invoke0(Native Method)
	at java.base/jdk.internal.reflect.NativeMethodAccessorImpl.invoke(NativeMethodAccessorImpl.java:77)
	at java.base/jdk.internal.reflect.DelegatingMethodAccessorImpl.invoke(DelegatingMethodAccessorImpl.java:43)
	at java.base/java.lang.reflect.Method.invoke(Method.java:568)
	at org.springframework.web.method.support.InvocableHandlerMethod.doInvoke(InvocableHandlerMethod.java:205)
	at org.springframework.web.method.support.InvocableHandlerMethod.invokeForRequest(InvocableHandlerMethod.java:150)
	at org.springframework.web.servlet.mvc.method.annotation.ServletInvocableHandlerMethod.invokeAndHandle(ServletInvocableHandlerMethod.java:117)
	at org.springframework.web.servlet.mvc.method.annotation.RequestMappingHandlerAdapter.invokeHandlerMethod(RequestMappingHandlerAdapter.java:895)
	at org.springframework.web.servlet.mvc.method.annotation.RequestMappingHandlerAdapter.handleInternal(RequestMappingHandlerAdapter.java:808)
	at org.springframework.web.servlet.mvc.method.AbstractHandlerMethodAdapter.handle(AbstractHandlerMethodAdapter.java:87)
	at org.springframework.web.servlet.DispatcherServlet.doDispatch(DispatcherServlet.java:1072)
	at org.springframework.web.servlet.DispatcherServlet.doService(DispatcherServlet.java:965)
	at org.springframework.web.servlet.FrameworkServlet.processRequest(FrameworkServlet.java:1006)
	at org.springframework.web.servlet.FrameworkServlet.doGet(FrameworkServlet.java:898)
	at javax.servlet.http.HttpServlet.service(HttpServlet.java:502)
	at org.springframework.web.servlet.FrameworkServlet.service(FrameworkServlet.java:883)
	at javax.servlet.http.HttpServlet.service(HttpServlet.java:596)
	at org.apache.catalina.core.ApplicationFilterChain.internalDoFilter(ApplicationFilterChain.java:209)
	at org.apache.catalina.core.ApplicationFilterChain.doFilter(ApplicationFilterChain.java:153)
	at org.apache.tomcat.websocket.server.WsFilter.doFilter(WsFilter.java:53)
	at org.apache.catalina.core.ApplicationFilterChain.internalDoFilter(ApplicationFilterChain.java:178)
	at org.apache.catalina.core.ApplicationFilterChain.doFilter(ApplicationFilterChain.java:153)
	at org.springframework.web.filter.RequestContextFilter.doFilterInternal(RequestContextFilter.java:100)
	at org.springframework.web.filter.OncePerRequestFilter.doFilter(OncePerRequestFilter.java:117)
	at org.apache.catalina.core.ApplicationFilterChain.internalDoFilter(ApplicationFilterChain.java:178)
	at org.apache.catalina.core.ApplicationFilterChain.doFilter(ApplicationFilterChain.java:153)
	at org.springframework.web.filter.FormContentFilter.doFilterInternal(FormContentFilter.java:93)
	at org.springframework.web.filter.OncePerRequestFilter.doFilter(OncePerRequestFilter.java:117)
	at org.apache.catalina.core.ApplicationFilterChain.internalDoFilter(ApplicationFilterChain.java:178)
	at org.apache.catalina.core.ApplicationFilterChain.doFilter(ApplicationFilterChain.java:153)
	at org.springframework.web.filter.CharacterEncodingFilter.doFilterInternal(CharacterEncodingFilter.java:201)
	at org.springframework.web.filter.OncePerRequestFilter.doFilter(OncePerRequestFilter.java:117)
	at org.apache.catalina.core.ApplicationFilterChain.internalDoFilter(ApplicationFilterChain.java:178)
	at org.apache.catalina.core.ApplicationFilterChain.doFilter(ApplicationFilterChain.java:153)
	at org.apache.catalina.core.StandardWrapperValve.invoke(StandardWrapperValve.java:167)
	at org.apache.catalina.core.StandardContextValve.invoke(StandardContextValve.java:90)
	at org.apache.catalina.authenticator.AuthenticatorBase.invoke(AuthenticatorBase.java:492)
	at org.apache.catalina.core.StandardHostValve.invoke(StandardHostValve.java:130)
	at org.apache.catalina.valves.ErrorReportValve.invoke(ErrorReportValve.java:93)
	at org.apache.catalina.core.StandardEngineValve.invoke(StandardEngineValve.java:74)
	at org.apache.catalina.connector.CoyoteAdapter.service(CoyoteAdapter.java:343)
	at org.apache.coyote.http11.Http11Processor.service(Http11Processor.java:389)
	at org.apache.coyote.AbstractProcessorLight.process(AbstractProcessorLight.java:63)
	at org.apache.coyote.AbstractProtocol$ConnectionHandler.process(AbstractProtocol.java:926)
	at org.apache.tomcat.util.net.NioEndpoint$SocketProcessor.doRun(NioEndpoint.java:1791)
	at org.apache.tomcat.util.net.SocketProcessorBase.run(SocketProcessorBase.java:49)
	at org.apache.tomcat.util.threads.ThreadPoolExecutor.runWorker(ThreadPoolExecutor.java:1191)
	at org.apache.tomcat.util.threads.ThreadPoolExecutor$Worker.run(ThreadPoolExecutor.java:659)
	at org.apache.tomcat.util.threads.TaskThread$WrappingRunnable.run(TaskThread.java:61)
	at java.base/java.lang.Thread.run(Thread.java:833)
2023-04-12 12:42:13,859 INFO com.shruteekatech.electronicstore.controller.CategoryController [http-nio-9696-exec-9] Initiating the request to Serve the image with categoryid:1
2023-04-12 12:42:13,864 INFO com.shruteekatech.electronicstore.service.impl.CategoryImpl [http-nio-9696-exec-9] Initiated Dao Call to Get the Category with :1
2023-04-12 12:42:13,886 INFO com.shruteekatech.electronicstore.service.impl.CategoryImpl [http-nio-9696-exec-9] Completed Dao Call to Get the Category with :1
2023-04-12 12:42:13,896 ERROR org.apache.juli.logging.DirectJDKLog [http-nio-9696-exec-9] Servlet.service() for servlet [dispatcherServlet] in context with path [] threw exception
java.io.FileNotFoundException: images\category\Sarthak.png (The system cannot find the path specified)
	at java.base/java.io.FileInputStream.open0(Native Method)
	at java.base/java.io.FileInputStream.open(FileInputStream.java:216)
	at java.base/java.io.FileInputStream.<init>(FileInputStream.java:157)
	at java.base/java.io.FileInputStream.<init>(FileInputStream.java:111)
	at com.shruteekatech.electronicstore.service.impl.FileServiceImpl.getResource(FileServiceImpl.java:67)
	at com.shruteekatech.electronicstore.controller.CategoryController.serveUserimage(CategoryController.java:120)
	at java.base/jdk.internal.reflect.NativeMethodAccessorImpl.invoke0(Native Method)
	at java.base/jdk.internal.reflect.NativeMethodAccessorImpl.invoke(NativeMethodAccessorImpl.java:77)
	at java.base/jdk.internal.reflect.DelegatingMethodAccessorImpl.invoke(DelegatingMethodAccessorImpl.java:43)
	at java.base/java.lang.reflect.Method.invoke(Method.java:568)
	at org.springframework.web.method.support.InvocableHandlerMethod.doInvoke(InvocableHandlerMethod.java:205)
	at org.springframework.web.method.support.InvocableHandlerMethod.invokeForRequest(InvocableHandlerMethod.java:150)
	at org.springframework.web.servlet.mvc.method.annotation.ServletInvocableHandlerMethod.invokeAndHandle(ServletInvocableHandlerMethod.java:117)
	at org.springframework.web.servlet.mvc.method.annotation.RequestMappingHandlerAdapter.invokeHandlerMethod(RequestMappingHandlerAdapter.java:895)
	at org.springframework.web.servlet.mvc.method.annotation.RequestMappingHandlerAdapter.handleInternal(RequestMappingHandlerAdapter.java:808)
	at org.springframework.web.servlet.mvc.method.AbstractHandlerMethodAdapter.handle(AbstractHandlerMethodAdapter.java:87)
	at org.springframework.web.servlet.DispatcherServlet.doDispatch(DispatcherServlet.java:1072)
	at org.springframework.web.servlet.DispatcherServlet.doService(DispatcherServlet.java:965)
	at org.springframework.web.servlet.FrameworkServlet.processRequest(FrameworkServlet.java:1006)
	at org.springframework.web.servlet.FrameworkServlet.doGet(FrameworkServlet.java:898)
	at javax.servlet.http.HttpServlet.service(HttpServlet.java:502)
	at org.springframework.web.servlet.FrameworkServlet.service(FrameworkServlet.java:883)
	at javax.servlet.http.HttpServlet.service(HttpServlet.java:596)
	at org.apache.catalina.core.ApplicationFilterChain.internalDoFilter(ApplicationFilterChain.java:209)
	at org.apache.catalina.core.ApplicationFilterChain.doFilter(ApplicationFilterChain.java:153)
	at org.apache.tomcat.websocket.server.WsFilter.doFilter(WsFilter.java:53)
	at org.apache.catalina.core.ApplicationFilterChain.internalDoFilter(ApplicationFilterChain.java:178)
	at org.apache.catalina.core.ApplicationFilterChain.doFilter(ApplicationFilterChain.java:153)
	at org.springframework.web.filter.RequestContextFilter.doFilterInternal(RequestContextFilter.java:100)
	at org.springframework.web.filter.OncePerRequestFilter.doFilter(OncePerRequestFilter.java:117)
	at org.apache.catalina.core.ApplicationFilterChain.internalDoFilter(ApplicationFilterChain.java:178)
	at org.apache.catalina.core.ApplicationFilterChain.doFilter(ApplicationFilterChain.java:153)
	at org.springframework.web.filter.FormContentFilter.doFilterInternal(FormContentFilter.java:93)
	at org.springframework.web.filter.OncePerRequestFilter.doFilter(OncePerRequestFilter.java:117)
	at org.apache.catalina.core.ApplicationFilterChain.internalDoFilter(ApplicationFilterChain.java:178)
	at org.apache.catalina.core.ApplicationFilterChain.doFilter(ApplicationFilterChain.java:153)
	at org.springframework.web.filter.CharacterEncodingFilter.doFilterInternal(CharacterEncodingFilter.java:201)
	at org.springframework.web.filter.OncePerRequestFilter.doFilter(OncePerRequestFilter.java:117)
	at org.apache.catalina.core.ApplicationFilterChain.internalDoFilter(ApplicationFilterChain.java:178)
	at org.apache.catalina.core.ApplicationFilterChain.doFilter(ApplicationFilterChain.java:153)
	at org.apache.catalina.core.StandardWrapperValve.invoke(StandardWrapperValve.java:167)
	at org.apache.catalina.core.StandardContextValve.invoke(StandardContextValve.java:90)
	at org.apache.catalina.authenticator.AuthenticatorBase.invoke(AuthenticatorBase.java:492)
	at org.apache.catalina.core.StandardHostValve.invoke(StandardHostValve.java:130)
	at org.apache.catalina.valves.ErrorReportValve.invoke(ErrorReportValve.java:93)
	at org.apache.catalina.core.StandardEngineValve.invoke(StandardEngineValve.java:74)
	at org.apache.catalina.connector.CoyoteAdapter.service(CoyoteAdapter.java:343)
	at org.apache.coyote.http11.Http11Processor.service(Http11Processor.java:389)
	at org.apache.coyote.AbstractProcessorLight.process(AbstractProcessorLight.java:63)
	at org.apache.coyote.AbstractProtocol$ConnectionHandler.process(AbstractProtocol.java:926)
	at org.apache.tomcat.util.net.NioEndpoint$SocketProcessor.doRun(NioEndpoint.java:1791)
	at org.apache.tomcat.util.net.SocketProcessorBase.run(SocketProcessorBase.java:49)
	at org.apache.tomcat.util.threads.ThreadPoolExecutor.runWorker(ThreadPoolExecutor.java:1191)
	at org.apache.tomcat.util.threads.ThreadPoolExecutor$Worker.run(ThreadPoolExecutor.java:659)
	at org.apache.tomcat.util.threads.TaskThread$WrappingRunnable.run(TaskThread.java:61)
	at java.base/java.lang.Thread.run(Thread.java:833)
2023-04-12 12:43:02,454 WARN org.springframework.web.servlet.handler.AbstractHandlerExceptionResolver [http-nio-9696-exec-3] Resolved [org.springframework.web.HttpRequestMethodNotSupportedException: Request method 'POST' not supported]
2023-04-12 12:43:37,255 INFO com.shruteekatech.electronicstore.controller.CategoryController [http-nio-9696-exec-6] Initiating the request to Upload the image with categoryid:1
2023-04-12 12:43:37,259 INFO com.shruteekatech.electronicstore.service.impl.CategoryImpl [http-nio-9696-exec-6] Initiated Dao Call to Get the Category with :1
2023-04-12 12:43:37,271 INFO com.shruteekatech.electronicstore.service.impl.CategoryImpl [http-nio-9696-exec-6] Completed Dao Call to Get the Category with :1
2023-04-12 12:43:37,277 INFO com.shruteekatech.electronicstore.service.impl.FileServiceImpl [http-nio-9696-exec-6] Filename :github logo.png
2023-04-12 12:43:37,299 INFO com.shruteekatech.electronicstore.service.impl.CategoryImpl [http-nio-9696-exec-6] Initiated Dao Call to Update the Category with :1
2023-04-12 12:43:37,547 INFO com.shruteekatech.electronicstore.service.impl.CategoryImpl [http-nio-9696-exec-6] Completed Dao Call to Update the Category with :1
2023-04-12 12:43:37,602 INFO com.shruteekatech.electronicstore.controller.CategoryController [http-nio-9696-exec-6]  Completed the request to upload image process
2023-04-12 12:43:37,614 WARN org.springframework.web.multipart.support.StandardServletMultipartResolver [http-nio-9696-exec-6] Failed to perform cleanup of multipart items
java.io.UncheckedIOException: Cannot delete C:\Users\hp\AppData\Local\Temp\tomcat.9696.14754413758557217228\work\Tomcat\localhost\ROOT\upload_9f86c474_c654_4716_a1e2_1f40f85f2d99_00000003.tmp
	at org.apache.tomcat.util.http.fileupload.disk.DiskFileItem.delete(DiskFileItem.java:431)
	at org.apache.catalina.core.ApplicationPart.delete(ApplicationPart.java:53)
	at org.springframework.web.multipart.support.StandardServletMultipartResolver.cleanupMultipart(StandardServletMultipartResolver.java:134)
	at org.springframework.web.servlet.DispatcherServlet.cleanupMultipart(DispatcherServlet.java:1251)
	at org.springframework.web.servlet.DispatcherServlet.doDispatch(DispatcherServlet.java:1108)
	at org.springframework.web.servlet.DispatcherServlet.doService(DispatcherServlet.java:965)
	at org.springframework.web.servlet.FrameworkServlet.processRequest(FrameworkServlet.java:1006)
	at org.springframework.web.servlet.FrameworkServlet.doPost(FrameworkServlet.java:909)
	at javax.servlet.http.HttpServlet.service(HttpServlet.java:528)
	at org.springframework.web.servlet.FrameworkServlet.service(FrameworkServlet.java:883)
	at javax.servlet.http.HttpServlet.service(HttpServlet.java:596)
	at org.apache.catalina.core.ApplicationFilterChain.internalDoFilter(ApplicationFilterChain.java:209)
	at org.apache.catalina.core.ApplicationFilterChain.doFilter(ApplicationFilterChain.java:153)
	at org.apache.tomcat.websocket.server.WsFilter.doFilter(WsFilter.java:53)
	at org.apache.catalina.core.ApplicationFilterChain.internalDoFilter(ApplicationFilterChain.java:178)
	at org.apache.catalina.core.ApplicationFilterChain.doFilter(ApplicationFilterChain.java:153)
	at org.springframework.web.filter.RequestContextFilter.doFilterInternal(RequestContextFilter.java:100)
	at org.springframework.web.filter.OncePerRequestFilter.doFilter(OncePerRequestFilter.java:117)
	at org.apache.catalina.core.ApplicationFilterChain.internalDoFilter(ApplicationFilterChain.java:178)
	at org.apache.catalina.core.ApplicationFilterChain.doFilter(ApplicationFilterChain.java:153)
	at org.springframework.web.filter.FormContentFilter.doFilterInternal(FormContentFilter.java:93)
	at org.springframework.web.filter.OncePerRequestFilter.doFilter(OncePerRequestFilter.java:117)
	at org.apache.catalina.core.ApplicationFilterChain.internalDoFilter(ApplicationFilterChain.java:178)
	at org.apache.catalina.core.ApplicationFilterChain.doFilter(ApplicationFilterChain.java:153)
	at org.springframework.web.filter.CharacterEncodingFilter.doFilterInternal(CharacterEncodingFilter.java:201)
	at org.springframework.web.filter.OncePerRequestFilter.doFilter(OncePerRequestFilter.java:117)
	at org.apache.catalina.core.ApplicationFilterChain.internalDoFilter(ApplicationFilterChain.java:178)
	at org.apache.catalina.core.ApplicationFilterChain.doFilter(ApplicationFilterChain.java:153)
	at org.apache.catalina.core.StandardWrapperValve.invoke(StandardWrapperValve.java:167)
	at org.apache.catalina.core.StandardContextValve.invoke(StandardContextValve.java:90)
	at org.apache.catalina.authenticator.AuthenticatorBase.invoke(AuthenticatorBase.java:492)
	at org.apache.catalina.core.StandardHostValve.invoke(StandardHostValve.java:130)
	at org.apache.catalina.valves.ErrorReportValve.invoke(ErrorReportValve.java:93)
	at org.apache.catalina.core.StandardEngineValve.invoke(StandardEngineValve.java:74)
	at org.apache.catalina.connector.CoyoteAdapter.service(CoyoteAdapter.java:343)
	at org.apache.coyote.http11.Http11Processor.service(Http11Processor.java:389)
	at org.apache.coyote.AbstractProcessorLight.process(AbstractProcessorLight.java:63)
	at org.apache.coyote.AbstractProtocol$ConnectionHandler.process(AbstractProtocol.java:926)
	at org.apache.tomcat.util.net.NioEndpoint$SocketProcessor.doRun(NioEndpoint.java:1791)
	at org.apache.tomcat.util.net.SocketProcessorBase.run(SocketProcessorBase.java:49)
	at org.apache.tomcat.util.threads.ThreadPoolExecutor.runWorker(ThreadPoolExecutor.java:1191)
	at org.apache.tomcat.util.threads.ThreadPoolExecutor$Worker.run(ThreadPoolExecutor.java:659)
	at org.apache.tomcat.util.threads.TaskThread$WrappingRunnable.run(TaskThread.java:61)
	at java.base/java.lang.Thread.run(Thread.java:833)
Caused by: java.io.IOException: Cannot delete C:\Users\hp\AppData\Local\Temp\tomcat.9696.14754413758557217228\work\Tomcat\localhost\ROOT\upload_9f86c474_c654_4716_a1e2_1f40f85f2d99_00000003.tmp
	... 44 common frames omitted
2023-04-12 12:43:37,616 ERROR org.apache.juli.logging.DirectJDKLog [http-nio-9696-exec-6] Error processing request
java.io.UncheckedIOException: Cannot delete C:\Users\hp\AppData\Local\Temp\tomcat.9696.14754413758557217228\work\Tomcat\localhost\ROOT\upload_9f86c474_c654_4716_a1e2_1f40f85f2d99_00000003.tmp
	at org.apache.tomcat.util.http.fileupload.disk.DiskFileItem.delete(DiskFileItem.java:431)
	at org.apache.catalina.core.ApplicationPart.delete(ApplicationPart.java:53)
	at org.apache.catalina.connector.Request.recycle(Request.java:474)
	at org.apache.catalina.connector.CoyoteAdapter.service(CoyoteAdapter.java:421)
	at org.apache.coyote.http11.Http11Processor.service(Http11Processor.java:389)
	at org.apache.coyote.AbstractProcessorLight.process(AbstractProcessorLight.java:63)
	at org.apache.coyote.AbstractProtocol$ConnectionHandler.process(AbstractProtocol.java:926)
	at org.apache.tomcat.util.net.NioEndpoint$SocketProcessor.doRun(NioEndpoint.java:1791)
	at org.apache.tomcat.util.net.SocketProcessorBase.run(SocketProcessorBase.java:49)
	at org.apache.tomcat.util.threads.ThreadPoolExecutor.runWorker(ThreadPoolExecutor.java:1191)
	at org.apache.tomcat.util.threads.ThreadPoolExecutor$Worker.run(ThreadPoolExecutor.java:659)
	at org.apache.tomcat.util.threads.TaskThread$WrappingRunnable.run(TaskThread.java:61)
	at java.base/java.lang.Thread.run(Thread.java:833)
Caused by: java.io.IOException: Cannot delete C:\Users\hp\AppData\Local\Temp\tomcat.9696.14754413758557217228\work\Tomcat\localhost\ROOT\upload_9f86c474_c654_4716_a1e2_1f40f85f2d99_00000003.tmp
	... 13 common frames omitted
2023-04-12 12:43:37,714 ERROR org.apache.juli.logging.DirectJDKLog [http-nio-9696-exec-6] Error reading request, ignored
java.io.UncheckedIOException: Cannot delete C:\Users\hp\AppData\Local\Temp\tomcat.9696.14754413758557217228\work\Tomcat\localhost\ROOT\upload_9f86c474_c654_4716_a1e2_1f40f85f2d99_00000003.tmp
	at org.apache.tomcat.util.http.fileupload.disk.DiskFileItem.delete(DiskFileItem.java:431)
	at org.apache.catalina.core.ApplicationPart.delete(ApplicationPart.java:53)
	at org.apache.catalina.connector.Request.recycle(Request.java:474)
	at org.apache.catalina.connector.CoyoteAdapter.log(CoyoteAdapter.java:494)
	at org.apache.coyote.http11.Http11Processor.service(Http11Processor.java:419)
	at org.apache.coyote.AbstractProcessorLight.process(AbstractProcessorLight.java:63)
	at org.apache.coyote.AbstractProtocol$ConnectionHandler.process(AbstractProtocol.java:926)
	at org.apache.tomcat.util.net.NioEndpoint$SocketProcessor.doRun(NioEndpoint.java:1791)
	at org.apache.tomcat.util.net.SocketProcessorBase.run(SocketProcessorBase.java:49)
	at org.apache.tomcat.util.threads.ThreadPoolExecutor.runWorker(ThreadPoolExecutor.java:1191)
	at org.apache.tomcat.util.threads.ThreadPoolExecutor$Worker.run(ThreadPoolExecutor.java:659)
	at org.apache.tomcat.util.threads.TaskThread$WrappingRunnable.run(TaskThread.java:61)
	at java.base/java.lang.Thread.run(Thread.java:833)
Caused by: java.io.IOException: Cannot delete C:\Users\hp\AppData\Local\Temp\tomcat.9696.14754413758557217228\work\Tomcat\localhost\ROOT\upload_9f86c474_c654_4716_a1e2_1f40f85f2d99_00000003.tmp
	... 13 common frames omitted
2023-04-12 12:43:37,716 ERROR org.apache.juli.logging.DirectJDKLog [http-nio-9696-exec-6] Error running socket processor
java.io.UncheckedIOException: Cannot delete C:\Users\hp\AppData\Local\Temp\tomcat.9696.14754413758557217228\work\Tomcat\localhost\ROOT\upload_9f86c474_c654_4716_a1e2_1f40f85f2d99_00000003.tmp
	at org.apache.tomcat.util.http.fileupload.disk.DiskFileItem.delete(DiskFileItem.java:431)
	at org.apache.catalina.core.ApplicationPart.delete(ApplicationPart.java:53)
	at org.apache.catalina.connector.Request.recycle(Request.java:474)
	at org.apache.catalina.connector.CoyoteAdapter.log(CoyoteAdapter.java:494)
	at org.apache.catalina.connector.CoyoteAdapter.checkRecycled(CoyoteAdapter.java:517)
	at org.apache.coyote.http11.Http11Processor.recycle(Http11Processor.java:1415)
	at org.apache.coyote.AbstractProtocol$ConnectionHandler.release(AbstractProtocol.java:1129)
	at org.apache.coyote.AbstractProtocol$ConnectionHandler.process(AbstractProtocol.java:1090)
	at org.apache.tomcat.util.net.NioEndpoint$SocketProcessor.doRun(NioEndpoint.java:1791)
	at org.apache.tomcat.util.net.SocketProcessorBase.run(SocketProcessorBase.java:49)
	at org.apache.tomcat.util.threads.ThreadPoolExecutor.runWorker(ThreadPoolExecutor.java:1191)
	at org.apache.tomcat.util.threads.ThreadPoolExecutor$Worker.run(ThreadPoolExecutor.java:659)
	at org.apache.tomcat.util.threads.TaskThread$WrappingRunnable.run(TaskThread.java:61)
	at java.base/java.lang.Thread.run(Thread.java:833)
Caused by: java.io.IOException: Cannot delete C:\Users\hp\AppData\Local\Temp\tomcat.9696.14754413758557217228\work\Tomcat\localhost\ROOT\upload_9f86c474_c654_4716_a1e2_1f40f85f2d99_00000003.tmp
	... 14 common frames omitted
2023-04-12 12:45:40,357 INFO com.shruteekatech.electronicstore.controller.CategoryController [http-nio-9696-exec-10] Initiating the request to Serve the image with categoryid:1
2023-04-12 12:45:40,358 INFO com.shruteekatech.electronicstore.service.impl.CategoryImpl [http-nio-9696-exec-10] Initiated Dao Call to Get the Category with :1
2023-04-12 12:45:40,374 INFO com.shruteekatech.electronicstore.service.impl.CategoryImpl [http-nio-9696-exec-10] Completed Dao Call to Get the Category with :1
2023-04-12 12:45:40,386 INFO com.shruteekatech.electronicstore.controller.CategoryController [http-nio-9696-exec-10] Completed the request to Serve the image with categoryid:1
2023-04-12 13:15:08,957 INFO com.shruteekatech.electronicstore.controller.ProductController [http-nio-9696-exec-8] Intiating request to Create Product
2023-04-12 13:15:08,958 INFO com.shruteekatech.electronicstore.service.impl.ProductImpl [http-nio-9696-exec-8] Intiating dao call to save the Product
2023-04-12 13:15:10,325 INFO com.shruteekatech.electronicstore.service.impl.ProductImpl [http-nio-9696-exec-8] Completed dao call to save the Product
2023-04-12 13:15:10,333 INFO com.shruteekatech.electronicstore.controller.ProductController [http-nio-9696-exec-8] Completed request to create the Product
2023-04-12 13:15:55,530 INFO org.springframework.orm.jpa.AbstractEntityManagerFactoryBean [SpringApplicationShutdownHook] Closing JPA EntityManagerFactory for persistence unit 'default'
2023-04-12 13:15:55,584 INFO com.zaxxer.hikari.HikariDataSource [SpringApplicationShutdownHook] HikariPool-1 - Shutdown initiated...
2023-04-12 13:15:55,636 INFO com.zaxxer.hikari.HikariDataSource [SpringApplicationShutdownHook] HikariPool-1 - Shutdown completed.
2023-04-12 22:40:48,928 INFO org.springframework.test.context.support.AbstractTestContextBootstrapper [main] Neither @ContextConfiguration nor @ContextHierarchy found for test class [com.shruteekatech.electronicstore.serviceimpltest.ServiceTest], using SpringBootContextLoader
2023-04-12 22:40:48,948 INFO org.springframework.test.context.support.AbstractContextLoader [main] Could not detect default resource locations for test class [com.shruteekatech.electronicstore.serviceimpltest.ServiceTest]: no resource found for suffixes {-context.xml, Context.groovy}.
2023-04-12 22:40:48,949 INFO org.springframework.test.context.support.AnnotationConfigContextLoaderUtils [main] Could not detect default configuration classes for test class [com.shruteekatech.electronicstore.serviceimpltest.ServiceTest]: ServiceTest does not declare any static, non-private, non-final, nested classes annotated with @Configuration.
2023-04-12 22:40:49,506 INFO org.springframework.boot.test.context.SpringBootTestContextBootstrapper [main] Found @SpringBootConfiguration com.shruteekatech.electronicstore.ElectronicstoreApplication for test class com.shruteekatech.electronicstore.serviceimpltest.ServiceTest
2023-04-12 22:40:50,155 INFO org.springframework.test.context.support.AbstractTestContextBootstrapper [main] Loaded default TestExecutionListener class names from location [META-INF/spring.factories]: [org.springframework.boot.test.mock.mockito.MockitoTestExecutionListener, org.springframework.boot.test.mock.mockito.ResetMocksTestExecutionListener, org.springframework.boot.test.autoconfigure.restdocs.RestDocsTestExecutionListener, org.springframework.boot.test.autoconfigure.web.client.MockRestServiceServerResetTestExecutionListener, org.springframework.boot.test.autoconfigure.web.servlet.MockMvcPrintOnlyOnFailureTestExecutionListener, org.springframework.boot.test.autoconfigure.web.servlet.WebDriverTestExecutionListener, org.springframework.boot.test.autoconfigure.webservices.client.MockWebServiceServerTestExecutionListener, org.springframework.test.context.web.ServletTestExecutionListener, org.springframework.test.context.support.DirtiesContextBeforeModesTestExecutionListener, org.springframework.test.context.event.ApplicationEventsTestExecutionListener, org.springframework.test.context.support.DependencyInjectionTestExecutionListener, org.springframework.test.context.support.DirtiesContextTestExecutionListener, org.springframework.test.context.transaction.TransactionalTestExecutionListener, org.springframework.test.context.jdbc.SqlScriptsTestExecutionListener, org.springframework.test.context.event.EventPublishingTestExecutionListener]
2023-04-12 22:40:50,259 INFO org.springframework.test.context.support.AbstractTestContextBootstrapper [main] Using TestExecutionListeners: [org.springframework.test.context.web.ServletTestExecutionListener@3569fc08, org.springframework.test.context.support.DirtiesContextBeforeModesTestExecutionListener@20b12f8a, org.springframework.test.context.event.ApplicationEventsTestExecutionListener@e84a8e1, org.springframework.boot.test.mock.mockito.MockitoTestExecutionListener@2e554a3b, org.springframework.boot.test.autoconfigure.SpringBootDependencyInjectionTestExecutionListener@54a67a45, org.springframework.test.context.support.DirtiesContextTestExecutionListener@7d42c224, org.springframework.test.context.transaction.TransactionalTestExecutionListener@56aaaecd, org.springframework.test.context.jdbc.SqlScriptsTestExecutionListener@522a32b1, org.springframework.test.context.event.EventPublishingTestExecutionListener@35390ee3, org.springframework.boot.test.mock.mockito.ResetMocksTestExecutionListener@5e01a982, org.springframework.boot.test.autoconfigure.restdocs.RestDocsTestExecutionListener@5ddea849, org.springframework.boot.test.autoconfigure.web.client.MockRestServiceServerResetTestExecutionListener@5ee2b6f9, org.springframework.boot.test.autoconfigure.web.servlet.MockMvcPrintOnlyOnFailureTestExecutionListener@23d1e5d0, org.springframework.boot.test.autoconfigure.web.servlet.WebDriverTestExecutionListener@704f1591, org.springframework.boot.test.autoconfigure.webservices.client.MockWebServiceServerTestExecutionListener@58fb7731]
2023-04-12 22:40:51,542 INFO org.springframework.boot.StartupInfoLogger [main] Starting ServiceTest using Java 17.0.4 on MohitSindhpure with PID 20432 (started by hp in G:\Intellije-WorkSpace\Electronicstore)
2023-04-12 22:40:51,546 INFO org.springframework.boot.SpringApplication [main] The following 1 profile is active: "dev"
2023-04-12 22:40:51,584 INFO org.hibernate.validator.internal.util.Version [background-preinit] HV000001: Hibernate Validator 6.2.5.Final
2023-04-12 22:40:55,159 INFO org.springframework.data.repository.config.RepositoryConfigurationDelegate [main] Bootstrapping Spring Data JPA repositories in DEFAULT mode.
2023-04-12 22:40:55,484 INFO org.springframework.data.repository.config.RepositoryConfigurationDelegate [main] Finished Spring Data repository scanning in 263 ms. Found 3 JPA repository interfaces.
2023-04-12 22:40:59,391 INFO org.hibernate.jpa.internal.util.LogHelper [main] HHH000204: Processing PersistenceUnitInfo [name: default]
2023-04-12 22:40:59,548 INFO org.hibernate.Version [main] HHH000412: Hibernate ORM core version 5.6.15.Final
2023-04-12 22:40:59,615 INFO org.hibernate.annotations.common.reflection.java.JavaReflectionManager [main] HCANN000001: Hibernate Commons Annotations {5.1.2.Final}
2023-04-12 22:40:59,914 INFO com.zaxxer.hikari.HikariDataSource [main] HikariPool-1 - Starting...
2023-04-12 22:41:03,308 INFO com.zaxxer.hikari.HikariDataSource [main] HikariPool-1 - Start completed.
2023-04-12 22:41:03,481 INFO org.hibernate.dialect.Dialect [main] HHH000400: Using dialect: org.hibernate.dialect.MySQL8Dialect
2023-04-12 22:41:06,248 INFO org.hibernate.engine.transaction.jta.platform.internal.JtaPlatformInitiator [main] HHH000490: Using JtaPlatform implementation: [org.hibernate.engine.transaction.jta.platform.internal.NoJtaPlatform]
2023-04-12 22:41:06,267 INFO org.springframework.orm.jpa.AbstractEntityManagerFactoryBean [main] Initialized JPA EntityManagerFactory for persistence unit 'default'
2023-04-12 22:41:07,981 WARN org.springframework.boot.autoconfigure.orm.jpa.JpaBaseConfiguration$JpaWebConfiguration [main] spring.jpa.open-in-view is enabled by default. Therefore, database queries may be performed during view rendering. Explicitly configure spring.jpa.open-in-view to disable this warning
2023-04-12 22:41:09,164 INFO org.springframework.boot.StartupInfoLogger [main] Started ServiceTest in 18.791 seconds (JVM running for 23.051)
2023-04-12 22:41:09,526 INFO com.shruteekatech.electronicstore.service.impl.UserServiceimpl [main] Initiating dao call to Save the user data
2023-04-12 22:41:09,538 INFO com.shruteekatech.electronicstore.service.impl.UserServiceimpl [main] Completed dao call to Save the user data
2023-04-12 22:41:09,603 INFO org.springframework.orm.jpa.AbstractEntityManagerFactoryBean [SpringApplicationShutdownHook] Closing JPA EntityManagerFactory for persistence unit 'default'
2023-04-12 22:41:09,629 INFO com.zaxxer.hikari.HikariDataSource [SpringApplicationShutdownHook] HikariPool-1 - Shutdown initiated...
2023-04-12 22:41:09,678 INFO com.zaxxer.hikari.HikariDataSource [SpringApplicationShutdownHook] HikariPool-1 - Shutdown completed.
2023-04-12 22:42:55,176 INFO org.springframework.test.context.support.AbstractTestContextBootstrapper [main] Neither @ContextConfiguration nor @ContextHierarchy found for test class [com.shruteekatech.electronicstore.serviceimpltest.ServiceTest], using SpringBootContextLoader
2023-04-12 22:42:55,188 INFO org.springframework.test.context.support.AbstractContextLoader [main] Could not detect default resource locations for test class [com.shruteekatech.electronicstore.serviceimpltest.ServiceTest]: no resource found for suffixes {-context.xml, Context.groovy}.
2023-04-12 22:42:55,190 INFO org.springframework.test.context.support.AnnotationConfigContextLoaderUtils [main] Could not detect default configuration classes for test class [com.shruteekatech.electronicstore.serviceimpltest.ServiceTest]: ServiceTest does not declare any static, non-private, non-final, nested classes annotated with @Configuration.
2023-04-12 22:42:55,434 INFO org.springframework.boot.test.context.SpringBootTestContextBootstrapper [main] Found @SpringBootConfiguration com.shruteekatech.electronicstore.ElectronicstoreApplication for test class com.shruteekatech.electronicstore.serviceimpltest.ServiceTest
2023-04-12 22:42:55,717 INFO org.springframework.test.context.support.AbstractTestContextBootstrapper [main] Loaded default TestExecutionListener class names from location [META-INF/spring.factories]: [org.springframework.boot.test.mock.mockito.MockitoTestExecutionListener, org.springframework.boot.test.mock.mockito.ResetMocksTestExecutionListener, org.springframework.boot.test.autoconfigure.restdocs.RestDocsTestExecutionListener, org.springframework.boot.test.autoconfigure.web.client.MockRestServiceServerResetTestExecutionListener, org.springframework.boot.test.autoconfigure.web.servlet.MockMvcPrintOnlyOnFailureTestExecutionListener, org.springframework.boot.test.autoconfigure.web.servlet.WebDriverTestExecutionListener, org.springframework.boot.test.autoconfigure.webservices.client.MockWebServiceServerTestExecutionListener, org.springframework.test.context.web.ServletTestExecutionListener, org.springframework.test.context.support.DirtiesContextBeforeModesTestExecutionListener, org.springframework.test.context.event.ApplicationEventsTestExecutionListener, org.springframework.test.context.support.DependencyInjectionTestExecutionListener, org.springframework.test.context.support.DirtiesContextTestExecutionListener, org.springframework.test.context.transaction.TransactionalTestExecutionListener, org.springframework.test.context.jdbc.SqlScriptsTestExecutionListener, org.springframework.test.context.event.EventPublishingTestExecutionListener]
2023-04-12 22:42:55,763 INFO org.springframework.test.context.support.AbstractTestContextBootstrapper [main] Using TestExecutionListeners: [org.springframework.test.context.web.ServletTestExecutionListener@20b12f8a, org.springframework.test.context.support.DirtiesContextBeforeModesTestExecutionListener@e84a8e1, org.springframework.test.context.event.ApplicationEventsTestExecutionListener@2e554a3b, org.springframework.boot.test.mock.mockito.MockitoTestExecutionListener@54a67a45, org.springframework.boot.test.autoconfigure.SpringBootDependencyInjectionTestExecutionListener@7d42c224, org.springframework.test.context.support.DirtiesContextTestExecutionListener@56aaaecd, org.springframework.test.context.transaction.TransactionalTestExecutionListener@522a32b1, org.springframework.test.context.jdbc.SqlScriptsTestExecutionListener@35390ee3, org.springframework.test.context.event.EventPublishingTestExecutionListener@5e01a982, org.springframework.boot.test.mock.mockito.ResetMocksTestExecutionListener@5ddea849, org.springframework.boot.test.autoconfigure.restdocs.RestDocsTestExecutionListener@5ee2b6f9, org.springframework.boot.test.autoconfigure.web.client.MockRestServiceServerResetTestExecutionListener@23d1e5d0, org.springframework.boot.test.autoconfigure.web.servlet.MockMvcPrintOnlyOnFailureTestExecutionListener@704f1591, org.springframework.boot.test.autoconfigure.web.servlet.WebDriverTestExecutionListener@58fb7731, org.springframework.boot.test.autoconfigure.webservices.client.MockWebServiceServerTestExecutionListener@13e547a9]
2023-04-12 22:42:56,580 INFO org.springframework.boot.StartupInfoLogger [main] Starting ServiceTest using Java 17.0.4 on MohitSindhpure with PID 22244 (started by hp in G:\Intellije-WorkSpace\Electronicstore)
2023-04-12 22:42:56,582 INFO org.springframework.boot.SpringApplication [main] The following 1 profile is active: "dev"
2023-04-12 22:42:56,624 INFO org.hibernate.validator.internal.util.Version [background-preinit] HV000001: Hibernate Validator 6.2.5.Final
2023-04-12 22:42:57,733 INFO org.springframework.data.repository.config.RepositoryConfigurationDelegate [main] Bootstrapping Spring Data JPA repositories in DEFAULT mode.
2023-04-12 22:42:57,814 INFO org.springframework.data.repository.config.RepositoryConfigurationDelegate [main] Finished Spring Data repository scanning in 69 ms. Found 3 JPA repository interfaces.
2023-04-12 22:42:59,764 INFO org.hibernate.jpa.internal.util.LogHelper [main] HHH000204: Processing PersistenceUnitInfo [name: default]
2023-04-12 22:43:00,004 INFO org.hibernate.Version [main] HHH000412: Hibernate ORM core version 5.6.15.Final
2023-04-12 22:43:00,144 INFO org.hibernate.annotations.common.reflection.java.JavaReflectionManager [main] HCANN000001: Hibernate Commons Annotations {5.1.2.Final}
2023-04-12 22:43:00,337 INFO com.zaxxer.hikari.HikariDataSource [main] HikariPool-1 - Starting...
2023-04-12 22:43:01,026 INFO com.zaxxer.hikari.HikariDataSource [main] HikariPool-1 - Start completed.
2023-04-12 22:43:01,050 INFO org.hibernate.dialect.Dialect [main] HHH000400: Using dialect: org.hibernate.dialect.MySQL8Dialect
2023-04-12 22:43:03,830 INFO org.hibernate.engine.transaction.jta.platform.internal.JtaPlatformInitiator [main] HHH000490: Using JtaPlatform implementation: [org.hibernate.engine.transaction.jta.platform.internal.NoJtaPlatform]
2023-04-12 22:43:03,865 INFO org.springframework.orm.jpa.AbstractEntityManagerFactoryBean [main] Initialized JPA EntityManagerFactory for persistence unit 'default'
2023-04-12 22:43:05,616 WARN org.springframework.boot.autoconfigure.orm.jpa.JpaBaseConfiguration$JpaWebConfiguration [main] spring.jpa.open-in-view is enabled by default. Therefore, database queries may be performed during view rendering. Explicitly configure spring.jpa.open-in-view to disable this warning
2023-04-12 22:43:07,040 INFO org.springframework.boot.StartupInfoLogger [main] Started ServiceTest in 11.16 seconds (JVM running for 13.288)
2023-04-12 22:43:07,295 INFO com.shruteekatech.electronicstore.service.impl.UserServiceimpl [main] Initiating dao call to Save the user data
2023-04-12 22:43:07,301 INFO com.shruteekatech.electronicstore.service.impl.UserServiceimpl [main] Completed dao call to Save the user data
2023-04-12 22:43:07,386 INFO org.springframework.orm.jpa.AbstractEntityManagerFactoryBean [SpringApplicationShutdownHook] Closing JPA EntityManagerFactory for persistence unit 'default'
2023-04-12 22:43:07,389 INFO com.zaxxer.hikari.HikariDataSource [SpringApplicationShutdownHook] HikariPool-1 - Shutdown initiated...
2023-04-12 22:43:07,398 INFO com.zaxxer.hikari.HikariDataSource [SpringApplicationShutdownHook] HikariPool-1 - Shutdown completed.
2023-04-12 22:43:51,587 INFO org.springframework.test.context.support.AbstractTestContextBootstrapper [main] Neither @ContextConfiguration nor @ContextHierarchy found for test class [com.shruteekatech.electronicstore.serviceimpltest.ServiceTest], using SpringBootContextLoader
2023-04-12 22:43:51,608 INFO org.springframework.test.context.support.AbstractContextLoader [main] Could not detect default resource locations for test class [com.shruteekatech.electronicstore.serviceimpltest.ServiceTest]: no resource found for suffixes {-context.xml, Context.groovy}.
2023-04-12 22:43:51,610 INFO org.springframework.test.context.support.AnnotationConfigContextLoaderUtils [main] Could not detect default configuration classes for test class [com.shruteekatech.electronicstore.serviceimpltest.ServiceTest]: ServiceTest does not declare any static, non-private, non-final, nested classes annotated with @Configuration.
2023-04-12 22:43:51,958 INFO org.springframework.boot.test.context.SpringBootTestContextBootstrapper [main] Found @SpringBootConfiguration com.shruteekatech.electronicstore.ElectronicstoreApplication for test class com.shruteekatech.electronicstore.serviceimpltest.ServiceTest
2023-04-12 22:43:52,206 INFO org.springframework.test.context.support.AbstractTestContextBootstrapper [main] Loaded default TestExecutionListener class names from location [META-INF/spring.factories]: [org.springframework.boot.test.mock.mockito.MockitoTestExecutionListener, org.springframework.boot.test.mock.mockito.ResetMocksTestExecutionListener, org.springframework.boot.test.autoconfigure.restdocs.RestDocsTestExecutionListener, org.springframework.boot.test.autoconfigure.web.client.MockRestServiceServerResetTestExecutionListener, org.springframework.boot.test.autoconfigure.web.servlet.MockMvcPrintOnlyOnFailureTestExecutionListener, org.springframework.boot.test.autoconfigure.web.servlet.WebDriverTestExecutionListener, org.springframework.boot.test.autoconfigure.webservices.client.MockWebServiceServerTestExecutionListener, org.springframework.test.context.web.ServletTestExecutionListener, org.springframework.test.context.support.DirtiesContextBeforeModesTestExecutionListener, org.springframework.test.context.event.ApplicationEventsTestExecutionListener, org.springframework.test.context.support.DependencyInjectionTestExecutionListener, org.springframework.test.context.support.DirtiesContextTestExecutionListener, org.springframework.test.context.transaction.TransactionalTestExecutionListener, org.springframework.test.context.jdbc.SqlScriptsTestExecutionListener, org.springframework.test.context.event.EventPublishingTestExecutionListener]
2023-04-12 22:43:52,230 INFO org.springframework.test.context.support.AbstractTestContextBootstrapper [main] Using TestExecutionListeners: [org.springframework.test.context.web.ServletTestExecutionListener@3569fc08, org.springframework.test.context.support.DirtiesContextBeforeModesTestExecutionListener@20b12f8a, org.springframework.test.context.event.ApplicationEventsTestExecutionListener@e84a8e1, org.springframework.boot.test.mock.mockito.MockitoTestExecutionListener@2e554a3b, org.springframework.boot.test.autoconfigure.SpringBootDependencyInjectionTestExecutionListener@54a67a45, org.springframework.test.context.support.DirtiesContextTestExecutionListener@7d42c224, org.springframework.test.context.transaction.TransactionalTestExecutionListener@56aaaecd, org.springframework.test.context.jdbc.SqlScriptsTestExecutionListener@522a32b1, org.springframework.test.context.event.EventPublishingTestExecutionListener@35390ee3, org.springframework.boot.test.mock.mockito.ResetMocksTestExecutionListener@5e01a982, org.springframework.boot.test.autoconfigure.restdocs.RestDocsTestExecutionListener@5ddea849, org.springframework.boot.test.autoconfigure.web.client.MockRestServiceServerResetTestExecutionListener@5ee2b6f9, org.springframework.boot.test.autoconfigure.web.servlet.MockMvcPrintOnlyOnFailureTestExecutionListener@23d1e5d0, org.springframework.boot.test.autoconfigure.web.servlet.WebDriverTestExecutionListener@704f1591, org.springframework.boot.test.autoconfigure.webservices.client.MockWebServiceServerTestExecutionListener@58fb7731]
2023-04-12 22:43:52,652 INFO org.springframework.boot.StartupInfoLogger [main] Starting ServiceTest using Java 17.0.4 on MohitSindhpure with PID 7188 (started by hp in G:\Intellije-WorkSpace\Electronicstore)
2023-04-12 22:43:52,654 INFO org.springframework.boot.SpringApplication [main] The following 1 profile is active: "dev"
2023-04-12 22:43:52,673 INFO org.hibernate.validator.internal.util.Version [background-preinit] HV000001: Hibernate Validator 6.2.5.Final
2023-04-12 22:43:53,583 INFO org.springframework.data.repository.config.RepositoryConfigurationDelegate [main] Bootstrapping Spring Data JPA repositories in DEFAULT mode.
2023-04-12 22:43:53,734 INFO org.springframework.data.repository.config.RepositoryConfigurationDelegate [main] Finished Spring Data repository scanning in 126 ms. Found 3 JPA repository interfaces.
2023-04-12 22:43:55,836 INFO org.hibernate.jpa.internal.util.LogHelper [main] HHH000204: Processing PersistenceUnitInfo [name: default]
2023-04-12 22:43:55,900 INFO org.hibernate.Version [main] HHH000412: Hibernate ORM core version 5.6.15.Final
2023-04-12 22:43:55,947 INFO org.hibernate.annotations.common.reflection.java.JavaReflectionManager [main] HCANN000001: Hibernate Commons Annotations {5.1.2.Final}
2023-04-12 22:43:56,147 INFO com.zaxxer.hikari.HikariDataSource [main] HikariPool-1 - Starting...
2023-04-12 22:43:56,560 INFO com.zaxxer.hikari.HikariDataSource [main] HikariPool-1 - Start completed.
2023-04-12 22:43:56,596 INFO org.hibernate.dialect.Dialect [main] HHH000400: Using dialect: org.hibernate.dialect.MySQL8Dialect
2023-04-12 22:43:58,541 INFO org.hibernate.engine.transaction.jta.platform.internal.JtaPlatformInitiator [main] HHH000490: Using JtaPlatform implementation: [org.hibernate.engine.transaction.jta.platform.internal.NoJtaPlatform]
2023-04-12 22:43:58,560 INFO org.springframework.orm.jpa.AbstractEntityManagerFactoryBean [main] Initialized JPA EntityManagerFactory for persistence unit 'default'
2023-04-12 22:43:59,582 WARN org.springframework.boot.autoconfigure.orm.jpa.JpaBaseConfiguration$JpaWebConfiguration [main] spring.jpa.open-in-view is enabled by default. Therefore, database queries may be performed during view rendering. Explicitly configure spring.jpa.open-in-view to disable this warning
2023-04-12 22:44:00,913 INFO org.springframework.boot.StartupInfoLogger [main] Started ServiceTest in 8.618 seconds (JVM running for 11.264)
2023-04-12 22:44:01,081 INFO com.shruteekatech.electronicstore.service.impl.UserServiceimpl [main] Initiating dao call to Save the user data
2023-04-12 22:44:01,094 INFO com.shruteekatech.electronicstore.service.impl.UserServiceimpl [main] Completed dao call to Save the user data
2023-04-12 22:44:01,317 INFO org.springframework.orm.jpa.AbstractEntityManagerFactoryBean [SpringApplicationShutdownHook] Closing JPA EntityManagerFactory for persistence unit 'default'
2023-04-12 22:44:01,319 INFO com.zaxxer.hikari.HikariDataSource [SpringApplicationShutdownHook] HikariPool-1 - Shutdown initiated...
2023-04-12 22:44:01,335 INFO com.zaxxer.hikari.HikariDataSource [SpringApplicationShutdownHook] HikariPool-1 - Shutdown completed.
